#-----------------------------------------------------------
# Vivado v2019.2 (64-bit)
# SW Build 2708876 on Wed Nov  6 21:40:23 MST 2019
# IP Build 2700528 on Thu Nov  7 00:09:20 MST 2019
# Start of session at: Thu Oct 22 21:44:41 2020
# Process ID: 4956
# Current directory: E:/FYP/HLS/MAC_SAP/fyp/solution1/sim/verilog
# Command line: vivado.exe -source open_wave.tcl
# Log file: E:/FYP/HLS/MAC_SAP/fyp/solution1/sim/verilog/vivado.log
# Journal file: E:/FYP/HLS/MAC_SAP/fyp/solution1/sim/verilog\vivado.jou
#-----------------------------------------------------------
start_gui
source open_wave.tcl
# current_fileset
INFO: [IP_Flow 19-234] Refreshing IP repositories
INFO: [IP_Flow 19-1704] No user IP repositories specified
INFO: [IP_Flow 19-2313] Loaded Vivado IP repository 'D:/Xilinx/Vivado/2019.2/data/ip'.
current_fileset: Time (s): cpu = 00:00:10 ; elapsed = 00:00:08 . Memory (MB): peak = 856.160 ; gain = 213.758
# open_wave_database enqueue_dequeue_frame.wdb
open_wave_config E:/FYP/HLS/MAC_SAP/fyp/solution1/sim/verilog/enqueue_dequeue_frame.wcfg
close_sim
INFO: [Simtcl 6-16] Simulation closed
close_project
exit
INFO: [Common 17-206] Exiting Vivado at Thu Oct 22 21:47:20 2020...
