

================================================================
== Vivado HLS Report for 'backoff_vo'
================================================================
* Date:           Thu Nov 19 12:13:14 2020

* Version:        2019.2 (Build 2704478 on Wed Nov 06 22:10:23 MST 2019)
* Project:        fyp
* Solution:       solution1
* Product family: artix7
* Target device:  xc7a35t-cpg236-1


================================================================
== Performance Estimates
================================================================
+ Timing: 
    * Summary: 
    +--------+----------+----------+------------+
    |  Clock |  Target  | Estimated| Uncertainty|
    +--------+----------+----------+------------+
    |ap_clk  | 10.00 ns | 7.180 ns |   1.25 ns  |
    +--------+----------+----------+------------+

+ Latency: 
    * Summary: 
    +---------+---------+-----------+----------+-----+-----+---------+
    |  Latency (cycles) |  Latency (absolute)  |  Interval | Pipeline|
    |   min   |   max   |    min    |    max   | min | max |   Type  |
    +---------+---------+-----------+----------+-----+-----+---------+
    |        1|       38| 10.000 ns | 0.380 us |    1|   38|   none  |
    +---------+---------+-----------+----------+-----+-----+---------+

    + Detail: 
        * Instance: 
        +--------------------------+----------------+---------+---------+----------+----------+-----+-----+---------+
        |                          |                |  Latency (cycles) |  Latency (absolute) |  Interval | Pipeline|
        |         Instance         |     Module     |   min   |   max   |    min   |    max   | min | max |   Type  |
        +--------------------------+----------------+---------+---------+----------+----------+-----+-----+---------+
        |grp_random_int_gen_fu_32  |random_int_gen  |       37|       37| 0.370 us | 0.370 us |   37|   37|   none  |
        +--------------------------+----------------+---------+---------+----------+----------+-----+-----+---------+

        * Loop: 
        N/A



================================================================
== Utilization Estimates
================================================================
* Summary: 
+-----------------+---------+-------+-------+-------+-----+
|       Name      | BRAM_18K| DSP48E|   FF  |  LUT  | URAM|
+-----------------+---------+-------+-------+-------+-----+
|DSP              |        -|      -|      -|      -|    -|
|Expression       |        -|      -|      0|     34|    -|
|FIFO             |        -|      -|      -|      -|    -|
|Instance         |        -|      2|    554|    637|    -|
|Memory           |        -|      -|      -|      -|    -|
|Multiplexer      |        -|      -|      -|     39|    -|
|Register         |        -|      -|      5|      -|    -|
+-----------------+---------+-------+-------+-------+-----+
|Total            |        0|      2|    559|    710|    0|
+-----------------+---------+-------+-------+-------+-----+
|Available        |      100|     90|  41600|  20800|    0|
+-----------------+---------+-------+-------+-------+-----+
|Utilization (%)  |        0|      2|      1|      3|    0|
+-----------------+---------+-------+-------+-------+-----+

+ Detail: 
    * Instance: 
    +--------------------------+----------------+---------+-------+-----+-----+-----+
    |         Instance         |     Module     | BRAM_18K| DSP48E|  FF | LUT | URAM|
    +--------------------------+----------------+---------+-------+-----+-----+-----+
    |grp_random_int_gen_fu_32  |random_int_gen  |        0|      2|  554|  637|    0|
    +--------------------------+----------------+---------+-------+-----+-----+-----+
    |Total                     |                |        0|      2|  554|  637|    0|
    +--------------------------+----------------+---------+-------+-----+-----+-----+

    * DSP48E: 
    N/A

    * Memory: 
    N/A

    * FIFO: 
    N/A

    * Expression: 
    +---------------------------------+----------+-------+---+----+------------+------------+
    |          Variable Name          | Operation| DSP48E| FF| LUT| Bitwidth P0| Bitwidth P1|
    +---------------------------------+----------+-------+---+----+------------+------------+
    |add_ln260_fu_62_p2               |     +    |      0|  0|  17|          10|           2|
    |ap_block_state2_on_subcall_done  |    and   |      0|  0|   2|           1|           1|
    |ap_predicate_op14_call_state2    |    and   |      0|  0|   2|           1|           1|
    |icmp_ln255_fu_56_p2              |   icmp   |      0|  0|  13|          10|           1|
    +---------------------------------+----------+-------+---+----+------------+------------+
    |Total                            |          |      0|  0|  34|          22|           5|
    +---------------------------------+----------+-------+---+----+------------+------------+

    * Multiplexer: 
    +----------------------+----+-----------+-----+-----------+
    |         Name         | LUT| Input Size| Bits| Total Bits|
    +----------------------+----+-----------+-----+-----------+
    |ap_NS_fsm             |  15|          3|    1|          3|
    |rand_state_o          |   9|          2|   32|         64|
    |vo_backoff_counter_o  |  15|          3|   10|         30|
    +----------------------+----+-----------+-----+-----------+
    |Total                 |  39|          8|   43|         97|
    +----------------------+----+-----------+-----+-----------+

    * Register: 
    +---------------------------------------+---+----+-----+-----------+
    |                  Name                 | FF| LUT| Bits| Const Bits|
    +---------------------------------------+---+----+-----+-----------+
    |ap_CS_fsm                              |  2|   0|    2|          0|
    |grp_random_int_gen_fu_32_ap_start_reg  |  1|   0|    1|          0|
    |icmp_ln255_reg_84                      |  1|   0|    1|          0|
    |tmp_reg_80                             |  1|   0|    1|          0|
    +---------------------------------------+---+----+-----+-----------+
    |Total                                  |  5|   0|    5|          0|
    +---------------------------------------+---+----+-----+-----------+



================================================================
== Interface
================================================================
* Summary: 
+-----------------------------+-----+-----+------------+---------------------+--------------+
|          RTL Ports          | Dir | Bits|  Protocol  |    Source Object    |    C Type    |
+-----------------------------+-----+-----+------------+---------------------+--------------+
|ap_clk                       |  in |    1| ap_ctrl_hs |      backoff_vo     | return value |
|ap_rst                       |  in |    1| ap_ctrl_hs |      backoff_vo     | return value |
|ap_start                     |  in |    1| ap_ctrl_hs |      backoff_vo     | return value |
|ap_done                      | out |    1| ap_ctrl_hs |      backoff_vo     | return value |
|ap_idle                      | out |    1| ap_ctrl_hs |      backoff_vo     | return value |
|ap_ready                     | out |    1| ap_ctrl_hs |      backoff_vo     | return value |
|current_txop_holder          | out |    3|   ap_vld   | current_txop_holder |    pointer   |
|current_txop_holder_ap_vld   | out |    1|   ap_vld   | current_txop_holder |    pointer   |
|available_spaces_vo          |  in |    3|   ap_none  | available_spaces_vo |    pointer   |
|vo_backoff_counter_i         |  in |   10|   ap_ovld  |  vo_backoff_counter |    pointer   |
|vo_backoff_counter_o         | out |   10|   ap_ovld  |  vo_backoff_counter |    pointer   |
|vo_backoff_counter_o_ap_vld  | out |    1|   ap_ovld  |  vo_backoff_counter |    pointer   |
|rand_state_i                 |  in |   32|   ap_ovld  |      rand_state     |    pointer   |
|rand_state_o                 | out |   32|   ap_ovld  |      rand_state     |    pointer   |
|rand_state_o_ap_vld          | out |    1|   ap_ovld  |      rand_state     |    pointer   |
+-----------------------------+-----+-----+------------+---------------------+--------------+

============================================================
+ Verbose Summary: Synthesis Manager
============================================================
InlineROM: 1
ExposeGlobal: 0
============================================================
+ Verbose Summary: CDFG Model
============================================================
IsTopModel: 0
ResetActiveHigh: 1
IsCombinational: 2
IsDatapathOnly: 2
HasWiredReturn: 1
HasMFsm: 0
HasVarLatency: 1
IsPipeline: 0
IsRtlPipelined: 0
IsInstanceOverlapped: 0
IsDontTouch: 0
HasImplIP: 0
IsGatedGlobalClock: 0


============================================================
+ Verbose Summary: Schedule
============================================================
* Number of FSM states : 2
* Pipeline : 0
* Dataflow Pipeline: 0

* FSM state transitions: 
1 --> 2 
2 --> 

* FSM state operations: 

State 1 <SV = 0> <Delay = 4.14>
ST_1 : Operation 3 [1/1] (0.00ns)   --->   "%available_spaces_vo_s = load i3* @available_spaces_vo, align 1" [fyp/edca.c:254]   --->   Operation 3 'load' 'available_spaces_vo_s' <Predicate = true> <Delay = 0.00>
ST_1 : Operation 4 [1/1] (0.00ns)   --->   "%tmp = call i1 @_ssdm_op_BitSelect.i1.i3.i32(i3 %available_spaces_vo_s, i32 2)" [fyp/edca.c:254]   --->   Operation 4 'bitselect' 'tmp' <Predicate = true> <Delay = 0.00>
ST_1 : Operation 5 [1/1] (0.00ns)   --->   "br i1 %tmp, label %._crit_edge, label %1" [fyp/edca.c:254]   --->   Operation 5 'br' <Predicate = true> <Delay = 0.00>
ST_1 : Operation 6 [1/1] (0.00ns)   --->   "%vo_backoff_counter_l = load i10* @vo_backoff_counter, align 2" [fyp/edca.c:255]   --->   Operation 6 'load' 'vo_backoff_counter_l' <Predicate = (!tmp)> <Delay = 0.00>
ST_1 : Operation 7 [1/1] (1.70ns)   --->   "%icmp_ln255 = icmp eq i10 %vo_backoff_counter_l, 0" [fyp/edca.c:255]   --->   Operation 7 'icmp' 'icmp_ln255' <Predicate = (!tmp)> <Delay = 1.70> <Core = "Cmp">   --->   Core 25 'Cmp' <Latency = 0> <II = 1> <Delay = 1.70> <FuncUnit> <Opcode : 'icmp'> <InPorts = 2> <OutPorts = 1>
ST_1 : Operation 8 [1/1] (0.00ns)   --->   "br i1 %icmp_ln255, label %2, label %3" [fyp/edca.c:255]   --->   Operation 8 'br' <Predicate = (!tmp)> <Delay = 0.00>
ST_1 : Operation 9 [1/1] (2.12ns)   --->   "%add_ln260 = add i10 %vo_backoff_counter_l, -1" [fyp/edca.c:260]   --->   Operation 9 'add' 'add_ln260' <Predicate = (!tmp & !icmp_ln255)> <Delay = 2.12> <Core = "AddSub">   --->   Core 14 'AddSub' <Latency = 0> <II = 1> <Delay = 2.12> <FuncUnit> <Opcode : 'add' 'sub'> <InPorts = 2> <OutPorts = 1>
ST_1 : Operation 10 [1/1] (1.66ns)   --->   "store i10 %add_ln260, i10* @vo_backoff_counter, align 2" [fyp/edca.c:260]   --->   Operation 10 'store' <Predicate = (!tmp & !icmp_ln255)> <Delay = 1.66>
ST_1 : Operation 11 [1/1] (0.00ns)   --->   "br label %._crit_edge" [fyp/edca.c:261]   --->   Operation 11 'br' <Predicate = (!tmp & !icmp_ln255)> <Delay = 0.00>
ST_1 : Operation 12 [2/2] (4.14ns)   --->   "%tmp_i = call fastcc zeroext i10 @random_int_gen(i10 zeroext 15) nounwind" [fyp/edca.c:328->fyp/edca.c:257]   --->   Operation 12 'call' 'tmp_i' <Predicate = (!tmp & icmp_ln255)> <Delay = 4.14> <CoreType = "Generic">   --->   Core 0 '' <Latency = 0> <II = 1> <Delay = 1.00> <Generic> <Opcode : >

State 2 <SV = 1> <Delay = 5.81>
ST_2 : Operation 13 [1/1] (0.00ns)   --->   "call void @_ssdm_op_Write.ap_auto.i3P(i3* %current_txop_holder, i3 -4) nounwind" [fyp/edca.c:256]   --->   Operation 13 'write' <Predicate = (!tmp & icmp_ln255)> <Delay = 0.00>
ST_2 : Operation 14 [1/2] (4.14ns)   --->   "%tmp_i = call fastcc zeroext i10 @random_int_gen(i10 zeroext 15) nounwind" [fyp/edca.c:328->fyp/edca.c:257]   --->   Operation 14 'call' 'tmp_i' <Predicate = (!tmp & icmp_ln255)> <Delay = 4.14> <CoreType = "Generic">   --->   Core 0 '' <Latency = 0> <II = 1> <Delay = 1.00> <Generic> <Opcode : >
ST_2 : Operation 15 [1/1] (1.66ns)   --->   "store i10 %tmp_i, i10* @vo_backoff_counter, align 2" [fyp/edca.c:328->fyp/edca.c:257]   --->   Operation 15 'store' <Predicate = (!tmp & icmp_ln255)> <Delay = 1.66>
ST_2 : Operation 16 [1/1] (0.00ns)   --->   "br label %._crit_edge" [fyp/edca.c:258]   --->   Operation 16 'br' <Predicate = (!tmp & icmp_ln255)> <Delay = 0.00>
ST_2 : Operation 17 [1/1] (0.00ns)   --->   "ret void" [fyp/edca.c:264]   --->   Operation 17 'ret' <Predicate = true> <Delay = 0.00>


============================================================
+ Verbose Summary: Binding
============================================================
STG Binding: 
---------------- STG Properties BEGIN ----------------
- Is combinational: 0
- Is one-state seq: 0
- Is datapath-only: 0
- Is pipelined: 0
- Is top level: 0
Port [ Return ] is wired: 1; IO mode=ap_ctrl_hs:ce=0
Port [ current_txop_holder]:  wired=1; compound=0; hidden=0; nouse=0; global=0; static=0; extern=0; dir=1; type=0; pingpong=0; private_global=0; IO mode=ap_vld:ce=0
Port [ available_spaces_vo]:  wired=1; compound=0; hidden=0; nouse=0; global=1; static=1; extern=0; dir=0; type=0; pingpong=0; private_global=0; linkage=7; visibility=0; IO mode=ap_none:ce=0
Port [ vo_backoff_counter]:  wired=1; compound=0; hidden=0; nouse=0; global=1; static=1; extern=0; dir=2; type=0; pingpong=0; private_global=0; linkage=7; visibility=0; IO mode=ap_ovld:ce=0
Port [ rand_state]:  wired=1; compound=0; hidden=0; nouse=0; global=1; static=1; extern=0; dir=2; type=0; pingpong=0; private_global=0; linkage=7; visibility=0; IO mode=ap_ovld:ce=0
---------------- STG Properties END ------------------

---------------- Datapath Model BEGIN ----------------

<LifeTime>
<method=bitvector/>
available_spaces_vo_s (load     ) [ 000]
tmp                   (bitselect) [ 011]
br_ln254              (br       ) [ 000]
vo_backoff_counter_l  (load     ) [ 000]
icmp_ln255            (icmp     ) [ 011]
br_ln255              (br       ) [ 000]
add_ln260             (add      ) [ 000]
store_ln260           (store    ) [ 000]
br_ln261              (br       ) [ 000]
write_ln256           (write    ) [ 000]
tmp_i                 (call     ) [ 000]
store_ln328           (store    ) [ 000]
br_ln258              (br       ) [ 000]
ret_ln264             (ret      ) [ 000]
</LifeTime>

<model>

<comp_list>
<comp id="0" class="1000" name="current_txop_holder">
<pin_list>
<pin id="1" dir="1" index="0" bw="1" slack="0"/>
</pin_list>
<bind>
<StgValue><ssdm name="current_txop_holder"/></StgValue>
</bind>
</comp>

<comp id="2" class="1000" name="available_spaces_vo">
<pin_list>
<pin id="3" dir="1" index="0" bw="1" slack="0"/>
</pin_list>
<bind>
<StgValue><ssdm name="available_spaces_vo"/></StgValue>
</bind>
</comp>

<comp id="4" class="1000" name="vo_backoff_counter">
<pin_list>
<pin id="5" dir="1" index="0" bw="1" slack="0"/>
</pin_list>
<bind>
<StgValue><ssdm name="vo_backoff_counter"/></StgValue>
</bind>
</comp>

<comp id="6" class="1000" name="rand_state">
<pin_list>
<pin id="7" dir="1" index="0" bw="1" slack="0"/>
</pin_list>
<bind>
<StgValue><ssdm name="rand_state"/></StgValue>
</bind>
</comp>

<comp id="8" class="1001" name="const_8">
<pin_list>
<pin id="9" dir="1" index="0" bw="1" slack="0"/>
</pin_list>
<bind>
<StgValue><ssdm name="_ssdm_op_BitSelect.i1.i3.i32"/></StgValue>
</bind>
</comp>

<comp id="10" class="1001" name="const_10">
<pin_list>
<pin id="11" dir="1" index="0" bw="1" slack="0"/>
</pin_list>
<bind>
<StgValue><ssdm name=""/></StgValue>
</bind>
</comp>

<comp id="12" class="1001" name="const_12">
<pin_list>
<pin id="13" dir="1" index="0" bw="1" slack="0"/>
</pin_list>
<bind>
<StgValue><ssdm name=""/></StgValue>
</bind>
</comp>

<comp id="14" class="1001" name="const_14">
<pin_list>
<pin id="15" dir="1" index="0" bw="1" slack="0"/>
</pin_list>
<bind>
<StgValue><ssdm name=""/></StgValue>
</bind>
</comp>

<comp id="16" class="1001" name="const_16">
<pin_list>
<pin id="17" dir="1" index="0" bw="1" slack="0"/>
</pin_list>
<bind>
<StgValue><ssdm name="random_int_gen"/></StgValue>
</bind>
</comp>

<comp id="18" class="1001" name="const_18">
<pin_list>
<pin id="19" dir="1" index="0" bw="1" slack="0"/>
</pin_list>
<bind>
<StgValue><ssdm name=""/></StgValue>
</bind>
</comp>

<comp id="20" class="1001" name="const_20">
<pin_list>
<pin id="21" dir="1" index="0" bw="1" slack="0"/>
</pin_list>
<bind>
<StgValue><ssdm name="_ssdm_op_Write.ap_auto.i3P"/></StgValue>
</bind>
</comp>

<comp id="22" class="1001" name="const_22">
<pin_list>
<pin id="23" dir="1" index="0" bw="1" slack="0"/>
</pin_list>
<bind>
<StgValue><ssdm name=""/></StgValue>
</bind>
</comp>

<comp id="24" class="1004" name="write_ln256_write_fu_24">
<pin_list>
<pin id="25" dir="0" index="0" bw="0" slack="0"/>
<pin id="26" dir="0" index="1" bw="3" slack="0"/>
<pin id="27" dir="0" index="2" bw="3" slack="0"/>
<pin id="28" dir="1" index="3" bw="0" slack="2147483647"/>
</pin_list>
<bind>
<opcode="write(1151) " fcode="write"/>
<opset="write_ln256/2 "/>
</bind>
</comp>

<comp id="32" class="1004" name="grp_random_int_gen_fu_32">
<pin_list>
<pin id="33" dir="0" index="0" bw="10" slack="0"/>
<pin id="34" dir="0" index="1" bw="5" slack="0"/>
<pin id="35" dir="0" index="2" bw="32" slack="0"/>
<pin id="36" dir="1" index="3" bw="10" slack="0"/>
</pin_list>
<bind>
<opcode="call(48) " fcode="call"/>
<opset="tmp_i/1 "/>
</bind>
</comp>

<comp id="40" class="1004" name="available_spaces_vo_s_load_fu_40">
<pin_list>
<pin id="41" dir="0" index="0" bw="3" slack="0"/>
<pin id="42" dir="1" index="1" bw="3" slack="0"/>
</pin_list>
<bind>
<opcode="load(27) " fcode="load"/>
<opset="available_spaces_vo_s/1 "/>
</bind>
</comp>

<comp id="44" class="1004" name="tmp_fu_44">
<pin_list>
<pin id="45" dir="0" index="0" bw="1" slack="0"/>
<pin id="46" dir="0" index="1" bw="3" slack="0"/>
<pin id="47" dir="0" index="2" bw="3" slack="0"/>
<pin id="48" dir="1" index="3" bw="1" slack="1"/>
</pin_list>
<bind>
<opcode="bitselect(1000) " fcode="bitselect"/>
<opset="tmp/1 "/>
</bind>
</comp>

<comp id="52" class="1004" name="vo_backoff_counter_l_load_fu_52">
<pin_list>
<pin id="53" dir="0" index="0" bw="10" slack="0"/>
<pin id="54" dir="1" index="1" bw="10" slack="0"/>
</pin_list>
<bind>
<opcode="load(27) " fcode="load"/>
<opset="vo_backoff_counter_l/1 "/>
</bind>
</comp>

<comp id="56" class="1004" name="icmp_ln255_fu_56">
<pin_list>
<pin id="57" dir="0" index="0" bw="10" slack="0"/>
<pin id="58" dir="0" index="1" bw="10" slack="0"/>
<pin id="59" dir="1" index="2" bw="1" slack="1"/>
</pin_list>
<bind>
<opcode="icmp(45) " fcode="icmp"/>
<opset="icmp_ln255/1 "/>
</bind>
</comp>

<comp id="62" class="1004" name="add_ln260_fu_62">
<pin_list>
<pin id="63" dir="0" index="0" bw="10" slack="0"/>
<pin id="64" dir="0" index="1" bw="1" slack="0"/>
<pin id="65" dir="1" index="2" bw="10" slack="0"/>
</pin_list>
<bind>
<opcode="add(8) " fcode="add"/>
<opset="add_ln260/1 "/>
</bind>
</comp>

<comp id="68" class="1004" name="store_ln260_store_fu_68">
<pin_list>
<pin id="69" dir="0" index="0" bw="10" slack="0"/>
<pin id="70" dir="0" index="1" bw="10" slack="0"/>
<pin id="71" dir="1" index="2" bw="0" slack="2147483647"/>
</pin_list>
<bind>
<opcode="store(28) " fcode="store"/>
<opset="store_ln260/1 "/>
</bind>
</comp>

<comp id="74" class="1004" name="store_ln328_store_fu_74">
<pin_list>
<pin id="75" dir="0" index="0" bw="10" slack="0"/>
<pin id="76" dir="0" index="1" bw="10" slack="0"/>
<pin id="77" dir="1" index="2" bw="0" slack="2147483647"/>
</pin_list>
<bind>
<opcode="store(28) " fcode="store"/>
<opset="store_ln328/2 "/>
</bind>
</comp>

<comp id="80" class="1005" name="tmp_reg_80">
<pin_list>
<pin id="81" dir="0" index="0" bw="1" slack="1"/>
<pin id="82" dir="1" index="1" bw="1" slack="2147483647"/>
</pin_list>
<bind>
<opset="tmp "/>
</bind>
</comp>

<comp id="84" class="1005" name="icmp_ln255_reg_84">
<pin_list>
<pin id="85" dir="0" index="0" bw="1" slack="1"/>
<pin id="86" dir="1" index="1" bw="1" slack="2147483647"/>
</pin_list>
<bind>
<opset="icmp_ln255 "/>
</bind>
</comp>

</comp_list>

<net_list>
<net id="29"><net_src comp="20" pin="0"/><net_sink comp="24" pin=0"/></net>

<net id="30"><net_src comp="0" pin="0"/><net_sink comp="24" pin=1"/></net>

<net id="31"><net_src comp="22" pin="0"/><net_sink comp="24" pin=2"/></net>

<net id="37"><net_src comp="16" pin="0"/><net_sink comp="32" pin=0"/></net>

<net id="38"><net_src comp="18" pin="0"/><net_sink comp="32" pin=1"/></net>

<net id="39"><net_src comp="6" pin="0"/><net_sink comp="32" pin=2"/></net>

<net id="43"><net_src comp="2" pin="0"/><net_sink comp="40" pin=0"/></net>

<net id="49"><net_src comp="8" pin="0"/><net_sink comp="44" pin=0"/></net>

<net id="50"><net_src comp="40" pin="1"/><net_sink comp="44" pin=1"/></net>

<net id="51"><net_src comp="10" pin="0"/><net_sink comp="44" pin=2"/></net>

<net id="55"><net_src comp="4" pin="0"/><net_sink comp="52" pin=0"/></net>

<net id="60"><net_src comp="52" pin="1"/><net_sink comp="56" pin=0"/></net>

<net id="61"><net_src comp="12" pin="0"/><net_sink comp="56" pin=1"/></net>

<net id="66"><net_src comp="52" pin="1"/><net_sink comp="62" pin=0"/></net>

<net id="67"><net_src comp="14" pin="0"/><net_sink comp="62" pin=1"/></net>

<net id="72"><net_src comp="62" pin="2"/><net_sink comp="68" pin=0"/></net>

<net id="73"><net_src comp="4" pin="0"/><net_sink comp="68" pin=1"/></net>

<net id="78"><net_src comp="32" pin="3"/><net_sink comp="74" pin=0"/></net>

<net id="79"><net_src comp="4" pin="0"/><net_sink comp="74" pin=1"/></net>

<net id="83"><net_src comp="44" pin="3"/><net_sink comp="80" pin=0"/></net>

<net id="87"><net_src comp="56" pin="2"/><net_sink comp="84" pin=0"/></net>

</net_list>

</model> 
---------------- Datapath Model END ------------------

* FSMD analyzer results:
  - Output states:
	Port: current_txop_holder | {2 }
	Port: available_spaces_vo | {}
	Port: vo_backoff_counter | {1 2 }
	Port: rand_state | {1 2 }
 - Input state : 
	Port: backoff_vo : current_txop_holder | {}
	Port: backoff_vo : available_spaces_vo | {1 }
	Port: backoff_vo : vo_backoff_counter | {1 }
	Port: backoff_vo : rand_state | {1 2 }
  - Chain level:
	State 1
		tmp : 1
		br_ln254 : 2
		icmp_ln255 : 1
		br_ln255 : 2
		add_ln260 : 1
		store_ln260 : 2
	State 2
		store_ln328 : 1


============================================================
+ Verbose Summary: Datapath Resource usage 
============================================================

* Functional unit list:
|----------|--------------------------|---------|---------|---------|---------|
| Operation|      Functional Unit     |  DSP48E |  Delay  |    FF   |   LUT   |
|----------|--------------------------|---------|---------|---------|---------|
|   call   | grp_random_int_gen_fu_32 |    2    |  3.328  |   570   |   398   |
|----------|--------------------------|---------|---------|---------|---------|
|    add   |      add_ln260_fu_62     |    0    |    0    |    0    |    17   |
|----------|--------------------------|---------|---------|---------|---------|
|   icmp   |     icmp_ln255_fu_56     |    0    |    0    |    0    |    13   |
|----------|--------------------------|---------|---------|---------|---------|
|   write  |  write_ln256_write_fu_24 |    0    |    0    |    0    |    0    |
|----------|--------------------------|---------|---------|---------|---------|
| bitselect|         tmp_fu_44        |    0    |    0    |    0    |    0    |
|----------|--------------------------|---------|---------|---------|---------|
|   Total  |                          |    2    |  3.328  |   570   |   428   |
|----------|--------------------------|---------|---------|---------|---------|

Memories:
N/A

* Register list:
+-----------------+--------+
|                 |   FF   |
+-----------------+--------+
|icmp_ln255_reg_84|    1   |
|    tmp_reg_80   |    1   |
+-----------------+--------+
|      Total      |    2   |
+-----------------+--------+

* Multiplexer (MUX) list: 
|--------|------|------|------|--------|
|  Comp  |  Pin | Size |  BW  | S x BW |
|--------|------|------|------|--------|
|  Total |      |      |      |    0   |
|--------|------|------|------|--------|



* Summary:
+-----------+--------+--------+--------+--------+
|           | DSP48E |  Delay |   FF   |   LUT  |
+-----------+--------+--------+--------+--------+
|  Function |    2   |    3   |   570  |   428  |
|   Memory  |    -   |    -   |    -   |    -   |
|Multiplexer|    -   |    -   |    -   |    -   |
|  Register |    -   |    -   |    2   |    -   |
+-----------+--------+--------+--------+--------+
|   Total   |    2   |    3   |   572  |   428  |
+-----------+--------+--------+--------+--------+
