

================================================================
== Vivado HLS Report for 'initial_edca_process'
================================================================
* Date:           Thu Nov 19 12:13:07 2020

* Version:        2019.2 (Build 2704478 on Wed Nov 06 22:10:23 MST 2019)
* Project:        fyp
* Solution:       solution1
* Product family: artix7
* Target device:  xc7a35t-cpg236-1


================================================================
== Performance Estimates
================================================================
+ Timing: 
    * Summary: 
    +--------+----------+----------+------------+
    |  Clock |  Target  | Estimated| Uncertainty|
    +--------+----------+----------+------------+
    |ap_clk  | 10.00 ns | 8.017 ns |   1.25 ns  |
    +--------+----------+----------+------------+

+ Latency: 
    * Summary: 
    +---------+---------+----------+----------+-----+-----+---------+
    |  Latency (cycles) |  Latency (absolute) |  Interval | Pipeline|
    |   min   |   max   |    min   |    max   | min | max |   Type  |
    +---------+---------+----------+----------+-----+-----+---------+
    |        ?|        ?|         ?|         ?|    ?|    ?|   none  |
    +---------+---------+----------+----------+-----+-----+---------+

    + Detail: 
        * Instance: 
        +---------------------------------+----------------------+---------+---------+-----------+----------+-----+-----+---------+
        |                                 |                      |  Latency (cycles) |  Latency (absolute)  |  Interval | Pipeline|
        |             Instance            |        Module        |   min   |   max   |    min    |    max   | min | max |   Type  |
        +---------------------------------+----------------------+---------+---------+-----------+----------+-----+-----+---------+
        |grp_start_tx_fu_119              |start_tx              |        2|      203| 20.000 ns | 2.030 us |    2|  203|   none  |
        |grp_backoff_vo_fu_153            |backoff_vo            |        1|       38| 10.000 ns | 0.380 us |    1|   38|   none  |
        |grp_start_backoff_vi_fu_165      |start_backoff_vi      |       38|       38|  0.380 us | 0.380 us |   38|   38|   none  |
        |grp_start_backoff_be_fu_178      |start_backoff_be      |       38|       38|  0.380 us | 0.380 us |   38|   38|   none  |
        |grp_start_backoff_bk_fu_191      |start_backoff_bk      |       38|       38|  0.380 us | 0.380 us |   38|   38|   none  |
        |grp_slot_boundary_timing_fu_204  |slot_boundary_timing  |        ?|        ?|          ?|         ?|    ?|    ?|   none  |
        +---------------------------------+----------------------+---------+---------+-----------+----------+-----+-----+---------+

        * Loop: 
        +----------+---------+---------+----------+-----------+-----------+------+----------+
        |          |  Latency (cycles) | Iteration|  Initiation Interval  | Trip |          |
        | Loop Name|   min   |   max   |  Latency |  achieved |   target  | Count| Pipelined|
        +----------+---------+---------+----------+-----------+-----------+------+----------+
        |- Loop 1  |        ?|        ?|         ?|          -|          -|     ?|    no    |
        +----------+---------+---------+----------+-----------+-----------+------+----------+

============================================================
+ Verbose Summary: Synthesis Manager
============================================================
InlineROM: 1
ExposeGlobal: 0
============================================================
+ Verbose Summary: CDFG Model
============================================================
IsTopModel: 0
ResetActiveHigh: 1
IsCombinational: 0
IsDatapathOnly: 0
HasWiredReturn: 1
HasMFsm: 0
HasVarLatency: 1
IsPipeline: 0
IsRtlPipelined: 0
IsInstanceOverlapped: 0
IsDontTouch: 0
HasImplIP: 0
IsGatedGlobalClock: 0


============================================================
+ Verbose Summary: Schedule
============================================================
* Number of FSM states : 17
* Pipeline : 0
* Dataflow Pipeline: 0

* FSM state transitions: 
1 --> 2 
2 --> 3 
3 --> 4 
4 --> 5 17 
5 --> 6 
6 --> 8 7 9 
7 --> 8 
8 --> 11 10 12 
9 --> 8 
10 --> 11 
11 --> 14 13 15 
12 --> 11 
13 --> 14 
14 --> 16 17 
15 --> 14 
16 --> 4 
17 --> 

* FSM state operations: 

State 1 <SV = 0> <Delay = 4.69>
ST_1 : Operation 18 [2/2] (4.69ns)   --->   "%idle_waited = call fastcc i1 @slot_boundary_timing(i3 -4, i1* %medium_state)" [fyp/initial_edca_proc.c:6]   --->   Operation 18 'call' 'idle_waited' <Predicate = true> <Delay = 4.69> <CoreType = "Generic">   --->   Core 0 '' <Latency = 0> <II = 1> <Delay = 1.00> <Generic> <Opcode : >

State 2 <SV = 1> <Delay = 8.01>
ST_2 : Operation 19 [1/2] (8.01ns)   --->   "%idle_waited = call fastcc i1 @slot_boundary_timing(i3 -4, i1* %medium_state)" [fyp/initial_edca_proc.c:6]   --->   Operation 19 'call' 'idle_waited' <Predicate = true> <Delay = 8.01> <CoreType = "Generic">   --->   Core 0 '' <Latency = 0> <II = 1> <Delay = 1.00> <Generic> <Opcode : >

State 3 <SV = 2> <Delay = 1.66>
ST_3 : Operation 20 [1/1] (1.66ns)   --->   "br label %1" [fyp/initial_edca_proc.c:7]   --->   Operation 20 'br' <Predicate = true> <Delay = 1.66>

State 4 <SV = 3> <Delay = 0.00>
ST_4 : Operation 21 [1/1] (0.00ns)   --->   "%idle_waited_0 = phi i1 [ %idle_waited, %0 ], [ %idle_waited_2, %19 ]"   --->   Operation 21 'phi' 'idle_waited_0' <Predicate = true> <Delay = 0.00>
ST_4 : Operation 22 [1/1] (0.00ns)   --->   "br i1 %idle_waited_0, label %2, label %.loopexit.loopexit" [fyp/initial_edca_proc.c:7]   --->   Operation 22 'br' <Predicate = true> <Delay = 0.00>
ST_4 : Operation 23 [2/2] (0.00ns)   --->   "call fastcc void @backoff_vo(i3* %current_txop_holder) nounwind" [fyp/initial_edca_proc.c:8]   --->   Operation 23 'call' <Predicate = (idle_waited_0)> <Delay = 0.00> <CoreType = "Generic">   --->   Core 0 '' <Latency = 0> <II = 1> <Delay = 1.00> <Generic> <Opcode : >
ST_4 : Operation 24 [1/1] (0.00ns)   --->   "br label %.loopexit"   --->   Operation 24 'br' <Predicate = (!idle_waited_0)> <Delay = 0.00>

State 5 <SV = 4> <Delay = 0.00>
ST_5 : Operation 25 [1/2] (0.00ns)   --->   "call fastcc void @backoff_vo(i3* %current_txop_holder) nounwind" [fyp/initial_edca_proc.c:8]   --->   Operation 25 'call' <Predicate = true> <Delay = 0.00> <CoreType = "Generic">   --->   Core 0 '' <Latency = 0> <II = 1> <Delay = 1.00> <Generic> <Opcode : >

State 6 <SV = 5> <Delay = 2.12>
ST_6 : Operation 26 [1/1] (0.00ns)   --->   "%current_txop_holder_s = call i3 @_ssdm_op_Read.ap_auto.i3P(i3* %current_txop_holder)" [fyp/initial_edca_proc.c:9]   --->   Operation 26 'read' 'current_txop_holder_s' <Predicate = true> <Delay = 0.00>
ST_6 : Operation 27 [1/1] (0.00ns)   --->   "%available_spaces_vi_s = load i3* @available_spaces_vi, align 1" [fyp/edca.c:267->fyp/initial_edca_proc.c:9]   --->   Operation 27 'load' 'available_spaces_vi_s' <Predicate = true> <Delay = 0.00>
ST_6 : Operation 28 [1/1] (0.00ns)   --->   "%tmp = call i1 @_ssdm_op_BitSelect.i1.i3.i32(i3 %available_spaces_vi_s, i32 2)" [fyp/edca.c:267->fyp/initial_edca_proc.c:9]   --->   Operation 28 'bitselect' 'tmp' <Predicate = true> <Delay = 0.00>
ST_6 : Operation 29 [1/1] (0.00ns)   --->   "br i1 %tmp, label %backoff_vi.exit, label %3" [fyp/edca.c:267->fyp/initial_edca_proc.c:9]   --->   Operation 29 'br' <Predicate = true> <Delay = 0.00>
ST_6 : Operation 30 [1/1] (0.00ns)   --->   "%vi_backoff_counter_l = load i10* @vi_backoff_counter, align 2" [fyp/edca.c:268->fyp/initial_edca_proc.c:9]   --->   Operation 30 'load' 'vi_backoff_counter_l' <Predicate = (!tmp)> <Delay = 0.00>
ST_6 : Operation 31 [1/1] (1.70ns)   --->   "%icmp_ln268 = icmp eq i10 %vi_backoff_counter_l, 0" [fyp/edca.c:268->fyp/initial_edca_proc.c:9]   --->   Operation 31 'icmp' 'icmp_ln268' <Predicate = (!tmp)> <Delay = 1.70> <Core = "Cmp">   --->   Core 25 'Cmp' <Latency = 0> <II = 1> <Delay = 1.70> <FuncUnit> <Opcode : 'icmp'> <InPorts = 2> <OutPorts = 1>
ST_6 : Operation 32 [1/1] (0.00ns)   --->   "br i1 %icmp_ln268, label %4, label %7" [fyp/edca.c:268->fyp/initial_edca_proc.c:9]   --->   Operation 32 'br' <Predicate = (!tmp)> <Delay = 0.00>
ST_6 : Operation 33 [1/1] (2.12ns)   --->   "%add_ln278 = add i10 %vi_backoff_counter_l, -1" [fyp/edca.c:278->fyp/initial_edca_proc.c:9]   --->   Operation 33 'add' 'add_ln278' <Predicate = (!tmp & !icmp_ln268)> <Delay = 2.12> <Core = "AddSub">   --->   Core 14 'AddSub' <Latency = 0> <II = 1> <Delay = 2.12> <FuncUnit> <Opcode : 'add' 'sub'> <InPorts = 2> <OutPorts = 1>
ST_6 : Operation 34 [1/1] (0.00ns)   --->   "store i10 %add_ln278, i10* @vi_backoff_counter, align 2" [fyp/edca.c:278->fyp/initial_edca_proc.c:9]   --->   Operation 34 'store' <Predicate = (!tmp & !icmp_ln268)> <Delay = 0.00>
ST_6 : Operation 35 [1/1] (0.00ns)   --->   "br label %backoff_vi.exit" [fyp/edca.c:279->fyp/initial_edca_proc.c:9]   --->   Operation 35 'br' <Predicate = (!tmp & !icmp_ln268)> <Delay = 0.00>
ST_6 : Operation 36 [1/1] (1.18ns)   --->   "%icmp_ln269 = icmp ult i3 %current_txop_holder_s, 3" [fyp/edca.c:269->fyp/initial_edca_proc.c:9]   --->   Operation 36 'icmp' 'icmp_ln269' <Predicate = (!tmp & icmp_ln268)> <Delay = 1.18> <Core = "Cmp">   --->   Core 25 'Cmp' <Latency = 0> <II = 1> <Delay = 1.70> <FuncUnit> <Opcode : 'icmp'> <InPorts = 2> <OutPorts = 1>
ST_6 : Operation 37 [1/1] (0.00ns)   --->   "br i1 %icmp_ln269, label %5, label %6" [fyp/edca.c:269->fyp/initial_edca_proc.c:9]   --->   Operation 37 'br' <Predicate = (!tmp & icmp_ln268)> <Delay = 0.00>

State 7 <SV = 6> <Delay = 1.66>
ST_7 : Operation 38 [2/2] (1.66ns)   --->   "call fastcc void @start_backoff_vi(i1 zeroext true) nounwind" [fyp/edca.c:274->fyp/initial_edca_proc.c:9]   --->   Operation 38 'call' <Predicate = true> <Delay = 1.66> <CoreType = "Generic">   --->   Core 0 '' <Latency = 0> <II = 1> <Delay = 1.00> <Generic> <Opcode : >

State 8 <SV = 7> <Delay = 2.12>
ST_8 : Operation 39 [1/2] (0.00ns)   --->   "call fastcc void @start_backoff_vi(i1 zeroext true) nounwind" [fyp/edca.c:274->fyp/initial_edca_proc.c:9]   --->   Operation 39 'call' <Predicate = (!tmp & icmp_ln268 & !icmp_ln269)> <Delay = 0.00> <CoreType = "Generic">   --->   Core 0 '' <Latency = 0> <II = 1> <Delay = 1.00> <Generic> <Opcode : >
ST_8 : Operation 40 [1/1] (0.00ns)   --->   "br label %backoff_vi.exit" [fyp/edca.c:275->fyp/initial_edca_proc.c:9]   --->   Operation 40 'br' <Predicate = (!tmp & icmp_ln268 & !icmp_ln269)> <Delay = 0.00>
ST_8 : Operation 41 [1/2] (0.00ns)   --->   "call fastcc void @start_backoff_vi(i1 zeroext false) nounwind" [fyp/edca.c:271->fyp/initial_edca_proc.c:9]   --->   Operation 41 'call' <Predicate = (!tmp & icmp_ln268 & icmp_ln269)> <Delay = 0.00> <CoreType = "Generic">   --->   Core 0 '' <Latency = 0> <II = 1> <Delay = 1.00> <Generic> <Opcode : >
ST_8 : Operation 42 [1/1] (0.00ns)   --->   "br label %backoff_vi.exit" [fyp/edca.c:272->fyp/initial_edca_proc.c:9]   --->   Operation 42 'br' <Predicate = (!tmp & icmp_ln268 & icmp_ln269)> <Delay = 0.00>
ST_8 : Operation 43 [1/1] (0.00ns)   --->   "%current_txop_holder_4 = call i3 @_ssdm_op_Read.ap_auto.i3P(i3* %current_txop_holder)" [fyp/initial_edca_proc.c:10]   --->   Operation 43 'read' 'current_txop_holder_4' <Predicate = true> <Delay = 0.00>
ST_8 : Operation 44 [1/1] (0.00ns)   --->   "%available_spaces_be_s = load i3* @available_spaces_be, align 1" [fyp/edca.c:285->fyp/initial_edca_proc.c:10]   --->   Operation 44 'load' 'available_spaces_be_s' <Predicate = true> <Delay = 0.00>
ST_8 : Operation 45 [1/1] (0.00ns)   --->   "%tmp_7 = call i1 @_ssdm_op_BitSelect.i1.i3.i32(i3 %available_spaces_be_s, i32 2)" [fyp/edca.c:285->fyp/initial_edca_proc.c:10]   --->   Operation 45 'bitselect' 'tmp_7' <Predicate = true> <Delay = 0.00>
ST_8 : Operation 46 [1/1] (0.00ns)   --->   "br i1 %tmp_7, label %backoff_be.exit, label %8" [fyp/edca.c:285->fyp/initial_edca_proc.c:10]   --->   Operation 46 'br' <Predicate = true> <Delay = 0.00>
ST_8 : Operation 47 [1/1] (0.00ns)   --->   "%be_backoff_counter_l = load i10* @be_backoff_counter, align 2" [fyp/edca.c:286->fyp/initial_edca_proc.c:10]   --->   Operation 47 'load' 'be_backoff_counter_l' <Predicate = (!tmp_7)> <Delay = 0.00>
ST_8 : Operation 48 [1/1] (1.70ns)   --->   "%icmp_ln286 = icmp eq i10 %be_backoff_counter_l, 0" [fyp/edca.c:286->fyp/initial_edca_proc.c:10]   --->   Operation 48 'icmp' 'icmp_ln286' <Predicate = (!tmp_7)> <Delay = 1.70> <Core = "Cmp">   --->   Core 25 'Cmp' <Latency = 0> <II = 1> <Delay = 1.70> <FuncUnit> <Opcode : 'icmp'> <InPorts = 2> <OutPorts = 1>
ST_8 : Operation 49 [1/1] (0.00ns)   --->   "br i1 %icmp_ln286, label %9, label %12" [fyp/edca.c:286->fyp/initial_edca_proc.c:10]   --->   Operation 49 'br' <Predicate = (!tmp_7)> <Delay = 0.00>
ST_8 : Operation 50 [1/1] (2.12ns)   --->   "%add_ln296 = add i10 %be_backoff_counter_l, -1" [fyp/edca.c:296->fyp/initial_edca_proc.c:10]   --->   Operation 50 'add' 'add_ln296' <Predicate = (!tmp_7 & !icmp_ln286)> <Delay = 2.12> <Core = "AddSub">   --->   Core 14 'AddSub' <Latency = 0> <II = 1> <Delay = 2.12> <FuncUnit> <Opcode : 'add' 'sub'> <InPorts = 2> <OutPorts = 1>
ST_8 : Operation 51 [1/1] (0.00ns)   --->   "store i10 %add_ln296, i10* @be_backoff_counter, align 2" [fyp/edca.c:296->fyp/initial_edca_proc.c:10]   --->   Operation 51 'store' <Predicate = (!tmp_7 & !icmp_ln286)> <Delay = 0.00>
ST_8 : Operation 52 [1/1] (0.00ns)   --->   "br label %backoff_be.exit" [fyp/edca.c:297->fyp/initial_edca_proc.c:10]   --->   Operation 52 'br' <Predicate = (!tmp_7 & !icmp_ln286)> <Delay = 0.00>
ST_8 : Operation 53 [1/1] (0.00ns)   --->   "%tmp_8 = call i2 @_ssdm_op_PartSelect.i2.i3.i32.i32(i3 %current_txop_holder_4, i32 1, i32 2)" [fyp/edca.c:287->fyp/initial_edca_proc.c:10]   --->   Operation 53 'partselect' 'tmp_8' <Predicate = (!tmp_7 & icmp_ln286)> <Delay = 0.00>
ST_8 : Operation 54 [1/1] (0.93ns)   --->   "%icmp_ln287 = icmp eq i2 %tmp_8, 0" [fyp/edca.c:287->fyp/initial_edca_proc.c:10]   --->   Operation 54 'icmp' 'icmp_ln287' <Predicate = (!tmp_7 & icmp_ln286)> <Delay = 0.93> <Core = "Cmp">   --->   Core 25 'Cmp' <Latency = 0> <II = 1> <Delay = 1.70> <FuncUnit> <Opcode : 'icmp'> <InPorts = 2> <OutPorts = 1>
ST_8 : Operation 55 [1/1] (0.00ns)   --->   "br i1 %icmp_ln287, label %10, label %11" [fyp/edca.c:287->fyp/initial_edca_proc.c:10]   --->   Operation 55 'br' <Predicate = (!tmp_7 & icmp_ln286)> <Delay = 0.00>

State 9 <SV = 6> <Delay = 1.66>
ST_9 : Operation 56 [1/1] (0.00ns)   --->   "call void @_ssdm_op_Write.ap_auto.i3P(i3* %current_txop_holder, i3 3)" [fyp/edca.c:270->fyp/initial_edca_proc.c:9]   --->   Operation 56 'write' <Predicate = true> <Delay = 0.00>
ST_9 : Operation 57 [2/2] (1.66ns)   --->   "call fastcc void @start_backoff_vi(i1 zeroext false) nounwind" [fyp/edca.c:271->fyp/initial_edca_proc.c:9]   --->   Operation 57 'call' <Predicate = true> <Delay = 1.66> <CoreType = "Generic">   --->   Core 0 '' <Latency = 0> <II = 1> <Delay = 1.00> <Generic> <Opcode : >

State 10 <SV = 8> <Delay = 1.66>
ST_10 : Operation 58 [2/2] (1.66ns)   --->   "call fastcc void @start_backoff_be(i1 zeroext true) nounwind" [fyp/edca.c:292->fyp/initial_edca_proc.c:10]   --->   Operation 58 'call' <Predicate = true> <Delay = 1.66> <CoreType = "Generic">   --->   Core 0 '' <Latency = 0> <II = 1> <Delay = 1.00> <Generic> <Opcode : >

State 11 <SV = 9> <Delay = 2.12>
ST_11 : Operation 59 [1/2] (0.00ns)   --->   "call fastcc void @start_backoff_be(i1 zeroext true) nounwind" [fyp/edca.c:292->fyp/initial_edca_proc.c:10]   --->   Operation 59 'call' <Predicate = (!tmp_7 & icmp_ln286 & !icmp_ln287)> <Delay = 0.00> <CoreType = "Generic">   --->   Core 0 '' <Latency = 0> <II = 1> <Delay = 1.00> <Generic> <Opcode : >
ST_11 : Operation 60 [1/1] (0.00ns)   --->   "br label %backoff_be.exit" [fyp/edca.c:293->fyp/initial_edca_proc.c:10]   --->   Operation 60 'br' <Predicate = (!tmp_7 & icmp_ln286 & !icmp_ln287)> <Delay = 0.00>
ST_11 : Operation 61 [1/2] (0.00ns)   --->   "call fastcc void @start_backoff_be(i1 zeroext false) nounwind" [fyp/edca.c:289->fyp/initial_edca_proc.c:10]   --->   Operation 61 'call' <Predicate = (!tmp_7 & icmp_ln286 & icmp_ln287)> <Delay = 0.00> <CoreType = "Generic">   --->   Core 0 '' <Latency = 0> <II = 1> <Delay = 1.00> <Generic> <Opcode : >
ST_11 : Operation 62 [1/1] (0.00ns)   --->   "br label %backoff_be.exit" [fyp/edca.c:290->fyp/initial_edca_proc.c:10]   --->   Operation 62 'br' <Predicate = (!tmp_7 & icmp_ln286 & icmp_ln287)> <Delay = 0.00>
ST_11 : Operation 63 [1/1] (0.00ns)   --->   "%current_txop_holder_5 = call i3 @_ssdm_op_Read.ap_auto.i3P(i3* %current_txop_holder)" [fyp/initial_edca_proc.c:11]   --->   Operation 63 'read' 'current_txop_holder_5' <Predicate = true> <Delay = 0.00>
ST_11 : Operation 64 [1/1] (0.00ns)   --->   "%available_spaces_bk_s = load i3* @available_spaces_bk, align 1" [fyp/edca.c:303->fyp/initial_edca_proc.c:11]   --->   Operation 64 'load' 'available_spaces_bk_s' <Predicate = true> <Delay = 0.00>
ST_11 : Operation 65 [1/1] (0.00ns)   --->   "%tmp_9 = call i1 @_ssdm_op_BitSelect.i1.i3.i32(i3 %available_spaces_bk_s, i32 2)" [fyp/edca.c:303->fyp/initial_edca_proc.c:11]   --->   Operation 65 'bitselect' 'tmp_9' <Predicate = true> <Delay = 0.00>
ST_11 : Operation 66 [1/1] (0.00ns)   --->   "br i1 %tmp_9, label %backoff_bk.exit, label %13" [fyp/edca.c:303->fyp/initial_edca_proc.c:11]   --->   Operation 66 'br' <Predicate = true> <Delay = 0.00>
ST_11 : Operation 67 [1/1] (0.00ns)   --->   "%bk_backoff_counter_l = load i10* @bk_backoff_counter, align 2" [fyp/edca.c:304->fyp/initial_edca_proc.c:11]   --->   Operation 67 'load' 'bk_backoff_counter_l' <Predicate = (!tmp_9)> <Delay = 0.00>
ST_11 : Operation 68 [1/1] (1.70ns)   --->   "%icmp_ln304 = icmp eq i10 %bk_backoff_counter_l, 0" [fyp/edca.c:304->fyp/initial_edca_proc.c:11]   --->   Operation 68 'icmp' 'icmp_ln304' <Predicate = (!tmp_9)> <Delay = 1.70> <Core = "Cmp">   --->   Core 25 'Cmp' <Latency = 0> <II = 1> <Delay = 1.70> <FuncUnit> <Opcode : 'icmp'> <InPorts = 2> <OutPorts = 1>
ST_11 : Operation 69 [1/1] (0.00ns)   --->   "br i1 %icmp_ln304, label %14, label %17" [fyp/edca.c:304->fyp/initial_edca_proc.c:11]   --->   Operation 69 'br' <Predicate = (!tmp_9)> <Delay = 0.00>
ST_11 : Operation 70 [1/1] (2.12ns)   --->   "%add_ln314 = add i10 %bk_backoff_counter_l, -1" [fyp/edca.c:314->fyp/initial_edca_proc.c:11]   --->   Operation 70 'add' 'add_ln314' <Predicate = (!tmp_9 & !icmp_ln304)> <Delay = 2.12> <Core = "AddSub">   --->   Core 14 'AddSub' <Latency = 0> <II = 1> <Delay = 2.12> <FuncUnit> <Opcode : 'add' 'sub'> <InPorts = 2> <OutPorts = 1>
ST_11 : Operation 71 [1/1] (0.00ns)   --->   "store i10 %add_ln314, i10* @bk_backoff_counter, align 2" [fyp/edca.c:314->fyp/initial_edca_proc.c:11]   --->   Operation 71 'store' <Predicate = (!tmp_9 & !icmp_ln304)> <Delay = 0.00>
ST_11 : Operation 72 [1/1] (0.00ns)   --->   "br label %backoff_bk.exit" [fyp/edca.c:315->fyp/initial_edca_proc.c:11]   --->   Operation 72 'br' <Predicate = (!tmp_9 & !icmp_ln304)> <Delay = 0.00>
ST_11 : Operation 73 [1/1] (1.18ns)   --->   "%icmp_ln305 = icmp eq i3 %current_txop_holder_5, 0" [fyp/edca.c:305->fyp/initial_edca_proc.c:11]   --->   Operation 73 'icmp' 'icmp_ln305' <Predicate = (!tmp_9 & icmp_ln304)> <Delay = 1.18> <Core = "Cmp">   --->   Core 25 'Cmp' <Latency = 0> <II = 1> <Delay = 1.70> <FuncUnit> <Opcode : 'icmp'> <InPorts = 2> <OutPorts = 1>
ST_11 : Operation 74 [1/1] (0.00ns)   --->   "br i1 %icmp_ln305, label %15, label %16" [fyp/edca.c:305->fyp/initial_edca_proc.c:11]   --->   Operation 74 'br' <Predicate = (!tmp_9 & icmp_ln304)> <Delay = 0.00>

State 12 <SV = 8> <Delay = 1.66>
ST_12 : Operation 75 [1/1] (0.00ns)   --->   "call void @_ssdm_op_Write.ap_auto.i3P(i3* %current_txop_holder, i3 2)" [fyp/edca.c:288->fyp/initial_edca_proc.c:10]   --->   Operation 75 'write' <Predicate = true> <Delay = 0.00>
ST_12 : Operation 76 [2/2] (1.66ns)   --->   "call fastcc void @start_backoff_be(i1 zeroext false) nounwind" [fyp/edca.c:289->fyp/initial_edca_proc.c:10]   --->   Operation 76 'call' <Predicate = true> <Delay = 1.66> <CoreType = "Generic">   --->   Core 0 '' <Latency = 0> <II = 1> <Delay = 1.00> <Generic> <Opcode : >

State 13 <SV = 10> <Delay = 1.66>
ST_13 : Operation 77 [2/2] (1.66ns)   --->   "call fastcc void @start_backoff_bk(i1 zeroext true) nounwind" [fyp/edca.c:310->fyp/initial_edca_proc.c:11]   --->   Operation 77 'call' <Predicate = true> <Delay = 1.66> <CoreType = "Generic">   --->   Core 0 '' <Latency = 0> <II = 1> <Delay = 1.00> <Generic> <Opcode : >

State 14 <SV = 11> <Delay = 4.69>
ST_14 : Operation 78 [1/2] (0.00ns)   --->   "call fastcc void @start_backoff_bk(i1 zeroext true) nounwind" [fyp/edca.c:310->fyp/initial_edca_proc.c:11]   --->   Operation 78 'call' <Predicate = (!tmp_9 & icmp_ln304 & !icmp_ln305)> <Delay = 0.00> <CoreType = "Generic">   --->   Core 0 '' <Latency = 0> <II = 1> <Delay = 1.00> <Generic> <Opcode : >
ST_14 : Operation 79 [1/1] (0.00ns)   --->   "br label %backoff_bk.exit" [fyp/edca.c:311->fyp/initial_edca_proc.c:11]   --->   Operation 79 'br' <Predicate = (!tmp_9 & icmp_ln304 & !icmp_ln305)> <Delay = 0.00>
ST_14 : Operation 80 [1/2] (0.00ns)   --->   "call fastcc void @start_backoff_bk(i1 zeroext false) nounwind" [fyp/edca.c:307->fyp/initial_edca_proc.c:11]   --->   Operation 80 'call' <Predicate = (!tmp_9 & icmp_ln304 & icmp_ln305)> <Delay = 0.00> <CoreType = "Generic">   --->   Core 0 '' <Latency = 0> <II = 1> <Delay = 1.00> <Generic> <Opcode : >
ST_14 : Operation 81 [1/1] (0.00ns)   --->   "br label %backoff_bk.exit" [fyp/edca.c:308->fyp/initial_edca_proc.c:11]   --->   Operation 81 'br' <Predicate = (!tmp_9 & icmp_ln304 & icmp_ln305)> <Delay = 0.00>
ST_14 : Operation 82 [1/1] (0.00ns)   --->   "%current_txop_holder_6 = call i3 @_ssdm_op_Read.ap_auto.i3P(i3* %current_txop_holder)" [fyp/initial_edca_proc.c:12]   --->   Operation 82 'read' 'current_txop_holder_6' <Predicate = true> <Delay = 0.00>
ST_14 : Operation 83 [1/1] (1.18ns)   --->   "%icmp_ln12 = icmp eq i3 %current_txop_holder_6, 0" [fyp/initial_edca_proc.c:12]   --->   Operation 83 'icmp' 'icmp_ln12' <Predicate = true> <Delay = 1.18> <Core = "Cmp">   --->   Core 25 'Cmp' <Latency = 0> <II = 1> <Delay = 1.70> <FuncUnit> <Opcode : 'icmp'> <InPorts = 2> <OutPorts = 1>
ST_14 : Operation 84 [1/1] (0.00ns)   --->   "br i1 %icmp_ln12, label %19, label %18" [fyp/initial_edca_proc.c:12]   --->   Operation 84 'br' <Predicate = true> <Delay = 0.00>
ST_14 : Operation 85 [2/2] (4.69ns)   --->   "%idle_waited_2 = call fastcc i1 @slot_boundary_timing(i3 3, i1* %medium_state)" [fyp/initial_edca_proc.c:17]   --->   Operation 85 'call' 'idle_waited_2' <Predicate = (icmp_ln12)> <Delay = 4.69> <CoreType = "Generic">   --->   Core 0 '' <Latency = 0> <II = 1> <Delay = 1.00> <Generic> <Opcode : >
ST_14 : Operation 86 [2/2] (4.44ns)   --->   "call fastcc void @start_tx(i3 zeroext %current_txop_holder_6, [100 x i8]* %frame_to_transfer)" [fyp/initial_edca_proc.c:13]   --->   Operation 86 'call' <Predicate = (!icmp_ln12)> <Delay = 4.44> <CoreType = "Generic">   --->   Core 0 '' <Latency = 0> <II = 1> <Delay = 1.00> <Generic> <Opcode : >

State 15 <SV = 10> <Delay = 1.66>
ST_15 : Operation 87 [1/1] (0.00ns)   --->   "call void @_ssdm_op_Write.ap_auto.i3P(i3* %current_txop_holder, i3 1)" [fyp/edca.c:306->fyp/initial_edca_proc.c:11]   --->   Operation 87 'write' <Predicate = true> <Delay = 0.00>
ST_15 : Operation 88 [2/2] (1.66ns)   --->   "call fastcc void @start_backoff_bk(i1 zeroext false) nounwind" [fyp/edca.c:307->fyp/initial_edca_proc.c:11]   --->   Operation 88 'call' <Predicate = true> <Delay = 1.66> <CoreType = "Generic">   --->   Core 0 '' <Latency = 0> <II = 1> <Delay = 1.00> <Generic> <Opcode : >

State 16 <SV = 12> <Delay = 8.01>
ST_16 : Operation 89 [1/2] (8.01ns)   --->   "%idle_waited_2 = call fastcc i1 @slot_boundary_timing(i3 3, i1* %medium_state)" [fyp/initial_edca_proc.c:17]   --->   Operation 89 'call' 'idle_waited_2' <Predicate = true> <Delay = 8.01> <CoreType = "Generic">   --->   Core 0 '' <Latency = 0> <II = 1> <Delay = 1.00> <Generic> <Opcode : >
ST_16 : Operation 90 [1/1] (0.00ns)   --->   "br label %1" [fyp/initial_edca_proc.c:19]   --->   Operation 90 'br' <Predicate = true> <Delay = 0.00>

State 17 <SV = 12> <Delay = 0.00>
ST_17 : Operation 91 [1/2] (0.00ns)   --->   "call fastcc void @start_tx(i3 zeroext %current_txop_holder_6, [100 x i8]* %frame_to_transfer)" [fyp/initial_edca_proc.c:13]   --->   Operation 91 'call' <Predicate = (idle_waited_0)> <Delay = 0.00> <CoreType = "Generic">   --->   Core 0 '' <Latency = 0> <II = 1> <Delay = 1.00> <Generic> <Opcode : >
ST_17 : Operation 92 [1/1] (0.00ns)   --->   "call void @_ssdm_op_Write.ap_auto.i3P(i3* %current_txop_holder, i3 0)" [fyp/initial_edca_proc.c:14]   --->   Operation 92 'write' <Predicate = (idle_waited_0)> <Delay = 0.00>
ST_17 : Operation 93 [1/1] (0.00ns)   --->   "br label %.loopexit" [fyp/initial_edca_proc.c:15]   --->   Operation 93 'br' <Predicate = (idle_waited_0)> <Delay = 0.00>
ST_17 : Operation 94 [1/1] (0.00ns)   --->   "ret void" [fyp/initial_edca_proc.c:21]   --->   Operation 94 'ret' <Predicate = true> <Delay = 0.00>


============================================================
+ Verbose Summary: Binding
============================================================
STG Binding: 
---------------- STG Properties BEGIN ----------------
- Is combinational: 0
- Is one-state seq: 0
- Is datapath-only: 0
- Is pipelined: 0
- Is top level: 0
Port [ Return ] is wired: 1; IO mode=ap_ctrl_hs:ce=0
Port [ medium_state]:  wired=1; compound=0; hidden=0; nouse=0; global=0; static=0; extern=0; dir=0; type=0; pingpong=0; private_global=0; IO mode=ap_none:ce=0
Port [ current_txop_holder]:  wired=1; compound=0; hidden=0; nouse=0; global=0; static=0; extern=0; dir=2; type=0; pingpong=0; private_global=0; IO mode=ap_ovld:ce=0
Port [ frame_to_transfer]:  wired=1; compound=1; hidden=0; nouse=0; global=0; static=0; extern=0; dir=2; type=1; pingpong=0; private_global=0; MemPort=[23]; IO mode=ap_memory:ce=0
Port [ available_spaces_vo]:  wired=1; compound=0; hidden=0; nouse=0; global=1; static=1; extern=0; dir=2; type=0; pingpong=0; private_global=0; linkage=7; visibility=0; IO mode=ap_ovld:ce=0
Port [ vo_backoff_counter]:  wired=1; compound=0; hidden=0; nouse=0; global=1; static=1; extern=0; dir=2; type=0; pingpong=0; private_global=0; linkage=7; visibility=0; IO mode=ap_ovld:ce=0
Port [ rand_state]:  wired=1; compound=0; hidden=0; nouse=0; global=1; static=1; extern=0; dir=2; type=0; pingpong=0; private_global=0; linkage=7; visibility=0; IO mode=ap_ovld:ce=0
Port [ available_spaces_vi]:  wired=1; compound=0; hidden=0; nouse=0; global=1; static=1; extern=0; dir=2; type=0; pingpong=0; private_global=0; linkage=7; visibility=0; IO mode=ap_ovld:ce=0
Port [ vi_backoff_counter]:  wired=1; compound=0; hidden=0; nouse=0; global=1; static=1; extern=0; dir=2; type=0; pingpong=0; private_global=0; linkage=7; visibility=0; IO mode=ap_ovld:ce=0
Port [ CW_vi]:  wired=1; compound=0; hidden=0; nouse=0; global=1; static=1; extern=0; dir=2; type=0; pingpong=0; private_global=0; linkage=7; visibility=0; IO mode=ap_ovld:ce=0
Port [ available_spaces_be]:  wired=1; compound=0; hidden=0; nouse=0; global=1; static=1; extern=0; dir=2; type=0; pingpong=0; private_global=0; linkage=7; visibility=0; IO mode=ap_ovld:ce=0
Port [ be_backoff_counter]:  wired=1; compound=0; hidden=0; nouse=0; global=1; static=1; extern=0; dir=2; type=0; pingpong=0; private_global=0; linkage=7; visibility=0; IO mode=ap_ovld:ce=0
Port [ CW_be]:  wired=1; compound=0; hidden=0; nouse=0; global=1; static=1; extern=0; dir=2; type=0; pingpong=0; private_global=0; linkage=7; visibility=0; IO mode=ap_ovld:ce=0
Port [ available_spaces_bk]:  wired=1; compound=0; hidden=0; nouse=0; global=1; static=1; extern=0; dir=2; type=0; pingpong=0; private_global=0; linkage=7; visibility=0; IO mode=ap_ovld:ce=0
Port [ bk_backoff_counter]:  wired=1; compound=0; hidden=0; nouse=0; global=1; static=1; extern=0; dir=2; type=0; pingpong=0; private_global=0; linkage=7; visibility=0; IO mode=ap_ovld:ce=0
Port [ CW_bk]:  wired=1; compound=0; hidden=0; nouse=0; global=1; static=1; extern=0; dir=2; type=0; pingpong=0; private_global=0; linkage=7; visibility=0; IO mode=ap_ovld:ce=0
Port [ write_pointer_bk]:  wired=1; compound=0; hidden=0; nouse=0; global=1; static=1; extern=0; dir=2; type=0; pingpong=0; private_global=0; linkage=7; visibility=0; IO mode=ap_ovld:ce=0
Port [ write_pointer_be]:  wired=1; compound=0; hidden=0; nouse=0; global=1; static=1; extern=0; dir=2; type=0; pingpong=0; private_global=0; linkage=7; visibility=0; IO mode=ap_ovld:ce=0
Port [ write_pointer_vi]:  wired=1; compound=0; hidden=0; nouse=0; global=1; static=1; extern=0; dir=2; type=0; pingpong=0; private_global=0; linkage=7; visibility=0; IO mode=ap_ovld:ce=0
Port [ write_pointer_vo]:  wired=1; compound=0; hidden=0; nouse=0; global=1; static=1; extern=0; dir=2; type=0; pingpong=0; private_global=0; linkage=7; visibility=0; IO mode=ap_ovld:ce=0
Port [ edca_queues]:  wired=1; compound=1; hidden=0; nouse=0; global=1; static=1; extern=0; dir=2; type=1; pingpong=0; private_global=0; linkage=7; visibility=0; MemPort=[23]; IO mode=ap_memory:ce=0
Port [ read_pointer_bk]:  wired=1; compound=0; hidden=0; nouse=0; global=1; static=1; extern=0; dir=2; type=0; pingpong=0; private_global=0; linkage=7; visibility=0; IO mode=ap_ovld:ce=0
Port [ read_pointer_be]:  wired=1; compound=0; hidden=0; nouse=0; global=1; static=1; extern=0; dir=2; type=0; pingpong=0; private_global=0; linkage=7; visibility=0; IO mode=ap_ovld:ce=0
Port [ read_pointer_vi]:  wired=1; compound=0; hidden=0; nouse=0; global=1; static=1; extern=0; dir=2; type=0; pingpong=0; private_global=0; linkage=7; visibility=0; IO mode=ap_ovld:ce=0
Port [ read_pointer_vo]:  wired=1; compound=0; hidden=0; nouse=0; global=1; static=1; extern=0; dir=2; type=0; pingpong=0; private_global=0; linkage=7; visibility=0; IO mode=ap_ovld:ce=0
---------------- STG Properties END ------------------

---------------- Datapath Model BEGIN ----------------

<LifeTime>
<method=bitvector/>
idle_waited           (call      ) [ 000111111111111110]
br_ln7                (br        ) [ 000111111111111110]
idle_waited_0         (phi       ) [ 000011111111111111]
br_ln7                (br        ) [ 000000000000000000]
br_ln0                (br        ) [ 000000000000000000]
call_ln8              (call      ) [ 000000000000000000]
current_txop_holder_s (read      ) [ 000000000000000000]
available_spaces_vi_s (load      ) [ 000000000000000000]
tmp                   (bitselect ) [ 000011111111111110]
br_ln267              (br        ) [ 000000000000000000]
vi_backoff_counter_l  (load      ) [ 000000000000000000]
icmp_ln268            (icmp      ) [ 000011111111111110]
br_ln268              (br        ) [ 000000000000000000]
add_ln278             (add       ) [ 000000000000000000]
store_ln278           (store     ) [ 000000000000000000]
br_ln279              (br        ) [ 000000000000000000]
icmp_ln269            (icmp      ) [ 000011111111111110]
br_ln269              (br        ) [ 000000000000000000]
call_ln274            (call      ) [ 000000000000000000]
br_ln275              (br        ) [ 000000000000000000]
call_ln271            (call      ) [ 000000000000000000]
br_ln272              (br        ) [ 000000000000000000]
current_txop_holder_4 (read      ) [ 000000000000000000]
available_spaces_be_s (load      ) [ 000000000000000000]
tmp_7                 (bitselect ) [ 000011111111111110]
br_ln285              (br        ) [ 000000000000000000]
be_backoff_counter_l  (load      ) [ 000000000000000000]
icmp_ln286            (icmp      ) [ 000011111111111110]
br_ln286              (br        ) [ 000000000000000000]
add_ln296             (add       ) [ 000000000000000000]
store_ln296           (store     ) [ 000000000000000000]
br_ln297              (br        ) [ 000000000000000000]
tmp_8                 (partselect) [ 000000000000000000]
icmp_ln287            (icmp      ) [ 000011111111111110]
br_ln287              (br        ) [ 000000000000000000]
write_ln270           (write     ) [ 000000000000000000]
call_ln292            (call      ) [ 000000000000000000]
br_ln293              (br        ) [ 000000000000000000]
call_ln289            (call      ) [ 000000000000000000]
br_ln290              (br        ) [ 000000000000000000]
current_txop_holder_5 (read      ) [ 000000000000000000]
available_spaces_bk_s (load      ) [ 000000000000000000]
tmp_9                 (bitselect ) [ 000011111111111110]
br_ln303              (br        ) [ 000000000000000000]
bk_backoff_counter_l  (load      ) [ 000000000000000000]
icmp_ln304            (icmp      ) [ 000011111111111110]
br_ln304              (br        ) [ 000000000000000000]
add_ln314             (add       ) [ 000000000000000000]
store_ln314           (store     ) [ 000000000000000000]
br_ln315              (br        ) [ 000000000000000000]
icmp_ln305            (icmp      ) [ 000011111111111110]
br_ln305              (br        ) [ 000000000000000000]
write_ln288           (write     ) [ 000000000000000000]
call_ln310            (call      ) [ 000000000000000000]
br_ln311              (br        ) [ 000000000000000000]
call_ln307            (call      ) [ 000000000000000000]
br_ln308              (br        ) [ 000000000000000000]
current_txop_holder_6 (read      ) [ 000010000000000011]
icmp_ln12             (icmp      ) [ 000011111111111110]
br_ln12               (br        ) [ 000000000000000000]
write_ln306           (write     ) [ 000000000000000000]
idle_waited_2         (call      ) [ 000111111111111110]
br_ln19               (br        ) [ 000111111111111110]
call_ln13             (call      ) [ 000000000000000000]
write_ln14            (write     ) [ 000000000000000000]
br_ln15               (br        ) [ 000000000000000000]
ret_ln21              (ret       ) [ 000000000000000000]
</LifeTime>

<model>

<comp_list>
<comp id="0" class="1000" name="medium_state">
<pin_list>
<pin id="1" dir="1" index="0" bw="1" slack="0"/>
</pin_list>
<bind>
<StgValue><ssdm name="medium_state"/></StgValue>
</bind>
</comp>

<comp id="2" class="1000" name="current_txop_holder">
<pin_list>
<pin id="3" dir="1" index="0" bw="1" slack="0"/>
</pin_list>
<bind>
<StgValue><ssdm name="current_txop_holder"/></StgValue>
</bind>
</comp>

<comp id="4" class="1000" name="frame_to_transfer">
<pin_list>
<pin id="5" dir="1" index="0" bw="1" slack="0"/>
</pin_list>
<bind>
<StgValue><ssdm name="frame_to_transfer"/><MemPortTyVec>2 3 </MemPortTyVec>
</StgValue>
</bind>
</comp>

<comp id="6" class="1000" name="available_spaces_vo">
<pin_list>
<pin id="7" dir="1" index="0" bw="1" slack="0"/>
</pin_list>
<bind>
<StgValue><ssdm name="available_spaces_vo"/></StgValue>
</bind>
</comp>

<comp id="8" class="1000" name="vo_backoff_counter">
<pin_list>
<pin id="9" dir="1" index="0" bw="1" slack="0"/>
</pin_list>
<bind>
<StgValue><ssdm name="vo_backoff_counter"/></StgValue>
</bind>
</comp>

<comp id="10" class="1000" name="rand_state">
<pin_list>
<pin id="11" dir="1" index="0" bw="1" slack="0"/>
</pin_list>
<bind>
<StgValue><ssdm name="rand_state"/></StgValue>
</bind>
</comp>

<comp id="12" class="1000" name="available_spaces_vi">
<pin_list>
<pin id="13" dir="1" index="0" bw="1" slack="0"/>
</pin_list>
<bind>
<StgValue><ssdm name="available_spaces_vi"/></StgValue>
</bind>
</comp>

<comp id="14" class="1000" name="vi_backoff_counter">
<pin_list>
<pin id="15" dir="1" index="0" bw="1" slack="0"/>
</pin_list>
<bind>
<StgValue><ssdm name="vi_backoff_counter"/></StgValue>
</bind>
</comp>

<comp id="16" class="1000" name="CW_vi">
<pin_list>
<pin id="17" dir="1" index="0" bw="1" slack="0"/>
</pin_list>
<bind>
<StgValue><ssdm name="CW_vi"/></StgValue>
</bind>
</comp>

<comp id="18" class="1000" name="available_spaces_be">
<pin_list>
<pin id="19" dir="1" index="0" bw="1" slack="0"/>
</pin_list>
<bind>
<StgValue><ssdm name="available_spaces_be"/></StgValue>
</bind>
</comp>

<comp id="20" class="1000" name="be_backoff_counter">
<pin_list>
<pin id="21" dir="1" index="0" bw="1" slack="0"/>
</pin_list>
<bind>
<StgValue><ssdm name="be_backoff_counter"/></StgValue>
</bind>
</comp>

<comp id="22" class="1000" name="CW_be">
<pin_list>
<pin id="23" dir="1" index="0" bw="1" slack="0"/>
</pin_list>
<bind>
<StgValue><ssdm name="CW_be"/></StgValue>
</bind>
</comp>

<comp id="24" class="1000" name="available_spaces_bk">
<pin_list>
<pin id="25" dir="1" index="0" bw="1" slack="0"/>
</pin_list>
<bind>
<StgValue><ssdm name="available_spaces_bk"/></StgValue>
</bind>
</comp>

<comp id="26" class="1000" name="bk_backoff_counter">
<pin_list>
<pin id="27" dir="1" index="0" bw="1" slack="0"/>
</pin_list>
<bind>
<StgValue><ssdm name="bk_backoff_counter"/></StgValue>
</bind>
</comp>

<comp id="28" class="1000" name="CW_bk">
<pin_list>
<pin id="29" dir="1" index="0" bw="1" slack="0"/>
</pin_list>
<bind>
<StgValue><ssdm name="CW_bk"/></StgValue>
</bind>
</comp>

<comp id="30" class="1000" name="write_pointer_bk">
<pin_list>
<pin id="31" dir="1" index="0" bw="1" slack="0"/>
</pin_list>
<bind>
<StgValue><ssdm name="write_pointer_bk"/></StgValue>
</bind>
</comp>

<comp id="32" class="1000" name="write_pointer_be">
<pin_list>
<pin id="33" dir="1" index="0" bw="1" slack="0"/>
</pin_list>
<bind>
<StgValue><ssdm name="write_pointer_be"/></StgValue>
</bind>
</comp>

<comp id="34" class="1000" name="write_pointer_vi">
<pin_list>
<pin id="35" dir="1" index="0" bw="1" slack="0"/>
</pin_list>
<bind>
<StgValue><ssdm name="write_pointer_vi"/></StgValue>
</bind>
</comp>

<comp id="36" class="1000" name="write_pointer_vo">
<pin_list>
<pin id="37" dir="1" index="0" bw="1" slack="0"/>
</pin_list>
<bind>
<StgValue><ssdm name="write_pointer_vo"/></StgValue>
</bind>
</comp>

<comp id="38" class="1000" name="edca_queues">
<pin_list>
<pin id="39" dir="1" index="0" bw="1" slack="0"/>
</pin_list>
<bind>
<StgValue><ssdm name="edca_queues"/><MemPortTyVec>2 3 </MemPortTyVec>
</StgValue>
</bind>
</comp>

<comp id="40" class="1000" name="read_pointer_bk">
<pin_list>
<pin id="41" dir="1" index="0" bw="1" slack="0"/>
</pin_list>
<bind>
<StgValue><ssdm name="read_pointer_bk"/></StgValue>
</bind>
</comp>

<comp id="42" class="1000" name="read_pointer_be">
<pin_list>
<pin id="43" dir="1" index="0" bw="1" slack="0"/>
</pin_list>
<bind>
<StgValue><ssdm name="read_pointer_be"/></StgValue>
</bind>
</comp>

<comp id="44" class="1000" name="read_pointer_vi">
<pin_list>
<pin id="45" dir="1" index="0" bw="1" slack="0"/>
</pin_list>
<bind>
<StgValue><ssdm name="read_pointer_vi"/></StgValue>
</bind>
</comp>

<comp id="46" class="1000" name="read_pointer_vo">
<pin_list>
<pin id="47" dir="1" index="0" bw="1" slack="0"/>
</pin_list>
<bind>
<StgValue><ssdm name="read_pointer_vo"/></StgValue>
</bind>
</comp>

<comp id="48" class="1001" name="const_48">
<pin_list>
<pin id="49" dir="1" index="0" bw="1" slack="0"/>
</pin_list>
<bind>
<StgValue><ssdm name="slot_boundary_timing"/></StgValue>
</bind>
</comp>

<comp id="50" class="1001" name="const_50">
<pin_list>
<pin id="51" dir="1" index="0" bw="1" slack="0"/>
</pin_list>
<bind>
<StgValue><ssdm name=""/></StgValue>
</bind>
</comp>

<comp id="52" class="1001" name="const_52">
<pin_list>
<pin id="53" dir="1" index="0" bw="1" slack="0"/>
</pin_list>
<bind>
<StgValue><ssdm name="backoff_vo"/></StgValue>
</bind>
</comp>

<comp id="54" class="1001" name="const_54">
<pin_list>
<pin id="55" dir="1" index="0" bw="1" slack="0"/>
</pin_list>
<bind>
<StgValue><ssdm name="_ssdm_op_Read.ap_auto.i3P"/></StgValue>
</bind>
</comp>

<comp id="56" class="1001" name="const_56">
<pin_list>
<pin id="57" dir="1" index="0" bw="1" slack="0"/>
</pin_list>
<bind>
<StgValue><ssdm name="_ssdm_op_BitSelect.i1.i3.i32"/></StgValue>
</bind>
</comp>

<comp id="58" class="1001" name="const_58">
<pin_list>
<pin id="59" dir="1" index="0" bw="1" slack="0"/>
</pin_list>
<bind>
<StgValue><ssdm name=""/></StgValue>
</bind>
</comp>

<comp id="60" class="1001" name="const_60">
<pin_list>
<pin id="61" dir="1" index="0" bw="1" slack="0"/>
</pin_list>
<bind>
<StgValue><ssdm name=""/></StgValue>
</bind>
</comp>

<comp id="62" class="1001" name="const_62">
<pin_list>
<pin id="63" dir="1" index="0" bw="1" slack="0"/>
</pin_list>
<bind>
<StgValue><ssdm name=""/></StgValue>
</bind>
</comp>

<comp id="64" class="1001" name="const_64">
<pin_list>
<pin id="65" dir="1" index="0" bw="1" slack="0"/>
</pin_list>
<bind>
<StgValue><ssdm name=""/></StgValue>
</bind>
</comp>

<comp id="66" class="1001" name="const_66">
<pin_list>
<pin id="67" dir="1" index="0" bw="1" slack="0"/>
</pin_list>
<bind>
<StgValue><ssdm name="start_backoff_vi"/></StgValue>
</bind>
</comp>

<comp id="68" class="1001" name="const_68">
<pin_list>
<pin id="69" dir="1" index="0" bw="1" slack="0"/>
</pin_list>
<bind>
<StgValue><ssdm name=""/></StgValue>
</bind>
</comp>

<comp id="70" class="1001" name="const_70">
<pin_list>
<pin id="71" dir="1" index="0" bw="1" slack="0"/>
</pin_list>
<bind>
<StgValue><ssdm name=""/></StgValue>
</bind>
</comp>

<comp id="72" class="1001" name="const_72">
<pin_list>
<pin id="73" dir="1" index="0" bw="1" slack="0"/>
</pin_list>
<bind>
<StgValue><ssdm name="_ssdm_op_PartSelect.i2.i3.i32.i32"/></StgValue>
</bind>
</comp>

<comp id="74" class="1001" name="const_74">
<pin_list>
<pin id="75" dir="1" index="0" bw="1" slack="0"/>
</pin_list>
<bind>
<StgValue><ssdm name=""/></StgValue>
</bind>
</comp>

<comp id="76" class="1001" name="const_76">
<pin_list>
<pin id="77" dir="1" index="0" bw="1" slack="0"/>
</pin_list>
<bind>
<StgValue><ssdm name=""/></StgValue>
</bind>
</comp>

<comp id="78" class="1001" name="const_78">
<pin_list>
<pin id="79" dir="1" index="0" bw="1" slack="0"/>
</pin_list>
<bind>
<StgValue><ssdm name="_ssdm_op_Write.ap_auto.i3P"/></StgValue>
</bind>
</comp>

<comp id="80" class="1001" name="const_80">
<pin_list>
<pin id="81" dir="1" index="0" bw="1" slack="0"/>
</pin_list>
<bind>
<StgValue><ssdm name="start_backoff_be"/></StgValue>
</bind>
</comp>

<comp id="82" class="1001" name="const_82">
<pin_list>
<pin id="83" dir="1" index="0" bw="1" slack="0"/>
</pin_list>
<bind>
<StgValue><ssdm name=""/></StgValue>
</bind>
</comp>

<comp id="84" class="1001" name="const_84">
<pin_list>
<pin id="85" dir="1" index="0" bw="1" slack="0"/>
</pin_list>
<bind>
<StgValue><ssdm name=""/></StgValue>
</bind>
</comp>

<comp id="86" class="1001" name="const_86">
<pin_list>
<pin id="87" dir="1" index="0" bw="1" slack="0"/>
</pin_list>
<bind>
<StgValue><ssdm name="start_backoff_bk"/></StgValue>
</bind>
</comp>

<comp id="88" class="1001" name="const_88">
<pin_list>
<pin id="89" dir="1" index="0" bw="1" slack="0"/>
</pin_list>
<bind>
<StgValue><ssdm name="start_tx"/></StgValue>
</bind>
</comp>

<comp id="90" class="1001" name="const_90">
<pin_list>
<pin id="91" dir="1" index="0" bw="1" slack="0"/>
</pin_list>
<bind>
<StgValue><ssdm name=""/></StgValue>
</bind>
</comp>

<comp id="92" class="1004" name="grp_read_fu_92">
<pin_list>
<pin id="93" dir="0" index="0" bw="3" slack="0"/>
<pin id="94" dir="0" index="1" bw="3" slack="0"/>
<pin id="95" dir="1" index="2" bw="3" slack="0"/>
</pin_list>
<bind>
<opcode="read(1150) " fcode="read"/>
<opset="current_txop_holder_s/6 current_txop_holder_4/8 current_txop_holder_5/11 current_txop_holder_6/14 "/>
</bind>
</comp>

<comp id="98" class="1004" name="grp_write_fu_98">
<pin_list>
<pin id="99" dir="0" index="0" bw="0" slack="0"/>
<pin id="100" dir="0" index="1" bw="3" slack="0"/>
<pin id="101" dir="0" index="2" bw="3" slack="0"/>
<pin id="102" dir="1" index="3" bw="0" slack="2147483647"/>
</pin_list>
<bind>
<opcode="write(1151) " fcode="write"/>
<opset="write_ln270/9 write_ln288/12 write_ln306/15 write_ln14/17 "/>
</bind>
</comp>

<comp id="109" class="1005" name="idle_waited_0_reg_109">
<pin_list>
<pin id="110" dir="0" index="0" bw="1" slack="9"/>
<pin id="111" dir="1" index="1" bw="1" slack="2147483647"/>
</pin_list>
<bind>
<opset="idle_waited_0 (phireg) "/>
</bind>
</comp>

<comp id="112" class="1004" name="idle_waited_0_phi_fu_112">
<pin_list>
<pin id="113" dir="0" index="0" bw="1" slack="2"/>
<pin id="114" dir="0" index="1" bw="0" slack="2147483647"/>
<pin id="115" dir="0" index="2" bw="1" slack="1"/>
<pin id="116" dir="0" index="3" bw="0" slack="2147483647"/>
<pin id="117" dir="1" index="4" bw="1" slack="9"/>
</pin_list>
<bind>
<opcode="phi(47) " fcode="phi"/>
<opset="idle_waited_0/4 "/>
</bind>
</comp>

<comp id="119" class="1004" name="grp_start_tx_fu_119">
<pin_list>
<pin id="120" dir="0" index="0" bw="0" slack="0"/>
<pin id="121" dir="0" index="1" bw="3" slack="0"/>
<pin id="122" dir="0" index="2" bw="8" slack="0"/>
<pin id="123" dir="0" index="3" bw="3" slack="0"/>
<pin id="124" dir="0" index="4" bw="2" slack="0"/>
<pin id="125" dir="0" index="5" bw="3" slack="0"/>
<pin id="126" dir="0" index="6" bw="2" slack="0"/>
<pin id="127" dir="0" index="7" bw="3" slack="0"/>
<pin id="128" dir="0" index="8" bw="2" slack="0"/>
<pin id="129" dir="0" index="9" bw="3" slack="0"/>
<pin id="130" dir="0" index="10" bw="2" slack="0"/>
<pin id="131" dir="0" index="11" bw="8" slack="0"/>
<pin id="132" dir="0" index="12" bw="2" slack="0"/>
<pin id="133" dir="0" index="13" bw="2" slack="0"/>
<pin id="134" dir="0" index="14" bw="2" slack="0"/>
<pin id="135" dir="0" index="15" bw="2" slack="0"/>
<pin id="136" dir="1" index="16" bw="0" slack="2147483647"/>
</pin_list>
<bind>
<opcode="call(48) " fcode="call"/>
<opset="call_ln13/14 "/>
</bind>
</comp>

<comp id="153" class="1004" name="grp_backoff_vo_fu_153">
<pin_list>
<pin id="154" dir="0" index="0" bw="0" slack="0"/>
<pin id="155" dir="0" index="1" bw="3" slack="0"/>
<pin id="156" dir="0" index="2" bw="3" slack="0"/>
<pin id="157" dir="0" index="3" bw="10" slack="0"/>
<pin id="158" dir="0" index="4" bw="32" slack="0"/>
<pin id="159" dir="1" index="5" bw="0" slack="2147483647"/>
</pin_list>
<bind>
<opcode="call(48) " fcode="call"/>
<opset="call_ln8/4 "/>
</bind>
</comp>

<comp id="165" class="1004" name="grp_start_backoff_vi_fu_165">
<pin_list>
<pin id="166" dir="0" index="0" bw="0" slack="0"/>
<pin id="167" dir="0" index="1" bw="1" slack="0"/>
<pin id="168" dir="0" index="2" bw="10" slack="0"/>
<pin id="169" dir="0" index="3" bw="32" slack="0"/>
<pin id="170" dir="0" index="4" bw="10" slack="0"/>
<pin id="171" dir="1" index="5" bw="0" slack="2147483647"/>
</pin_list>
<bind>
<opcode="call(48) " fcode="call"/>
<opset="call_ln274/7 call_ln271/9 "/>
</bind>
</comp>

<comp id="178" class="1004" name="grp_start_backoff_be_fu_178">
<pin_list>
<pin id="179" dir="0" index="0" bw="0" slack="0"/>
<pin id="180" dir="0" index="1" bw="1" slack="0"/>
<pin id="181" dir="0" index="2" bw="10" slack="0"/>
<pin id="182" dir="0" index="3" bw="32" slack="0"/>
<pin id="183" dir="0" index="4" bw="10" slack="0"/>
<pin id="184" dir="1" index="5" bw="0" slack="2147483647"/>
</pin_list>
<bind>
<opcode="call(48) " fcode="call"/>
<opset="call_ln292/10 call_ln289/12 "/>
</bind>
</comp>

<comp id="191" class="1004" name="grp_start_backoff_bk_fu_191">
<pin_list>
<pin id="192" dir="0" index="0" bw="0" slack="0"/>
<pin id="193" dir="0" index="1" bw="1" slack="0"/>
<pin id="194" dir="0" index="2" bw="10" slack="0"/>
<pin id="195" dir="0" index="3" bw="32" slack="0"/>
<pin id="196" dir="0" index="4" bw="10" slack="0"/>
<pin id="197" dir="1" index="5" bw="0" slack="2147483647"/>
</pin_list>
<bind>
<opcode="call(48) " fcode="call"/>
<opset="call_ln310/13 call_ln307/15 "/>
</bind>
</comp>

<comp id="204" class="1004" name="grp_slot_boundary_timing_fu_204">
<pin_list>
<pin id="205" dir="0" index="0" bw="1" slack="0"/>
<pin id="206" dir="0" index="1" bw="3" slack="0"/>
<pin id="207" dir="0" index="2" bw="1" slack="0"/>
<pin id="208" dir="1" index="3" bw="1" slack="1"/>
</pin_list>
<bind>
<opcode="call(48) " fcode="call"/>
<opset="idle_waited/1 idle_waited_2/14 "/>
</bind>
</comp>

<comp id="213" class="1004" name="grp_fu_213">
<pin_list>
<pin id="214" dir="0" index="0" bw="3" slack="0"/>
<pin id="215" dir="0" index="1" bw="1" slack="0"/>
<pin id="216" dir="1" index="2" bw="1" slack="2"/>
</pin_list>
<bind>
<opcode="icmp(45) " fcode="icmp"/>
<opset="icmp_ln305/11 icmp_ln12/14 "/>
</bind>
</comp>

<comp id="219" class="1004" name="available_spaces_vi_s_load_fu_219">
<pin_list>
<pin id="220" dir="0" index="0" bw="3" slack="0"/>
<pin id="221" dir="1" index="1" bw="3" slack="0"/>
</pin_list>
<bind>
<opcode="load(27) " fcode="load"/>
<opset="available_spaces_vi_s/6 "/>
</bind>
</comp>

<comp id="223" class="1004" name="tmp_fu_223">
<pin_list>
<pin id="224" dir="0" index="0" bw="1" slack="0"/>
<pin id="225" dir="0" index="1" bw="3" slack="0"/>
<pin id="226" dir="0" index="2" bw="3" slack="0"/>
<pin id="227" dir="1" index="3" bw="1" slack="2"/>
</pin_list>
<bind>
<opcode="bitselect(1000) " fcode="bitselect"/>
<opset="tmp/6 "/>
</bind>
</comp>

<comp id="231" class="1004" name="vi_backoff_counter_l_load_fu_231">
<pin_list>
<pin id="232" dir="0" index="0" bw="10" slack="0"/>
<pin id="233" dir="1" index="1" bw="10" slack="0"/>
</pin_list>
<bind>
<opcode="load(27) " fcode="load"/>
<opset="vi_backoff_counter_l/6 "/>
</bind>
</comp>

<comp id="235" class="1004" name="icmp_ln268_fu_235">
<pin_list>
<pin id="236" dir="0" index="0" bw="10" slack="0"/>
<pin id="237" dir="0" index="1" bw="1" slack="0"/>
<pin id="238" dir="1" index="2" bw="1" slack="2"/>
</pin_list>
<bind>
<opcode="icmp(45) " fcode="icmp"/>
<opset="icmp_ln268/6 "/>
</bind>
</comp>

<comp id="241" class="1004" name="add_ln278_fu_241">
<pin_list>
<pin id="242" dir="0" index="0" bw="10" slack="0"/>
<pin id="243" dir="0" index="1" bw="1" slack="0"/>
<pin id="244" dir="1" index="2" bw="10" slack="0"/>
</pin_list>
<bind>
<opcode="add(8) " fcode="add"/>
<opset="add_ln278/6 "/>
</bind>
</comp>

<comp id="247" class="1004" name="store_ln278_store_fu_247">
<pin_list>
<pin id="248" dir="0" index="0" bw="10" slack="0"/>
<pin id="249" dir="0" index="1" bw="10" slack="0"/>
<pin id="250" dir="1" index="2" bw="0" slack="2147483647"/>
</pin_list>
<bind>
<opcode="store(28) " fcode="store"/>
<opset="store_ln278/6 "/>
</bind>
</comp>

<comp id="253" class="1004" name="icmp_ln269_fu_253">
<pin_list>
<pin id="254" dir="0" index="0" bw="3" slack="0"/>
<pin id="255" dir="0" index="1" bw="3" slack="0"/>
<pin id="256" dir="1" index="2" bw="1" slack="2"/>
</pin_list>
<bind>
<opcode="icmp(45) " fcode="icmp"/>
<opset="icmp_ln269/6 "/>
</bind>
</comp>

<comp id="259" class="1004" name="available_spaces_be_s_load_fu_259">
<pin_list>
<pin id="260" dir="0" index="0" bw="3" slack="0"/>
<pin id="261" dir="1" index="1" bw="3" slack="0"/>
</pin_list>
<bind>
<opcode="load(27) " fcode="load"/>
<opset="available_spaces_be_s/8 "/>
</bind>
</comp>

<comp id="263" class="1004" name="tmp_7_fu_263">
<pin_list>
<pin id="264" dir="0" index="0" bw="1" slack="0"/>
<pin id="265" dir="0" index="1" bw="3" slack="0"/>
<pin id="266" dir="0" index="2" bw="3" slack="0"/>
<pin id="267" dir="1" index="3" bw="1" slack="2"/>
</pin_list>
<bind>
<opcode="bitselect(1000) " fcode="bitselect"/>
<opset="tmp_7/8 "/>
</bind>
</comp>

<comp id="271" class="1004" name="be_backoff_counter_l_load_fu_271">
<pin_list>
<pin id="272" dir="0" index="0" bw="10" slack="0"/>
<pin id="273" dir="1" index="1" bw="10" slack="0"/>
</pin_list>
<bind>
<opcode="load(27) " fcode="load"/>
<opset="be_backoff_counter_l/8 "/>
</bind>
</comp>

<comp id="275" class="1004" name="icmp_ln286_fu_275">
<pin_list>
<pin id="276" dir="0" index="0" bw="10" slack="0"/>
<pin id="277" dir="0" index="1" bw="1" slack="0"/>
<pin id="278" dir="1" index="2" bw="1" slack="2"/>
</pin_list>
<bind>
<opcode="icmp(45) " fcode="icmp"/>
<opset="icmp_ln286/8 "/>
</bind>
</comp>

<comp id="281" class="1004" name="add_ln296_fu_281">
<pin_list>
<pin id="282" dir="0" index="0" bw="10" slack="0"/>
<pin id="283" dir="0" index="1" bw="1" slack="0"/>
<pin id="284" dir="1" index="2" bw="10" slack="0"/>
</pin_list>
<bind>
<opcode="add(8) " fcode="add"/>
<opset="add_ln296/8 "/>
</bind>
</comp>

<comp id="287" class="1004" name="store_ln296_store_fu_287">
<pin_list>
<pin id="288" dir="0" index="0" bw="10" slack="0"/>
<pin id="289" dir="0" index="1" bw="10" slack="0"/>
<pin id="290" dir="1" index="2" bw="0" slack="2147483647"/>
</pin_list>
<bind>
<opcode="store(28) " fcode="store"/>
<opset="store_ln296/8 "/>
</bind>
</comp>

<comp id="293" class="1004" name="tmp_8_fu_293">
<pin_list>
<pin id="294" dir="0" index="0" bw="2" slack="0"/>
<pin id="295" dir="0" index="1" bw="3" slack="0"/>
<pin id="296" dir="0" index="2" bw="1" slack="0"/>
<pin id="297" dir="0" index="3" bw="3" slack="0"/>
<pin id="298" dir="1" index="4" bw="2" slack="0"/>
</pin_list>
<bind>
<opcode="partselect(1002) " fcode="partselect"/>
<opset="tmp_8/8 "/>
</bind>
</comp>

<comp id="303" class="1004" name="icmp_ln287_fu_303">
<pin_list>
<pin id="304" dir="0" index="0" bw="2" slack="0"/>
<pin id="305" dir="0" index="1" bw="1" slack="0"/>
<pin id="306" dir="1" index="2" bw="1" slack="2"/>
</pin_list>
<bind>
<opcode="icmp(45) " fcode="icmp"/>
<opset="icmp_ln287/8 "/>
</bind>
</comp>

<comp id="309" class="1004" name="available_spaces_bk_s_load_fu_309">
<pin_list>
<pin id="310" dir="0" index="0" bw="3" slack="0"/>
<pin id="311" dir="1" index="1" bw="3" slack="0"/>
</pin_list>
<bind>
<opcode="load(27) " fcode="load"/>
<opset="available_spaces_bk_s/11 "/>
</bind>
</comp>

<comp id="313" class="1004" name="tmp_9_fu_313">
<pin_list>
<pin id="314" dir="0" index="0" bw="1" slack="0"/>
<pin id="315" dir="0" index="1" bw="3" slack="0"/>
<pin id="316" dir="0" index="2" bw="3" slack="0"/>
<pin id="317" dir="1" index="3" bw="1" slack="2"/>
</pin_list>
<bind>
<opcode="bitselect(1000) " fcode="bitselect"/>
<opset="tmp_9/11 "/>
</bind>
</comp>

<comp id="321" class="1004" name="bk_backoff_counter_l_load_fu_321">
<pin_list>
<pin id="322" dir="0" index="0" bw="10" slack="0"/>
<pin id="323" dir="1" index="1" bw="10" slack="0"/>
</pin_list>
<bind>
<opcode="load(27) " fcode="load"/>
<opset="bk_backoff_counter_l/11 "/>
</bind>
</comp>

<comp id="325" class="1004" name="icmp_ln304_fu_325">
<pin_list>
<pin id="326" dir="0" index="0" bw="10" slack="0"/>
<pin id="327" dir="0" index="1" bw="1" slack="0"/>
<pin id="328" dir="1" index="2" bw="1" slack="2"/>
</pin_list>
<bind>
<opcode="icmp(45) " fcode="icmp"/>
<opset="icmp_ln304/11 "/>
</bind>
</comp>

<comp id="331" class="1004" name="add_ln314_fu_331">
<pin_list>
<pin id="332" dir="0" index="0" bw="10" slack="0"/>
<pin id="333" dir="0" index="1" bw="1" slack="0"/>
<pin id="334" dir="1" index="2" bw="10" slack="0"/>
</pin_list>
<bind>
<opcode="add(8) " fcode="add"/>
<opset="add_ln314/11 "/>
</bind>
</comp>

<comp id="337" class="1004" name="store_ln314_store_fu_337">
<pin_list>
<pin id="338" dir="0" index="0" bw="10" slack="0"/>
<pin id="339" dir="0" index="1" bw="10" slack="0"/>
<pin id="340" dir="1" index="2" bw="0" slack="2147483647"/>
</pin_list>
<bind>
<opcode="store(28) " fcode="store"/>
<opset="store_ln314/11 "/>
</bind>
</comp>

<comp id="343" class="1005" name="idle_waited_reg_343">
<pin_list>
<pin id="344" dir="0" index="0" bw="1" slack="2"/>
<pin id="345" dir="1" index="1" bw="1" slack="2"/>
</pin_list>
<bind>
<opset="idle_waited "/>
</bind>
</comp>

<comp id="348" class="1005" name="tmp_reg_348">
<pin_list>
<pin id="349" dir="0" index="0" bw="1" slack="2"/>
<pin id="350" dir="1" index="1" bw="1" slack="2147483647"/>
</pin_list>
<bind>
<opset="tmp "/>
</bind>
</comp>

<comp id="352" class="1005" name="icmp_ln268_reg_352">
<pin_list>
<pin id="353" dir="0" index="0" bw="1" slack="2"/>
<pin id="354" dir="1" index="1" bw="1" slack="2147483647"/>
</pin_list>
<bind>
<opset="icmp_ln268 "/>
</bind>
</comp>

<comp id="356" class="1005" name="icmp_ln269_reg_356">
<pin_list>
<pin id="357" dir="0" index="0" bw="1" slack="2"/>
<pin id="358" dir="1" index="1" bw="1" slack="2147483647"/>
</pin_list>
<bind>
<opset="icmp_ln269 "/>
</bind>
</comp>

<comp id="360" class="1005" name="tmp_7_reg_360">
<pin_list>
<pin id="361" dir="0" index="0" bw="1" slack="2"/>
<pin id="362" dir="1" index="1" bw="1" slack="2147483647"/>
</pin_list>
<bind>
<opset="tmp_7 "/>
</bind>
</comp>

<comp id="364" class="1005" name="icmp_ln286_reg_364">
<pin_list>
<pin id="365" dir="0" index="0" bw="1" slack="2"/>
<pin id="366" dir="1" index="1" bw="1" slack="2147483647"/>
</pin_list>
<bind>
<opset="icmp_ln286 "/>
</bind>
</comp>

<comp id="368" class="1005" name="icmp_ln287_reg_368">
<pin_list>
<pin id="369" dir="0" index="0" bw="1" slack="2"/>
<pin id="370" dir="1" index="1" bw="1" slack="2147483647"/>
</pin_list>
<bind>
<opset="icmp_ln287 "/>
</bind>
</comp>

<comp id="372" class="1005" name="tmp_9_reg_372">
<pin_list>
<pin id="373" dir="0" index="0" bw="1" slack="2"/>
<pin id="374" dir="1" index="1" bw="1" slack="2147483647"/>
</pin_list>
<bind>
<opset="tmp_9 "/>
</bind>
</comp>

<comp id="376" class="1005" name="icmp_ln304_reg_376">
<pin_list>
<pin id="377" dir="0" index="0" bw="1" slack="2"/>
<pin id="378" dir="1" index="1" bw="1" slack="2147483647"/>
</pin_list>
<bind>
<opset="icmp_ln304 "/>
</bind>
</comp>

<comp id="380" class="1005" name="icmp_ln305_reg_380">
<pin_list>
<pin id="381" dir="0" index="0" bw="1" slack="2"/>
<pin id="382" dir="1" index="1" bw="1" slack="2147483647"/>
</pin_list>
<bind>
<opset="icmp_ln305 "/>
</bind>
</comp>

<comp id="384" class="1005" name="current_txop_holder_6_reg_384">
<pin_list>
<pin id="385" dir="0" index="0" bw="3" slack="1"/>
<pin id="386" dir="1" index="1" bw="3" slack="1"/>
</pin_list>
<bind>
<opset="current_txop_holder_6 "/>
</bind>
</comp>

<comp id="392" class="1005" name="idle_waited_2_reg_392">
<pin_list>
<pin id="393" dir="0" index="0" bw="1" slack="1"/>
<pin id="394" dir="1" index="1" bw="1" slack="1"/>
</pin_list>
<bind>
<opset="idle_waited_2 "/>
</bind>
</comp>

</comp_list>

<net_list>
<net id="96"><net_src comp="54" pin="0"/><net_sink comp="92" pin=0"/></net>

<net id="97"><net_src comp="2" pin="0"/><net_sink comp="92" pin=1"/></net>

<net id="103"><net_src comp="78" pin="0"/><net_sink comp="98" pin=0"/></net>

<net id="104"><net_src comp="2" pin="0"/><net_sink comp="98" pin=1"/></net>

<net id="105"><net_src comp="64" pin="0"/><net_sink comp="98" pin=2"/></net>

<net id="106"><net_src comp="84" pin="0"/><net_sink comp="98" pin=2"/></net>

<net id="107"><net_src comp="90" pin="0"/><net_sink comp="98" pin=2"/></net>

<net id="108"><net_src comp="82" pin="0"/><net_sink comp="98" pin=2"/></net>

<net id="118"><net_src comp="112" pin="4"/><net_sink comp="109" pin=0"/></net>

<net id="137"><net_src comp="88" pin="0"/><net_sink comp="119" pin=0"/></net>

<net id="138"><net_src comp="92" pin="2"/><net_sink comp="119" pin=1"/></net>

<net id="139"><net_src comp="4" pin="0"/><net_sink comp="119" pin=2"/></net>

<net id="140"><net_src comp="24" pin="0"/><net_sink comp="119" pin=3"/></net>

<net id="141"><net_src comp="30" pin="0"/><net_sink comp="119" pin=4"/></net>

<net id="142"><net_src comp="18" pin="0"/><net_sink comp="119" pin=5"/></net>

<net id="143"><net_src comp="32" pin="0"/><net_sink comp="119" pin=6"/></net>

<net id="144"><net_src comp="12" pin="0"/><net_sink comp="119" pin=7"/></net>

<net id="145"><net_src comp="34" pin="0"/><net_sink comp="119" pin=8"/></net>

<net id="146"><net_src comp="6" pin="0"/><net_sink comp="119" pin=9"/></net>

<net id="147"><net_src comp="36" pin="0"/><net_sink comp="119" pin=10"/></net>

<net id="148"><net_src comp="38" pin="0"/><net_sink comp="119" pin=11"/></net>

<net id="149"><net_src comp="40" pin="0"/><net_sink comp="119" pin=12"/></net>

<net id="150"><net_src comp="42" pin="0"/><net_sink comp="119" pin=13"/></net>

<net id="151"><net_src comp="44" pin="0"/><net_sink comp="119" pin=14"/></net>

<net id="152"><net_src comp="46" pin="0"/><net_sink comp="119" pin=15"/></net>

<net id="160"><net_src comp="52" pin="0"/><net_sink comp="153" pin=0"/></net>

<net id="161"><net_src comp="2" pin="0"/><net_sink comp="153" pin=1"/></net>

<net id="162"><net_src comp="6" pin="0"/><net_sink comp="153" pin=2"/></net>

<net id="163"><net_src comp="8" pin="0"/><net_sink comp="153" pin=3"/></net>

<net id="164"><net_src comp="10" pin="0"/><net_sink comp="153" pin=4"/></net>

<net id="172"><net_src comp="66" pin="0"/><net_sink comp="165" pin=0"/></net>

<net id="173"><net_src comp="68" pin="0"/><net_sink comp="165" pin=1"/></net>

<net id="174"><net_src comp="16" pin="0"/><net_sink comp="165" pin=2"/></net>

<net id="175"><net_src comp="10" pin="0"/><net_sink comp="165" pin=3"/></net>

<net id="176"><net_src comp="14" pin="0"/><net_sink comp="165" pin=4"/></net>

<net id="177"><net_src comp="70" pin="0"/><net_sink comp="165" pin=1"/></net>

<net id="185"><net_src comp="80" pin="0"/><net_sink comp="178" pin=0"/></net>

<net id="186"><net_src comp="68" pin="0"/><net_sink comp="178" pin=1"/></net>

<net id="187"><net_src comp="22" pin="0"/><net_sink comp="178" pin=2"/></net>

<net id="188"><net_src comp="10" pin="0"/><net_sink comp="178" pin=3"/></net>

<net id="189"><net_src comp="20" pin="0"/><net_sink comp="178" pin=4"/></net>

<net id="190"><net_src comp="70" pin="0"/><net_sink comp="178" pin=1"/></net>

<net id="198"><net_src comp="86" pin="0"/><net_sink comp="191" pin=0"/></net>

<net id="199"><net_src comp="68" pin="0"/><net_sink comp="191" pin=1"/></net>

<net id="200"><net_src comp="28" pin="0"/><net_sink comp="191" pin=2"/></net>

<net id="201"><net_src comp="10" pin="0"/><net_sink comp="191" pin=3"/></net>

<net id="202"><net_src comp="26" pin="0"/><net_sink comp="191" pin=4"/></net>

<net id="203"><net_src comp="70" pin="0"/><net_sink comp="191" pin=1"/></net>

<net id="209"><net_src comp="48" pin="0"/><net_sink comp="204" pin=0"/></net>

<net id="210"><net_src comp="50" pin="0"/><net_sink comp="204" pin=1"/></net>

<net id="211"><net_src comp="0" pin="0"/><net_sink comp="204" pin=2"/></net>

<net id="212"><net_src comp="64" pin="0"/><net_sink comp="204" pin=1"/></net>

<net id="217"><net_src comp="92" pin="2"/><net_sink comp="213" pin=0"/></net>

<net id="218"><net_src comp="82" pin="0"/><net_sink comp="213" pin=1"/></net>

<net id="222"><net_src comp="12" pin="0"/><net_sink comp="219" pin=0"/></net>

<net id="228"><net_src comp="56" pin="0"/><net_sink comp="223" pin=0"/></net>

<net id="229"><net_src comp="219" pin="1"/><net_sink comp="223" pin=1"/></net>

<net id="230"><net_src comp="58" pin="0"/><net_sink comp="223" pin=2"/></net>

<net id="234"><net_src comp="14" pin="0"/><net_sink comp="231" pin=0"/></net>

<net id="239"><net_src comp="231" pin="1"/><net_sink comp="235" pin=0"/></net>

<net id="240"><net_src comp="60" pin="0"/><net_sink comp="235" pin=1"/></net>

<net id="245"><net_src comp="231" pin="1"/><net_sink comp="241" pin=0"/></net>

<net id="246"><net_src comp="62" pin="0"/><net_sink comp="241" pin=1"/></net>

<net id="251"><net_src comp="241" pin="2"/><net_sink comp="247" pin=0"/></net>

<net id="252"><net_src comp="14" pin="0"/><net_sink comp="247" pin=1"/></net>

<net id="257"><net_src comp="92" pin="2"/><net_sink comp="253" pin=0"/></net>

<net id="258"><net_src comp="64" pin="0"/><net_sink comp="253" pin=1"/></net>

<net id="262"><net_src comp="18" pin="0"/><net_sink comp="259" pin=0"/></net>

<net id="268"><net_src comp="56" pin="0"/><net_sink comp="263" pin=0"/></net>

<net id="269"><net_src comp="259" pin="1"/><net_sink comp="263" pin=1"/></net>

<net id="270"><net_src comp="58" pin="0"/><net_sink comp="263" pin=2"/></net>

<net id="274"><net_src comp="20" pin="0"/><net_sink comp="271" pin=0"/></net>

<net id="279"><net_src comp="271" pin="1"/><net_sink comp="275" pin=0"/></net>

<net id="280"><net_src comp="60" pin="0"/><net_sink comp="275" pin=1"/></net>

<net id="285"><net_src comp="271" pin="1"/><net_sink comp="281" pin=0"/></net>

<net id="286"><net_src comp="62" pin="0"/><net_sink comp="281" pin=1"/></net>

<net id="291"><net_src comp="281" pin="2"/><net_sink comp="287" pin=0"/></net>

<net id="292"><net_src comp="20" pin="0"/><net_sink comp="287" pin=1"/></net>

<net id="299"><net_src comp="72" pin="0"/><net_sink comp="293" pin=0"/></net>

<net id="300"><net_src comp="92" pin="2"/><net_sink comp="293" pin=1"/></net>

<net id="301"><net_src comp="74" pin="0"/><net_sink comp="293" pin=2"/></net>

<net id="302"><net_src comp="58" pin="0"/><net_sink comp="293" pin=3"/></net>

<net id="307"><net_src comp="293" pin="4"/><net_sink comp="303" pin=0"/></net>

<net id="308"><net_src comp="76" pin="0"/><net_sink comp="303" pin=1"/></net>

<net id="312"><net_src comp="24" pin="0"/><net_sink comp="309" pin=0"/></net>

<net id="318"><net_src comp="56" pin="0"/><net_sink comp="313" pin=0"/></net>

<net id="319"><net_src comp="309" pin="1"/><net_sink comp="313" pin=1"/></net>

<net id="320"><net_src comp="58" pin="0"/><net_sink comp="313" pin=2"/></net>

<net id="324"><net_src comp="26" pin="0"/><net_sink comp="321" pin=0"/></net>

<net id="329"><net_src comp="321" pin="1"/><net_sink comp="325" pin=0"/></net>

<net id="330"><net_src comp="60" pin="0"/><net_sink comp="325" pin=1"/></net>

<net id="335"><net_src comp="321" pin="1"/><net_sink comp="331" pin=0"/></net>

<net id="336"><net_src comp="62" pin="0"/><net_sink comp="331" pin=1"/></net>

<net id="341"><net_src comp="331" pin="2"/><net_sink comp="337" pin=0"/></net>

<net id="342"><net_src comp="26" pin="0"/><net_sink comp="337" pin=1"/></net>

<net id="346"><net_src comp="204" pin="3"/><net_sink comp="343" pin=0"/></net>

<net id="347"><net_src comp="343" pin="1"/><net_sink comp="112" pin=0"/></net>

<net id="351"><net_src comp="223" pin="3"/><net_sink comp="348" pin=0"/></net>

<net id="355"><net_src comp="235" pin="2"/><net_sink comp="352" pin=0"/></net>

<net id="359"><net_src comp="253" pin="2"/><net_sink comp="356" pin=0"/></net>

<net id="363"><net_src comp="263" pin="3"/><net_sink comp="360" pin=0"/></net>

<net id="367"><net_src comp="275" pin="2"/><net_sink comp="364" pin=0"/></net>

<net id="371"><net_src comp="303" pin="2"/><net_sink comp="368" pin=0"/></net>

<net id="375"><net_src comp="313" pin="3"/><net_sink comp="372" pin=0"/></net>

<net id="379"><net_src comp="325" pin="2"/><net_sink comp="376" pin=0"/></net>

<net id="383"><net_src comp="213" pin="2"/><net_sink comp="380" pin=0"/></net>

<net id="387"><net_src comp="92" pin="2"/><net_sink comp="384" pin=0"/></net>

<net id="388"><net_src comp="384" pin="1"/><net_sink comp="119" pin=1"/></net>

<net id="395"><net_src comp="204" pin="3"/><net_sink comp="392" pin=0"/></net>

<net id="396"><net_src comp="392" pin="1"/><net_sink comp="112" pin=2"/></net>

</net_list>

</model> 
---------------- Datapath Model END ------------------

* FSMD analyzer results:
  - Output states:
	Port: current_txop_holder | {4 5 9 12 15 17 }
	Port: frame_to_transfer | {14 17 }
	Port: available_spaces_vo | {14 17 }
	Port: vo_backoff_counter | {4 5 }
	Port: rand_state | {4 5 7 8 9 10 11 12 13 14 15 }
	Port: available_spaces_vi | {14 17 }
	Port: vi_backoff_counter | {6 7 8 9 }
	Port: CW_vi | {7 8 9 }
	Port: available_spaces_be | {14 17 }
	Port: be_backoff_counter | {8 10 11 12 }
	Port: CW_be | {10 11 12 }
	Port: available_spaces_bk | {14 17 }
	Port: bk_backoff_counter | {11 13 14 15 }
	Port: CW_bk | {13 14 15 }
	Port: write_pointer_bk | {14 17 }
	Port: write_pointer_be | {14 17 }
	Port: write_pointer_vi | {14 17 }
	Port: write_pointer_vo | {14 17 }
	Port: edca_queues | {14 17 }
	Port: read_pointer_bk | {14 17 }
	Port: read_pointer_be | {14 17 }
	Port: read_pointer_vi | {14 17 }
	Port: read_pointer_vo | {14 17 }
 - Input state : 
	Port: initial_edca_process : medium_state | {1 2 14 16 }
	Port: initial_edca_process : current_txop_holder | {6 8 11 14 }
	Port: initial_edca_process : frame_to_transfer | {14 17 }
	Port: initial_edca_process : available_spaces_vo | {4 5 14 17 }
	Port: initial_edca_process : vo_backoff_counter | {4 5 }
	Port: initial_edca_process : rand_state | {4 5 7 8 9 10 11 12 13 14 15 }
	Port: initial_edca_process : available_spaces_vi | {6 14 17 }
	Port: initial_edca_process : vi_backoff_counter | {6 }
	Port: initial_edca_process : CW_vi | {7 8 9 }
	Port: initial_edca_process : available_spaces_be | {8 14 17 }
	Port: initial_edca_process : be_backoff_counter | {8 }
	Port: initial_edca_process : CW_be | {10 11 12 }
	Port: initial_edca_process : available_spaces_bk | {11 14 17 }
	Port: initial_edca_process : bk_backoff_counter | {11 }
	Port: initial_edca_process : CW_bk | {13 14 15 }
	Port: initial_edca_process : write_pointer_bk | {14 17 }
	Port: initial_edca_process : write_pointer_be | {14 17 }
	Port: initial_edca_process : write_pointer_vi | {14 17 }
	Port: initial_edca_process : write_pointer_vo | {14 17 }
	Port: initial_edca_process : edca_queues | {14 17 }
	Port: initial_edca_process : read_pointer_bk | {14 17 }
	Port: initial_edca_process : read_pointer_be | {14 17 }
	Port: initial_edca_process : read_pointer_vi | {14 17 }
	Port: initial_edca_process : read_pointer_vo | {14 17 }
  - Chain level:
	State 1
	State 2
	State 3
	State 4
		br_ln7 : 1
	State 5
	State 6
		tmp : 1
		br_ln267 : 2
		icmp_ln268 : 1
		br_ln268 : 2
		add_ln278 : 1
		store_ln278 : 2
		br_ln269 : 1
	State 7
	State 8
		tmp_7 : 1
		br_ln285 : 2
		icmp_ln286 : 1
		br_ln286 : 2
		add_ln296 : 1
		store_ln296 : 2
		icmp_ln287 : 1
		br_ln287 : 2
	State 9
	State 10
	State 11
		tmp_9 : 1
		br_ln303 : 2
		icmp_ln304 : 1
		br_ln304 : 2
		add_ln314 : 1
		store_ln314 : 2
		br_ln305 : 1
	State 12
	State 13
	State 14
		br_ln12 : 1
	State 15
	State 16
	State 17


============================================================
+ Verbose Summary: Datapath Resource usage 
============================================================

* Functional unit list:
|----------|---------------------------------|---------|---------|---------|---------|
| Operation|         Functional Unit         |  DSP48E |  Delay  |    FF   |   LUT   |
|----------|---------------------------------|---------|---------|---------|---------|
|          |       grp_start_tx_fu_119       |    0    | 14.2315 |   326   |   1234  |
|          |      grp_backoff_vo_fu_153      |    2    |  3.328  |   572   |   428   |
|   call   |   grp_start_backoff_vi_fu_165   |    2    |  3.328  |   580   |   411   |
|          |   grp_start_backoff_be_fu_178   |    2    |  3.328  |   580   |   411   |
|          |   grp_start_backoff_bk_fu_191   |    2    |  3.328  |   580   |   411   |
|          | grp_slot_boundary_timing_fu_204 |    0    |  1.664  |    74   |   128   |
|----------|---------------------------------|---------|---------|---------|---------|
|          |            grp_fu_213           |    0    |    0    |    0    |    9    |
|          |        icmp_ln268_fu_235        |    0    |    0    |    0    |    13   |
|   icmp   |        icmp_ln269_fu_253        |    0    |    0    |    0    |    9    |
|          |        icmp_ln286_fu_275        |    0    |    0    |    0    |    13   |
|          |        icmp_ln287_fu_303        |    0    |    0    |    0    |    8    |
|          |        icmp_ln304_fu_325        |    0    |    0    |    0    |    13   |
|----------|---------------------------------|---------|---------|---------|---------|
|          |         add_ln278_fu_241        |    0    |    0    |    0    |    17   |
|    add   |         add_ln296_fu_281        |    0    |    0    |    0    |    17   |
|          |         add_ln314_fu_331        |    0    |    0    |    0    |    17   |
|----------|---------------------------------|---------|---------|---------|---------|
|   read   |          grp_read_fu_92         |    0    |    0    |    0    |    0    |
|----------|---------------------------------|---------|---------|---------|---------|
|   write  |         grp_write_fu_98         |    0    |    0    |    0    |    0    |
|----------|---------------------------------|---------|---------|---------|---------|
|          |            tmp_fu_223           |    0    |    0    |    0    |    0    |
| bitselect|           tmp_7_fu_263          |    0    |    0    |    0    |    0    |
|          |           tmp_9_fu_313          |    0    |    0    |    0    |    0    |
|----------|---------------------------------|---------|---------|---------|---------|
|partselect|           tmp_8_fu_293          |    0    |    0    |    0    |    0    |
|----------|---------------------------------|---------|---------|---------|---------|
|   Total  |                                 |    8    | 29.2075 |   2712  |   3139  |
|----------|---------------------------------|---------|---------|---------|---------|

Memories:
N/A

* Register list:
+-----------------------------+--------+
|                             |   FF   |
+-----------------------------+--------+
|current_txop_holder_6_reg_384|    3   |
|      icmp_ln268_reg_352     |    1   |
|      icmp_ln269_reg_356     |    1   |
|      icmp_ln286_reg_364     |    1   |
|      icmp_ln287_reg_368     |    1   |
|      icmp_ln304_reg_376     |    1   |
|      icmp_ln305_reg_380     |    1   |
|    idle_waited_0_reg_109    |    1   |
|    idle_waited_2_reg_392    |    1   |
|     idle_waited_reg_343     |    1   |
|        tmp_7_reg_360        |    1   |
|        tmp_9_reg_372        |    1   |
|         tmp_reg_348         |    1   |
+-----------------------------+--------+
|            Total            |   15   |
+-----------------------------+--------+

* Multiplexer (MUX) list: 
|---------------------------------|------|------|------|--------||---------||---------|
|               Comp              |  Pin | Size |  BW  | S x BW ||  Delay  ||   LUT   |
|---------------------------------|------|------|------|--------||---------||---------|
|         grp_write_fu_98         |  p2  |   4  |   3  |   12   ||    9    |
|       grp_start_tx_fu_119       |  p1  |   2  |   3  |    6   ||    9    |
|   grp_start_backoff_vi_fu_165   |  p1  |   2  |   1  |    2   |
|   grp_start_backoff_be_fu_178   |  p1  |   2  |   1  |    2   |
|   grp_start_backoff_bk_fu_191   |  p1  |   2  |   1  |    2   |
| grp_slot_boundary_timing_fu_204 |  p1  |   2  |   3  |    6   |
|---------------------------------|------|------|------|--------||---------||---------|
|              Total              |      |      |      |   30   || 10.0735 ||    18   |
|---------------------------------|------|------|------|--------||---------||---------|



* Summary:
+-----------+--------+--------+--------+--------+
|           | DSP48E |  Delay |   FF   |   LUT  |
+-----------+--------+--------+--------+--------+
|  Function |    8   |   29   |  2712  |  3139  |
|   Memory  |    -   |    -   |    -   |    -   |
|Multiplexer|    -   |   10   |    -   |   18   |
|  Register |    -   |    -   |   15   |    -   |
+-----------+--------+--------+--------+--------+
|   Total   |    8   |   39   |  2727  |  3157  |
+-----------+--------+--------+--------+--------+
