

================================================================
== Vivado HLS Report for 'backoff_vo'
================================================================
* Date:           Thu Nov 19 12:13:14 2020

* Version:        2019.2 (Build 2704478 on Wed Nov 06 22:10:23 MST 2019)
* Project:        fyp
* Solution:       solution1
* Product family: artix7
* Target device:  xc7a35t-cpg236-1


================================================================
== Performance Estimates
================================================================
+ Timing: 
    * Summary: 
    +--------+----------+----------+------------+
    |  Clock |  Target  | Estimated| Uncertainty|
    +--------+----------+----------+------------+
    |ap_clk  | 10.00 ns | 7.180 ns |   1.25 ns  |
    +--------+----------+----------+------------+

+ Latency: 
    * Summary: 
    +---------+---------+-----------+----------+-----+-----+---------+
    |  Latency (cycles) |  Latency (absolute)  |  Interval | Pipeline|
    |   min   |   max   |    min    |    max   | min | max |   Type  |
    +---------+---------+-----------+----------+-----+-----+---------+
    |        1|       38| 10.000 ns | 0.380 us |    1|   38|   none  |
    +---------+---------+-----------+----------+-----+-----+---------+

    + Detail: 
        * Instance: 
        +--------------------------+----------------+---------+---------+----------+----------+-----+-----+---------+
        |                          |                |  Latency (cycles) |  Latency (absolute) |  Interval | Pipeline|
        |         Instance         |     Module     |   min   |   max   |    min   |    max   | min | max |   Type  |
        +--------------------------+----------------+---------+---------+----------+----------+-----+-----+---------+
        |grp_random_int_gen_fu_32  |random_int_gen  |       37|       37| 0.370 us | 0.370 us |   37|   37|   none  |
        +--------------------------+----------------+---------+---------+----------+----------+-----+-----+---------+

        * Loop: 
        N/A



================================================================
== Utilization Estimates
================================================================
* Summary: 
+-----------------+---------+-------+-------+-------+-----+
|       Name      | BRAM_18K| DSP48E|   FF  |  LUT  | URAM|
+-----------------+---------+-------+-------+-------+-----+
|DSP              |        -|      -|      -|      -|    -|
|Expression       |        -|      -|      0|     34|    -|
|FIFO             |        -|      -|      -|      -|    -|
|Instance         |        -|      2|    554|    637|    -|
|Memory           |        -|      -|      -|      -|    -|
|Multiplexer      |        -|      -|      -|     39|    -|
|Register         |        -|      -|      5|      -|    -|
+-----------------+---------+-------+-------+-------+-----+
|Total            |        0|      2|    559|    710|    0|
+-----------------+---------+-------+-------+-------+-----+
|Available        |      100|     90|  41600|  20800|    0|
+-----------------+---------+-------+-------+-------+-----+
|Utilization (%)  |        0|      2|      1|      3|    0|
+-----------------+---------+-------+-------+-------+-----+

+ Detail: 
    * Instance: 
    +--------------------------+----------------+---------+-------+-----+-----+-----+
    |         Instance         |     Module     | BRAM_18K| DSP48E|  FF | LUT | URAM|
    +--------------------------+----------------+---------+-------+-----+-----+-----+
    |grp_random_int_gen_fu_32  |random_int_gen  |        0|      2|  554|  637|    0|
    +--------------------------+----------------+---------+-------+-----+-----+-----+
    |Total                     |                |        0|      2|  554|  637|    0|
    +--------------------------+----------------+---------+-------+-----+-----+-----+

    * DSP48E: 
    N/A

    * Memory: 
    N/A

    * FIFO: 
    N/A

    * Expression: 
    +---------------------------------+----------+-------+---+----+------------+------------+
    |          Variable Name          | Operation| DSP48E| FF| LUT| Bitwidth P0| Bitwidth P1|
    +---------------------------------+----------+-------+---+----+------------+------------+
    |add_ln260_fu_62_p2               |     +    |      0|  0|  17|          10|           2|
    |ap_block_state2_on_subcall_done  |    and   |      0|  0|   2|           1|           1|
    |ap_predicate_op14_call_state2    |    and   |      0|  0|   2|           1|           1|
    |icmp_ln255_fu_56_p2              |   icmp   |      0|  0|  13|          10|           1|
    +---------------------------------+----------+-------+---+----+------------+------------+
    |Total                            |          |      0|  0|  34|          22|           5|
    +---------------------------------+----------+-------+---+----+------------+------------+

    * Multiplexer: 
    +----------------------+----+-----------+-----+-----------+
    |         Name         | LUT| Input Size| Bits| Total Bits|
    +----------------------+----+-----------+-----+-----------+
    |ap_NS_fsm             |  15|          3|    1|          3|
    |rand_state_o          |   9|          2|   32|         64|
    |vo_backoff_counter_o  |  15|          3|   10|         30|
    +----------------------+----+-----------+-----+-----------+
    |Total                 |  39|          8|   43|         97|
    +----------------------+----+-----------+-----+-----------+

    * Register: 
    +---------------------------------------+---+----+-----+-----------+
    |                  Name                 | FF| LUT| Bits| Const Bits|
    +---------------------------------------+---+----+-----+-----------+
    |ap_CS_fsm                              |  2|   0|    2|          0|
    |grp_random_int_gen_fu_32_ap_start_reg  |  1|   0|    1|          0|
    |icmp_ln255_reg_84                      |  1|   0|    1|          0|
    |tmp_reg_80                             |  1|   0|    1|          0|
    +---------------------------------------+---+----+-----+-----------+
    |Total                                  |  5|   0|    5|          0|
    +---------------------------------------+---+----+-----+-----------+



================================================================
== Interface
================================================================
* Summary: 
+-----------------------------+-----+-----+------------+---------------------+--------------+
|          RTL Ports          | Dir | Bits|  Protocol  |    Source Object    |    C Type    |
+-----------------------------+-----+-----+------------+---------------------+--------------+
|ap_clk                       |  in |    1| ap_ctrl_hs |      backoff_vo     | return value |
|ap_rst                       |  in |    1| ap_ctrl_hs |      backoff_vo     | return value |
|ap_start                     |  in |    1| ap_ctrl_hs |      backoff_vo     | return value |
|ap_done                      | out |    1| ap_ctrl_hs |      backoff_vo     | return value |
|ap_idle                      | out |    1| ap_ctrl_hs |      backoff_vo     | return value |
|ap_ready                     | out |    1| ap_ctrl_hs |      backoff_vo     | return value |
|current_txop_holder          | out |    3|   ap_vld   | current_txop_holder |    pointer   |
|current_txop_holder_ap_vld   | out |    1|   ap_vld   | current_txop_holder |    pointer   |
|available_spaces_vo          |  in |    3|   ap_none  | available_spaces_vo |    pointer   |
|vo_backoff_counter_i         |  in |   10|   ap_ovld  |  vo_backoff_counter |    pointer   |
|vo_backoff_counter_o         | out |   10|   ap_ovld  |  vo_backoff_counter |    pointer   |
|vo_backoff_counter_o_ap_vld  | out |    1|   ap_ovld  |  vo_backoff_counter |    pointer   |
|rand_state_i                 |  in |   32|   ap_ovld  |      rand_state     |    pointer   |
|rand_state_o                 | out |   32|   ap_ovld  |      rand_state     |    pointer   |
|rand_state_o_ap_vld          | out |    1|   ap_ovld  |      rand_state     |    pointer   |
+-----------------------------+-----+-----+------------+---------------------+--------------+

