

================================================================
== Vivado HLS Report for 'backoff_vi'
================================================================
* Date:           Thu Oct 29 12:22:38 2020

* Version:        2019.2 (Build 2704478 on Wed Nov 06 22:10:23 MST 2019)
* Project:        fyp
* Solution:       solution1
* Product family: artix7
* Target device:  xc7a35t-cpg236-1


================================================================
== Performance Estimates
================================================================
+ Timing: 
    * Summary: 
    +--------+----------+----------+------------+
    |  Clock |  Target  | Estimated| Uncertainty|
    +--------+----------+----------+------------+
    |ap_clk  | 10.00 ns | 8.485 ns |   1.25 ns  |
    +--------+----------+----------+------------+

+ Latency: 
    * Summary: 
    +---------+---------+-----------+----------+-----+-----+---------+
    |  Latency (cycles) |  Latency (absolute)  |  Interval | Pipeline|
    |   min   |   max   |    min    |    max   | min | max |   Type  |
    +---------+---------+-----------+----------+-----+-----+---------+
    |        1|       16| 10.000 ns | 0.160 us |    1|   16|   none  |
    +---------+---------+-----------+----------+-----+-----+---------+

    + Detail: 
        * Instance: 
        N/A

        * Loop: 
        N/A



================================================================
== Utilization Estimates
================================================================
* Summary: 
+-----------------+---------+-------+-------+-------+-----+
|       Name      | BRAM_18K| DSP48E|   FF  |  LUT  | URAM|
+-----------------+---------+-------+-------+-------+-----+
|DSP              |        -|      1|      -|      -|    -|
|Expression       |        -|      1|      0|    575|    -|
|FIFO             |        -|      -|      -|      -|    -|
|Instance         |        -|      3|    821|    886|    -|
|Memory           |        -|      -|      -|      -|    -|
|Multiplexer      |        -|      -|      -|    146|    -|
|Register         |        -|      -|    322|      -|    -|
+-----------------+---------+-------+-------+-------+-----+
|Total            |        0|      5|   1143|   1607|    0|
+-----------------+---------+-------+-------+-------+-----+
|Available        |      100|     90|  41600|  20800|    0|
+-----------------+---------+-------+-------+-------+-----+
|Utilization (%)  |        0|      5|      2|      7|    0|
+-----------------+---------+-------+-------+-------+-----+

+ Detail: 
    * Instance: 
    +-------------------------+----------------------+---------+-------+-----+-----+-----+
    |         Instance        |        Module        | BRAM_18K| DSP48E|  FF | LUT | URAM|
    +-------------------------+----------------------+---------+-------+-----+-----+-----+
    |backoff_vi_fmul_3bkb_U1  |backoff_vi_fmul_3bkb  |        0|      3|  143|  140|    0|
    |backoff_vi_sitofpdEe_U3  |backoff_vi_sitofpdEe  |        0|      0|  339|  373|    0|
    |backoff_vi_uitofpcud_U2  |backoff_vi_uitofpcud  |        0|      0|  339|  373|    0|
    +-------------------------+----------------------+---------+-------+-----+-----+-----+
    |Total                    |                      |        0|      3|  821|  886|    0|
    +-------------------------+----------------------+---------+-------+-----+-----+-----+

    * DSP48E: 
    +-------------------------+----------------------+-----------+
    |         Instance        |        Module        | Expression|
    +-------------------------+----------------------+-----------+
    |backoff_vi_mul_mueOg_U4  |backoff_vi_mul_mueOg  |  i0 * i1  |
    +-------------------------+----------------------+-----------+

    * Memory: 
    N/A

    * FIFO: 
    N/A

    * Expression: 
    +-------------------------+----------+-------+---+-----+------------+------------+
    |      Variable Name      | Operation| DSP48E| FF| LUT | Bitwidth P0| Bitwidth P1|
    +-------------------------+----------+-------+---+-----+------------+------------+
    |low_1_fu_189_p2          |     *    |      1|  0|    6|          15|          16|
    |add_ln10_fu_225_p2       |     +    |      0|  0|   23|           4|          16|
    |add_ln228_fu_131_p2      |     +    |      0|  0|   17|          10|           2|
    |add_ln339_fu_304_p2      |     +    |      0|  0|   16|           8|           9|
    |x_1_fu_240_p2            |     +    |      0|  0|   39|          32|          32|
    |x_2_fu_265_p2            |     +    |      0|  0|   39|          32|          32|
    |sub_ln1311_fu_318_p2     |     -    |      0|  0|   15|           7|           8|
    |ap_condition_60          |    and   |      0|  0|    2|           1|           1|
    |icmp_ln219_fu_125_p2     |   icmp   |      0|  0|   13|          10|           1|
    |icmp_ln220_fu_143_p2     |   icmp   |      0|  0|    9|           3|           2|
    |icmp_ln283_fu_153_p2     |   icmp   |      0|  0|   13|          10|           2|
    |r_V_fu_358_p2            |   lshr   |      0|  0|   73|          25|          25|
    |or_ln284_fu_165_p2       |    or    |      0|  0|   10|          10|           1|
    |select_ln1312_fu_392_p3  |  select  |      0|  0|   10|           1|          10|
    |ush_fu_340_p3            |  select  |      0|  0|    9|           1|           9|
    |r_V_1_fu_364_p2          |    shl   |      0|  0|  180|          63|          63|
    |x_fu_234_p2              |    shl   |      0|  0|  101|          32|          32|
    +-------------------------+----------+-------+---+-----+------------+------------+
    |Total                    |          |      1|  0|  575|         264|         261|
    +-------------------------+----------+-------+---+-----+------------+------------+

    * Multiplexer: 
    +-----------------------+----+-----------+-----+-----------+
    |          Name         | LUT| Input Size| Bits| Total Bits|
    +-----------------------+----+-----------+-----+-----------+
    |ap_NS_fsm              |  89|         18|    1|         18|
    |current_txop_holder_o  |   9|          2|    3|          6|
    |empty_reg_100          |   9|          2|    6|         12|
    |grp_fu_110_p0          |  15|          3|   32|         96|
    |grp_fu_110_p1          |  15|          3|   32|         96|
    |vi_backoff_counter     |   9|          2|   10|         20|
    +-----------------------+----+-----------+-----+-----------+
    |Total                  | 146|         30|   84|        248|
    +-----------------------+----+-----------+-----+-----------+

    * Register: 
    +--------------------+----+----+-----+-----------+
    |        Name        | FF | LUT| Bits| Const Bits|
    +--------------------+----+----+-----+-----------+
    |CW_vi               |   6|   0|   10|          4|
    |add_ln339_reg_478   |   9|   0|    9|          0|
    |ap_CS_fsm           |  17|   0|   17|          0|
    |empty_reg_100       |   6|   0|   10|          4|
    |high_2_reg_438      |  32|   0|   32|          0|
    |icmp_ln219_reg_412  |   1|   0|    1|          0|
    |icmp_ln220_reg_416  |   1|   0|    1|          0|
    |isNeg_reg_483       |   1|   0|    1|          0|
    |low_1_reg_433       |  32|   0|   32|          0|
    |rand_state          |  32|   0|   32|          0|
    |sub_ln1311_reg_489  |   8|   0|    8|          0|
    |tmp_4_i_i_reg_468   |  32|   0|   32|          0|
    |tmp_V_1_reg_473     |  23|   0|   23|          0|
    |tmp_i_i_reg_458     |  32|   0|   32|          0|
    |tmp_i_reg_463       |  32|   0|   32|          0|
    |trunc_ln_reg_443    |  16|   0|   16|          0|
    |vi_backoff_counter  |  10|   0|   10|          0|
    |x_2_reg_448         |  32|   0|   32|          0|
    +--------------------+----+----+-----+-----------+
    |Total               | 322|   0|  330|          8|
    +--------------------+----+----+-----+-----------+



================================================================
== Interface
================================================================
* Summary: 
+------------------------------+-----+-----+------------+---------------------+--------------+
|           RTL Ports          | Dir | Bits|  Protocol  |    Source Object    |    C Type    |
+------------------------------+-----+-----+------------+---------------------+--------------+
|ap_clk                        |  in |    1| ap_ctrl_hs |      backoff_vi     | return value |
|ap_rst                        |  in |    1| ap_ctrl_hs |      backoff_vi     | return value |
|ap_start                      |  in |    1| ap_ctrl_hs |      backoff_vi     | return value |
|ap_done                       | out |    1| ap_ctrl_hs |      backoff_vi     | return value |
|ap_idle                       | out |    1| ap_ctrl_hs |      backoff_vi     | return value |
|ap_ready                      | out |    1| ap_ctrl_hs |      backoff_vi     | return value |
|current_txop_holder_i         |  in |    3|   ap_ovld  | current_txop_holder |    pointer   |
|current_txop_holder_o         | out |    3|   ap_ovld  | current_txop_holder |    pointer   |
|current_txop_holder_o_ap_vld  | out |    1|   ap_ovld  | current_txop_holder |    pointer   |
+------------------------------+-----+-----+------------+---------------------+--------------+

