

================================================================
== Vivado HLS Report for 'enqueue_dequeue_frame'
================================================================
* Date:           Sun Oct 25 21:18:28 2020

* Version:        2019.2 (Build 2704478 on Wed Nov 06 22:10:23 MST 2019)
* Project:        fyp
* Solution:       solution1
* Product family: artix7
* Target device:  xc7a35t-cpg236-1


================================================================
== Performance Estimates
================================================================
+ Timing: 
    * Summary: 
    +--------+----------+----------+------------+
    |  Clock |  Target  | Estimated| Uncertainty|
    +--------+----------+----------+------------+
    |ap_clk  | 10.00 ns | 7.502 ns |   1.25 ns  |
    +--------+----------+----------+------------+

+ Latency: 
    * Summary: 
    +---------+---------+-----------+----------+-----+-----+---------+
    |  Latency (cycles) |  Latency (absolute)  |  Interval | Pipeline|
    |   min   |   max   |    min    |    max   | min | max |   Type  |
    +---------+---------+-----------+----------+-----+-----+---------+
    |        1|      202| 10.000 ns | 2.020 us |    1|  202|   none  |
    +---------+---------+-----------+----------+-----+-----+---------+

    + Detail: 
        * Instance: 
        N/A

        * Loop: 
        +----------------+---------+---------+----------+-----------+-----------+------+----------+
        |                |  Latency (cycles) | Iteration|  Initiation Interval  | Trip |          |
        |    Loop Name   |   min   |   max   |  Latency |  achieved |   target  | Count| Pipelined|
        +----------------+---------+---------+----------+-----------+-----------+------+----------+
        |- write_to_bk   |      200|      200|         2|          -|          -|   100|    no    |
        |- write_to_be   |      200|      200|         2|          -|          -|   100|    no    |
        |- write_to_vi   |      200|      200|         2|          -|          -|   100|    no    |
        |- write_to_vo   |      200|      200|         2|          -|          -|   100|    no    |
        |- read_from_bk  |      200|      200|         2|          -|          -|   100|    no    |
        |- read_from_be  |      200|      200|         2|          -|          -|   100|    no    |
        |- read_from_vi  |      200|      200|         2|          -|          -|   100|    no    |
        |- read_from_vo  |      200|      200|         2|          -|          -|   100|    no    |
        +----------------+---------+---------+----------+-----------+-----------+------+----------+



================================================================
== Utilization Estimates
================================================================
* Summary: 
+-----------------+---------+-------+-------+-------+-----+
|       Name      | BRAM_18K| DSP48E|   FF  |  LUT  | URAM|
+-----------------+---------+-------+-------+-------+-----+
|DSP              |        -|      -|      -|      -|    -|
|Expression       |        -|      0|      0|   1016|    -|
|FIFO             |        -|      -|      -|      -|    -|
|Instance         |        -|      -|      -|      -|    -|
|Memory           |        1|      -|      0|      0|    0|
|Multiplexer      |        -|      -|      -|    385|    -|
|Register         |        -|      -|    279|      -|    -|
+-----------------+---------+-------+-------+-------+-----+
|Total            |        1|      0|    279|   1401|    0|
+-----------------+---------+-------+-------+-------+-----+
|Available        |      100|     90|  41600|  20800|    0|
+-----------------+---------+-------+-------+-------+-----+
|Utilization (%)  |        1|      0|   ~0  |      6|    0|
+-----------------+---------+-------+-------+-------+-----+

+ Detail: 
    * Instance: 
    N/A

    * DSP48E: 
    N/A

    * Memory: 
    +---------------+----------------------+---------+---+----+-----+------+-----+------+-------------+
    |     Memory    |        Module        | BRAM_18K| FF| LUT| URAM| Words| Bits| Banks| W*Bits*Banks|
    +---------------+----------------------+---------+---+----+-----+------+-----+------+-------------+
    |edca_queues_U  |enqueue_dequeue_fbkb  |        1|  0|   0|    0|  1600|    8|     1|        12800|
    +---------------+----------------------+---------+---+----+-----+------+-----+------+-------------+
    |Total          |                      |        1|  0|   0|    0|  1600|    8|     1|        12800|
    +---------------+----------------------+---------+---+----+-----+------+-----+------+-------------+

    * FIFO: 
    N/A

    * Expression: 
    +------------------------+----------+-------+---+----+------------+------------+
    |      Variable Name     | Operation| DSP48E| FF| LUT| Bitwidth P0| Bitwidth P1|
    +------------------------+----------+-------+---+----+------------+------------+
    |mul_ln105_fu_581_p2     |     *    |      0|  0|  33|           2|           7|
    |mul_ln31_fu_699_p2      |     *    |      0|  0|  33|           2|           7|
    |mul_ln41_fu_683_p2      |     *    |      0|  0|  33|           2|           7|
    |mul_ln51_fu_667_p2      |     *    |      0|  0|  33|           2|           7|
    |mul_ln61_fu_651_p2      |     *    |      0|  0|  33|           2|           7|
    |mul_ln75_fu_629_p2      |     *    |      0|  0|  33|           2|           7|
    |mul_ln85_fu_613_p2      |     *    |      0|  0|  33|           2|           7|
    |mul_ln95_fu_597_p2      |     *    |      0|  0|  33|           2|           7|
    |add_ln105_1_fu_730_p2   |     +    |      0|  0|  18|          11|          11|
    |add_ln105_fu_721_p2     |     +    |      0|  0|  16|           9|           9|
    |add_ln107_fu_741_p2     |     +    |      0|  0|  10|           2|           1|
    |add_ln108_fu_752_p2     |     +    |      0|  0|  12|           3|           1|
    |add_ln31_fu_1154_p2     |     +    |      0|  0|  16|           9|           9|
    |add_ln33_fu_1159_p2     |     +    |      0|  0|  10|           2|           1|
    |add_ln34_fu_1170_p2     |     +    |      0|  0|  12|           3|           2|
    |add_ln41_1_fu_1122_p2   |     +    |      0|  0|  17|          10|           9|
    |add_ln41_fu_1092_p2     |     +    |      0|  0|  16|           9|           9|
    |add_ln43_fu_1097_p2     |     +    |      0|  0|  10|           2|           1|
    |add_ln44_fu_1108_p2     |     +    |      0|  0|  12|           3|           2|
    |add_ln51_1_fu_1060_p2   |     +    |      0|  0|  18|          11|          10|
    |add_ln51_fu_1030_p2     |     +    |      0|  0|  16|           9|           9|
    |add_ln53_fu_1035_p2     |     +    |      0|  0|  10|           2|           1|
    |add_ln54_fu_1046_p2     |     +    |      0|  0|  12|           3|           2|
    |add_ln61_1_fu_998_p2    |     +    |      0|  0|  18|          11|          11|
    |add_ln61_fu_968_p2      |     +    |      0|  0|  16|           9|           9|
    |add_ln63_fu_973_p2      |     +    |      0|  0|  10|           2|           1|
    |add_ln64_fu_984_p2      |     +    |      0|  0|  12|           3|           2|
    |add_ln75_fu_910_p2      |     +    |      0|  0|  16|           9|           9|
    |add_ln77_fu_920_p2      |     +    |      0|  0|  10|           2|           1|
    |add_ln78_fu_931_p2      |     +    |      0|  0|  12|           3|           1|
    |add_ln85_1_fu_856_p2    |     +    |      0|  0|  17|          10|           9|
    |add_ln85_fu_847_p2      |     +    |      0|  0|  16|           9|           9|
    |add_ln87_fu_867_p2      |     +    |      0|  0|  10|           2|           1|
    |add_ln88_fu_878_p2      |     +    |      0|  0|  12|           3|           1|
    |add_ln95_1_fu_793_p2    |     +    |      0|  0|  18|          11|          10|
    |add_ln95_fu_784_p2      |     +    |      0|  0|  16|           9|           9|
    |add_ln97_fu_804_p2      |     +    |      0|  0|  10|           2|           1|
    |add_ln98_fu_815_p2      |     +    |      0|  0|  12|           3|           1|
    |be_1_fu_841_p2          |     +    |      0|  0|  15|           7|           1|
    |be_fu_1081_p2           |     +    |      0|  0|  15|           7|           1|
    |bk_1_fu_904_p2          |     +    |      0|  0|  15|           7|           1|
    |bk_fu_1143_p2           |     +    |      0|  0|  15|           7|           1|
    |vi_1_fu_778_p2          |     +    |      0|  0|  15|           7|           1|
    |vi_fu_1019_p2           |     +    |      0|  0|  15|           7|           1|
    |vo_1_fu_715_p2          |     +    |      0|  0|  15|           7|           1|
    |vo_fu_957_p2            |     +    |      0|  0|  15|           7|           1|
    |grp_fu_403_p2           |   icmp   |      0|  0|   8|           2|           1|
    |grp_fu_409_p2           |   icmp   |      0|  0|   8|           2|           1|
    |grp_fu_415_p2           |   icmp   |      0|  0|   9|           2|           3|
    |grp_fu_421_p2           |   icmp   |      0|  0|   8|           2|           2|
    |icmp_ln101_1_fu_565_p2  |   icmp   |      0|  0|   9|           3|           4|
    |icmp_ln104_fu_709_p2    |   icmp   |      0|  0|  11|           7|           6|
    |icmp_ln113_fu_487_p2    |   icmp   |      0|  0|   9|           2|           3|
    |icmp_ln25_fu_427_p2     |   icmp   |      0|  0|   8|           2|           1|
    |icmp_ln27_fu_689_p2     |   icmp   |      0|  0|   9|           3|           1|
    |icmp_ln30_fu_1137_p2    |   icmp   |      0|  0|  11|           7|           6|
    |icmp_ln37_fu_673_p2     |   icmp   |      0|  0|   9|           3|           1|
    |icmp_ln40_fu_1075_p2    |   icmp   |      0|  0|  11|           7|           6|
    |icmp_ln47_fu_657_p2     |   icmp   |      0|  0|   9|           3|           1|
    |icmp_ln50_fu_1013_p2    |   icmp   |      0|  0|  11|           7|           6|
    |icmp_ln57_1_fu_635_p2   |   icmp   |      0|  0|   9|           3|           1|
    |icmp_ln60_fu_951_p2     |   icmp   |      0|  0|  11|           7|           6|
    |icmp_ln69_fu_465_p2     |   icmp   |      0|  0|   8|           2|           1|
    |icmp_ln71_fu_619_p2     |   icmp   |      0|  0|   9|           3|           4|
    |icmp_ln74_fu_898_p2     |   icmp   |      0|  0|  11|           7|           6|
    |icmp_ln81_fu_603_p2     |   icmp   |      0|  0|   9|           3|           4|
    |icmp_ln84_fu_835_p2     |   icmp   |      0|  0|  11|           7|           6|
    |icmp_ln91_fu_587_p2     |   icmp   |      0|  0|   9|           3|           4|
    |icmp_ln94_fu_772_p2     |   icmp   |      0|  0|  11|           7|           6|
    |or_ln101_fu_571_p2      |    or    |      0|  0|   2|           1|           1|
    |or_ln57_fu_641_p2       |    or    |      0|  0|   2|           1|           1|
    +------------------------+----------+-------+---+----+------------+------------+
    |Total                   |          |      0|  0|1016|         344|         298|
    +------------------------+----------+-------+---+----+------------+------------+

    * Multiplexer: 
    +----------------------+----+-----------+-----+-----------+
    |         Name         | LUT| Input Size| Bits| Total Bits|
    +----------------------+----+-----------+-----+-----------+
    |ap_NS_fsm             |  93|         19|    1|         19|
    |available_spaces_be   |  15|          3|    3|          9|
    |available_spaces_bk   |  15|          3|    3|          9|
    |available_spaces_vi   |  15|          3|    3|          9|
    |available_spaces_vo   |  15|          3|    3|          9|
    |be2_0_reg_274         |   9|          2|    7|         14|
    |be_0_reg_320          |   9|          2|    7|         14|
    |bk1_0_reg_286         |   9|          2|    7|         14|
    |bk_0_reg_331          |   9|          2|    7|         14|
    |edca_queues_address0  |  44|          9|   11|         99|
    |inout_frame_address0  |  44|          9|    7|         63|
    |read_pointer_be       |   9|          2|    2|          4|
    |read_pointer_bk       |   9|          2|    2|          4|
    |read_pointer_vi       |   9|          2|    2|          4|
    |read_pointer_vo       |   9|          2|    2|          4|
    |vi3_0_reg_262         |   9|          2|    7|         14|
    |vi_0_reg_309          |   9|          2|    7|         14|
    |vo4_0_reg_250         |   9|          2|    7|         14|
    |vo_0_reg_298          |   9|          2|    7|         14|
    |write_pointer_be      |   9|          2|    2|          4|
    |write_pointer_bk      |   9|          2|    2|          4|
    |write_pointer_vi      |   9|          2|    2|          4|
    |write_pointer_vo      |   9|          2|    2|          4|
    +----------------------+----+-----------+-----+-----------+
    |Total                 | 385|         81|  103|        361|
    +----------------------+----+-----------+-----+-----------+

    * Register: 
    +--------------------------------+----+----+-----+-----------+
    |              Name              | FF | LUT| Bits| Const Bits|
    +--------------------------------+----+----+-----+-----------+
    |add_ln31_reg_1459               |   9|   0|    9|          0|
    |add_ln41_reg_1441               |   9|   0|    9|          0|
    |add_ln51_reg_1423               |   9|   0|    9|          0|
    |add_ln61_reg_1405               |   9|   0|    9|          0|
    |ap_CS_fsm                       |  18|   0|   18|          0|
    |available_spaces_be             |   3|   0|    3|          0|
    |available_spaces_be_s_reg_1199  |   3|   0|    3|          0|
    |available_spaces_bk             |   3|   0|    3|          0|
    |available_spaces_bk_s_reg_1188  |   3|   0|    3|          0|
    |available_spaces_vi             |   3|   0|    3|          0|
    |available_spaces_vi_s_reg_1210  |   3|   0|    3|          0|
    |available_spaces_vo             |   3|   0|    3|          0|
    |available_spaces_vo_s_reg_1221  |   3|   0|    3|          0|
    |be2_0_reg_274                   |   7|   0|    7|          0|
    |be_0_reg_320                    |   7|   0|    7|          0|
    |be_1_reg_1369                   |   7|   0|    7|          0|
    |be_reg_1431                     |   7|   0|    7|          0|
    |bk1_0_reg_286                   |   7|   0|    7|          0|
    |bk_0_reg_331                    |   7|   0|    7|          0|
    |bk_1_reg_1382                   |   7|   0|    7|          0|
    |bk_reg_1449                     |   7|   0|    7|          0|
    |mul_ln105_reg_1270              |   7|   0|    9|          2|
    |mul_ln31_reg_1335               |   7|   0|    9|          2|
    |mul_ln41_reg_1327               |   7|   0|    9|          2|
    |mul_ln51_reg_1319               |   7|   0|    9|          2|
    |mul_ln61_reg_1311               |   7|   0|    9|          2|
    |mul_ln75_reg_1294               |   7|   0|    9|          2|
    |mul_ln85_reg_1286               |   7|   0|    9|          2|
    |mul_ln95_reg_1278               |   7|   0|    9|          2|
    |p_0_reg_342                     |   1|   0|    1|          0|
    |read_pointer_be                 |   2|   0|    2|          0|
    |read_pointer_be_load_reg_1240   |   2|   0|    2|          0|
    |read_pointer_bk                 |   2|   0|    2|          0|
    |read_pointer_bk_load_reg_1235   |   2|   0|    2|          0|
    |read_pointer_vi                 |   2|   0|    2|          0|
    |read_pointer_vi_load_reg_1245   |   2|   0|    2|          0|
    |read_pointer_vo                 |   2|   0|    2|          0|
    |read_pointer_vo_load_reg_1250   |   2|   0|    2|          0|
    |vi3_0_reg_262                   |   7|   0|    7|          0|
    |vi_0_reg_309                    |   7|   0|    7|          0|
    |vi_1_reg_1356                   |   7|   0|    7|          0|
    |vi_reg_1413                     |   7|   0|    7|          0|
    |vo4_0_reg_250                   |   7|   0|    7|          0|
    |vo_0_reg_298                    |   7|   0|    7|          0|
    |vo_1_reg_1343                   |   7|   0|    7|          0|
    |vo_reg_1395                     |   7|   0|    7|          0|
    |write_pointer_be                |   2|   0|    2|          0|
    |write_pointer_be_loa_reg_1205   |   2|   0|    2|          0|
    |write_pointer_bk                |   2|   0|    2|          0|
    |write_pointer_bk_loa_reg_1194   |   2|   0|    2|          0|
    |write_pointer_vi                |   2|   0|    2|          0|
    |write_pointer_vi_loa_reg_1216   |   2|   0|    2|          0|
    |write_pointer_vo                |   2|   0|    2|          0|
    |write_pointer_vo_loa_reg_1227   |   2|   0|    2|          0|
    +--------------------------------+----+----+-----+-----------+
    |Total                           | 279|   0|  295|         16|
    +--------------------------------+----+----+-----+-----------+



================================================================
== Interface
================================================================
* Summary: 
+----------------------+-----+-----+------------+-----------------------+--------------+
|       RTL Ports      | Dir | Bits|  Protocol  |     Source Object     |    C Type    |
+----------------------+-----+-----+------------+-----------------------+--------------+
|ap_clk                |  in |    1| ap_ctrl_hs | enqueue_dequeue_frame | return value |
|ap_rst                |  in |    1| ap_ctrl_hs | enqueue_dequeue_frame | return value |
|ap_start              |  in |    1| ap_ctrl_hs | enqueue_dequeue_frame | return value |
|ap_done               | out |    1| ap_ctrl_hs | enqueue_dequeue_frame | return value |
|ap_idle               | out |    1| ap_ctrl_hs | enqueue_dequeue_frame | return value |
|ap_ready              | out |    1| ap_ctrl_hs | enqueue_dequeue_frame | return value |
|ap_return             | out |    1| ap_ctrl_hs | enqueue_dequeue_frame | return value |
|operation             |  in |    2|   ap_none  |       operation       |    scalar    |
|ac                    |  in |    2|   ap_none  |           ac          |    scalar    |
|inout_frame_address0  | out |    7|  ap_memory |      inout_frame      |     array    |
|inout_frame_ce0       | out |    1|  ap_memory |      inout_frame      |     array    |
|inout_frame_we0       | out |    1|  ap_memory |      inout_frame      |     array    |
|inout_frame_d0        | out |    8|  ap_memory |      inout_frame      |     array    |
|inout_frame_q0        |  in |    8|  ap_memory |      inout_frame      |     array    |
+----------------------+-----+-----+------------+-----------------------+--------------+

