

================================================================
== Vivado HLS Report for 'enqueue_dequeue_fram'
================================================================
* Date:           Thu Nov 19 12:13:11 2020

* Version:        2019.2 (Build 2704478 on Wed Nov 06 22:10:23 MST 2019)
* Project:        fyp
* Solution:       solution1
* Product family: artix7
* Target device:  xc7a35t-cpg236-1


================================================================
== Performance Estimates
================================================================
+ Timing: 
    * Summary: 
    +--------+----------+----------+------------+
    |  Clock |  Target  | Estimated| Uncertainty|
    +--------+----------+----------+------------+
    |ap_clk  | 10.00 ns | 7.502 ns |   1.25 ns  |
    +--------+----------+----------+------------+

+ Latency: 
    * Summary: 
    +---------+---------+-----------+----------+-----+-----+---------+
    |  Latency (cycles) |  Latency (absolute)  |  Interval | Pipeline|
    |   min   |   max   |    min    |    max   | min | max |   Type  |
    +---------+---------+-----------+----------+-----+-----+---------+
    |        1|      202| 10.000 ns | 2.020 us |    1|  202|   none  |
    +---------+---------+-----------+----------+-----+-----+---------+

    + Detail: 
        * Instance: 
        N/A

        * Loop: 
        +----------------+---------+---------+----------+-----------+-----------+------+----------+
        |                |  Latency (cycles) | Iteration|  Initiation Interval  | Trip |          |
        |    Loop Name   |   min   |   max   |  Latency |  achieved |   target  | Count| Pipelined|
        +----------------+---------+---------+----------+-----------+-----------+------+----------+
        |- write_to_bk   |      200|      200|         2|          -|          -|   100|    no    |
        |- write_to_be   |      200|      200|         2|          -|          -|   100|    no    |
        |- write_to_vi   |      200|      200|         2|          -|          -|   100|    no    |
        |- write_to_vo   |      200|      200|         2|          -|          -|   100|    no    |
        |- read_from_bk  |      200|      200|         2|          -|          -|   100|    no    |
        |- read_from_be  |      200|      200|         2|          -|          -|   100|    no    |
        |- read_from_vi  |      200|      200|         2|          -|          -|   100|    no    |
        |- read_from_vo  |      200|      200|         2|          -|          -|   100|    no    |
        +----------------+---------+---------+----------+-----------+-----------+------+----------+



================================================================
== Utilization Estimates
================================================================
* Summary: 
+-----------------+---------+-------+-------+-------+-----+
|       Name      | BRAM_18K| DSP48E|   FF  |  LUT  | URAM|
+-----------------+---------+-------+-------+-------+-----+
|DSP              |        -|      -|      -|      -|    -|
|Expression       |        -|      0|      0|    987|    -|
|FIFO             |        -|      -|      -|      -|    -|
|Instance         |        -|      -|      -|      -|    -|
|Memory           |        -|      -|      -|      -|    -|
|Multiplexer      |        -|      -|      -|    438|    -|
|Register         |        -|      -|    258|      -|    -|
+-----------------+---------+-------+-------+-------+-----+
|Total            |        0|      0|    258|   1425|    0|
+-----------------+---------+-------+-------+-------+-----+
|Available        |      100|     90|  41600|  20800|    0|
+-----------------+---------+-------+-------+-------+-----+
|Utilization (%)  |        0|      0|   ~0  |      6|    0|
+-----------------+---------+-------+-------+-------+-----+

+ Detail: 
    * Instance: 
    N/A

    * DSP48E: 
    N/A

    * Memory: 
    N/A

    * FIFO: 
    N/A

    * Expression: 
    +------------------------+----------+-------+---+----+------------+------------+
    |      Variable Name     | Operation| DSP48E| FF| LUT| Bitwidth P0| Bitwidth P1|
    +------------------------+----------+-------+---+----+------------+------------+
    |mul_ln114_fu_614_p2     |     *    |      0|  0|  33|           2|           7|
    |mul_ln127_fu_598_p2     |     *    |      0|  0|  33|           2|           7|
    |mul_ln140_fu_582_p2     |     *    |      0|  0|  33|           2|           7|
    |mul_ln153_fu_566_p2     |     *    |      0|  0|  33|           2|           7|
    |mul_ln58_fu_534_p2      |     *    |      0|  0|  33|           2|           7|
    |mul_ln71_fu_518_p2      |     *    |      0|  0|  33|           2|           7|
    |mul_ln84_fu_502_p2      |     *    |      0|  0|  33|           2|           7|
    |mul_ln97_fu_486_p2      |     *    |      0|  0|  33|           2|           7|
    |add_ln102_fu_646_p2     |     +    |      0|  0|  10|           2|           1|
    |add_ln103_fu_657_p2     |     +    |      0|  0|  12|           3|           2|
    |add_ln114_fu_1063_p2    |     +    |      0|  0|  16|           9|           9|
    |add_ln119_fu_1073_p2    |     +    |      0|  0|  10|           2|           1|
    |add_ln120_fu_1084_p2    |     +    |      0|  0|  12|           3|           1|
    |add_ln127_1_fu_1009_p2  |     +    |      0|  0|  17|          10|           9|
    |add_ln127_fu_1000_p2    |     +    |      0|  0|  16|           9|           9|
    |add_ln132_fu_1020_p2    |     +    |      0|  0|  10|           2|           1|
    |add_ln133_fu_1031_p2    |     +    |      0|  0|  12|           3|           1|
    |add_ln140_1_fu_946_p2   |     +    |      0|  0|  18|          11|          10|
    |add_ln140_fu_937_p2     |     +    |      0|  0|  16|           9|           9|
    |add_ln145_fu_957_p2     |     +    |      0|  0|  10|           2|           1|
    |add_ln146_fu_968_p2     |     +    |      0|  0|  12|           3|           1|
    |add_ln153_1_fu_883_p2   |     +    |      0|  0|  18|          11|          11|
    |add_ln153_fu_874_p2     |     +    |      0|  0|  16|           9|           9|
    |add_ln158_fu_894_p2     |     +    |      0|  0|  10|           2|           1|
    |add_ln159_fu_905_p2     |     +    |      0|  0|  12|           3|           1|
    |add_ln58_fu_827_p2      |     +    |      0|  0|  16|           9|           9|
    |add_ln63_fu_832_p2      |     +    |      0|  0|  10|           2|           1|
    |add_ln64_fu_843_p2      |     +    |      0|  0|  12|           3|           2|
    |add_ln71_1_fu_795_p2    |     +    |      0|  0|  17|          10|           9|
    |add_ln71_fu_765_p2      |     +    |      0|  0|  16|           9|           9|
    |add_ln76_fu_770_p2      |     +    |      0|  0|  10|           2|           1|
    |add_ln77_fu_781_p2      |     +    |      0|  0|  12|           3|           2|
    |add_ln84_1_fu_733_p2    |     +    |      0|  0|  18|          11|          10|
    |add_ln84_fu_703_p2      |     +    |      0|  0|  16|           9|           9|
    |add_ln89_fu_708_p2      |     +    |      0|  0|  10|           2|           1|
    |add_ln90_fu_719_p2      |     +    |      0|  0|  12|           3|           2|
    |add_ln97_1_fu_671_p2    |     +    |      0|  0|  18|          11|          11|
    |add_ln97_fu_641_p2      |     +    |      0|  0|  16|           9|           9|
    |be_1_fu_754_p2          |     +    |      0|  0|  15|           7|           1|
    |be_fu_994_p2            |     +    |      0|  0|  15|           7|           1|
    |bk_1_fu_816_p2          |     +    |      0|  0|  15|           7|           1|
    |bk_fu_1057_p2           |     +    |      0|  0|  15|           7|           1|
    |vi_1_fu_692_p2          |     +    |      0|  0|  15|           7|           1|
    |vi_fu_931_p2            |     +    |      0|  0|  15|           7|           1|
    |vo_1_fu_630_p2          |     +    |      0|  0|  15|           7|           1|
    |vo_fu_868_p2            |     +    |      0|  0|  15|           7|           1|
    |grp_fu_420_p2           |   icmp   |      0|  0|   8|           2|           1|
    |grp_fu_426_p2           |   icmp   |      0|  0|   8|           2|           1|
    |grp_fu_432_p2           |   icmp   |      0|  0|   9|           2|           3|
    |grp_fu_438_p2           |   icmp   |      0|  0|   8|           2|           2|
    |icmp_ln110_fu_604_p2    |   icmp   |      0|  0|   9|           3|           4|
    |icmp_ln113_fu_1051_p2   |   icmp   |      0|  0|  11|           7|           6|
    |icmp_ln123_fu_588_p2    |   icmp   |      0|  0|   9|           3|           4|
    |icmp_ln126_fu_988_p2    |   icmp   |      0|  0|  11|           7|           6|
    |icmp_ln136_fu_572_p2    |   icmp   |      0|  0|   9|           3|           4|
    |icmp_ln139_fu_925_p2    |   icmp   |      0|  0|  11|           7|           6|
    |icmp_ln149_fu_556_p2    |   icmp   |      0|  0|   9|           3|           4|
    |icmp_ln152_fu_862_p2    |   icmp   |      0|  0|  11|           7|           6|
    |icmp_ln54_fu_524_p2     |   icmp   |      0|  0|   9|           3|           1|
    |icmp_ln57_fu_810_p2     |   icmp   |      0|  0|  11|           7|           6|
    |icmp_ln67_fu_508_p2     |   icmp   |      0|  0|   9|           3|           1|
    |icmp_ln70_fu_748_p2     |   icmp   |      0|  0|  11|           7|           6|
    |icmp_ln80_fu_492_p2     |   icmp   |      0|  0|   9|           3|           1|
    |icmp_ln83_fu_686_p2     |   icmp   |      0|  0|  11|           7|           6|
    |icmp_ln93_fu_476_p2     |   icmp   |      0|  0|   9|           3|           1|
    |icmp_ln96_fu_624_p2     |   icmp   |      0|  0|  11|           7|           6|
    +------------------------+----------+-------+---+----+------------+------------+
    |Total                   |          |      0|  0| 987|         336|         291|
    +------------------------+----------+-------+---+----+------------+------------+

    * Multiplexer: 
    +-----------------------+----+-----------+-----+-----------+
    |          Name         | LUT| Input Size| Bits| Total Bits|
    +-----------------------+----+-----------+-----+-----------+
    |ap_NS_fsm              |  93|         19|    1|         19|
    |ap_return              |   9|          2|    4|          8|
    |available_spaces_be_o  |  15|          3|    3|          9|
    |available_spaces_bk_o  |  15|          3|    3|          9|
    |available_spaces_vi_o  |  15|          3|    3|          9|
    |available_spaces_vo_o  |  15|          3|    3|          9|
    |be2_0_reg_328          |   9|          2|    7|         14|
    |be_0_reg_282           |   9|          2|    7|         14|
    |bk1_0_reg_340          |   9|          2|    7|         14|
    |bk_0_reg_293           |   9|          2|    7|         14|
    |edca_queues_address0   |  44|          9|   11|         99|
    |inout_frame_address0   |  44|          9|    7|         63|
    |p_0_reg_352            |  44|          9|    4|         36|
    |read_pointer_be_o      |   9|          2|    2|          4|
    |read_pointer_bk_o      |   9|          2|    2|          4|
    |read_pointer_vi_o      |   9|          2|    2|          4|
    |read_pointer_vo_o      |   9|          2|    2|          4|
    |vi3_0_reg_316          |   9|          2|    7|         14|
    |vi_0_reg_271           |   9|          2|    7|         14|
    |vo4_0_reg_304          |   9|          2|    7|         14|
    |vo_0_reg_260           |   9|          2|    7|         14|
    |write_pointer_be_o     |   9|          2|    2|          4|
    |write_pointer_bk_o     |   9|          2|    2|          4|
    |write_pointer_vi_o     |   9|          2|    2|          4|
    |write_pointer_vo_o     |   9|          2|    2|          4|
    +-----------------------+----+-----------+-----+-----------+
    |Total                  | 438|         92|  111|        405|
    +-----------------------+----+-----------+-----+-----------+

    * Register: 
    +--------------------------------+----+----+-----+-----------+
    |              Name              | FF | LUT| Bits| Const Bits|
    +--------------------------------+----+----+-----+-----------+
    |add_ln58_reg_1322               |   9|   0|    9|          0|
    |add_ln71_reg_1304               |   9|   0|    9|          0|
    |add_ln84_reg_1286               |   9|   0|    9|          0|
    |add_ln97_reg_1268               |   9|   0|    9|          0|
    |ap_CS_fsm                       |  18|   0|   18|          0|
    |ap_return_preg                  |   4|   0|    4|          0|
    |available_spaces_be_s_reg_1114  |   3|   0|    3|          0|
    |available_spaces_bk_s_reg_1103  |   3|   0|    3|          0|
    |available_spaces_vi_s_reg_1125  |   3|   0|    3|          0|
    |available_spaces_vo_s_reg_1136  |   3|   0|    3|          0|
    |be2_0_reg_328                   |   7|   0|    7|          0|
    |be_0_reg_282                    |   7|   0|    7|          0|
    |be_1_reg_1294                   |   7|   0|    7|          0|
    |be_reg_1356                     |   7|   0|    7|          0|
    |bk1_0_reg_340                   |   7|   0|    7|          0|
    |bk_0_reg_293                    |   7|   0|    7|          0|
    |bk_1_reg_1312                   |   7|   0|    7|          0|
    |bk_reg_1369                     |   7|   0|    7|          0|
    |mul_ln114_reg_1250              |   7|   0|    9|          2|
    |mul_ln127_reg_1242              |   7|   0|    9|          2|
    |mul_ln140_reg_1234              |   7|   0|    9|          2|
    |mul_ln153_reg_1226              |   7|   0|    9|          2|
    |mul_ln58_reg_1186               |   7|   0|    9|          2|
    |mul_ln71_reg_1178               |   7|   0|    9|          2|
    |mul_ln84_reg_1170               |   7|   0|    9|          2|
    |mul_ln97_reg_1162               |   7|   0|    9|          2|
    |p_0_reg_352                     |   4|   0|    4|          0|
    |read_pointer_be_load_reg_1196   |   2|   0|    2|          0|
    |read_pointer_bk_load_reg_1191   |   2|   0|    2|          0|
    |read_pointer_vi_load_reg_1201   |   2|   0|    2|          0|
    |read_pointer_vo_load_reg_1206   |   2|   0|    2|          0|
    |vi3_0_reg_316                   |   7|   0|    7|          0|
    |vi_0_reg_271                    |   7|   0|    7|          0|
    |vi_1_reg_1276                   |   7|   0|    7|          0|
    |vi_reg_1343                     |   7|   0|    7|          0|
    |vo4_0_reg_304                   |   7|   0|    7|          0|
    |vo_0_reg_260                    |   7|   0|    7|          0|
    |vo_1_reg_1258                   |   7|   0|    7|          0|
    |vo_reg_1330                     |   7|   0|    7|          0|
    |write_pointer_be_loa_reg_1120   |   2|   0|    2|          0|
    |write_pointer_bk_loa_reg_1109   |   2|   0|    2|          0|
    |write_pointer_vi_loa_reg_1131   |   2|   0|    2|          0|
    |write_pointer_vo_loa_reg_1142   |   2|   0|    2|          0|
    +--------------------------------+----+----+-----+-----------+
    |Total                           | 258|   0|  274|         16|
    +--------------------------------+----+----+-----+-----------+



================================================================
== Interface
================================================================
* Summary: 
+------------------------------+-----+-----+------------+----------------------+--------------+
|           RTL Ports          | Dir | Bits|  Protocol  |     Source Object    |    C Type    |
+------------------------------+-----+-----+------------+----------------------+--------------+
|ap_clk                        |  in |    1| ap_ctrl_hs | enqueue_dequeue_fram | return value |
|ap_rst                        |  in |    1| ap_ctrl_hs | enqueue_dequeue_fram | return value |
|ap_start                      |  in |    1| ap_ctrl_hs | enqueue_dequeue_fram | return value |
|ap_done                       | out |    1| ap_ctrl_hs | enqueue_dequeue_fram | return value |
|ap_idle                       | out |    1| ap_ctrl_hs | enqueue_dequeue_fram | return value |
|ap_ready                      | out |    1| ap_ctrl_hs | enqueue_dequeue_fram | return value |
|ap_return                     | out |    4| ap_ctrl_hs | enqueue_dequeue_fram | return value |
|operation                     |  in |    1|   ap_none  |       operation      |    scalar    |
|ac                            |  in |    2|   ap_none  |          ac          |    scalar    |
|inout_frame_address0          | out |    7|  ap_memory |      inout_frame     |     array    |
|inout_frame_ce0               | out |    1|  ap_memory |      inout_frame     |     array    |
|inout_frame_we0               | out |    1|  ap_memory |      inout_frame     |     array    |
|inout_frame_d0                | out |    8|  ap_memory |      inout_frame     |     array    |
|inout_frame_q0                |  in |    8|  ap_memory |      inout_frame     |     array    |
|available_spaces_bk_i         |  in |    3|   ap_ovld  |  available_spaces_bk |    pointer   |
|available_spaces_bk_o         | out |    3|   ap_ovld  |  available_spaces_bk |    pointer   |
|available_spaces_bk_o_ap_vld  | out |    1|   ap_ovld  |  available_spaces_bk |    pointer   |
|write_pointer_bk_i            |  in |    2|   ap_ovld  |   write_pointer_bk   |    pointer   |
|write_pointer_bk_o            | out |    2|   ap_ovld  |   write_pointer_bk   |    pointer   |
|write_pointer_bk_o_ap_vld     | out |    1|   ap_ovld  |   write_pointer_bk   |    pointer   |
|available_spaces_be_i         |  in |    3|   ap_ovld  |  available_spaces_be |    pointer   |
|available_spaces_be_o         | out |    3|   ap_ovld  |  available_spaces_be |    pointer   |
|available_spaces_be_o_ap_vld  | out |    1|   ap_ovld  |  available_spaces_be |    pointer   |
|write_pointer_be_i            |  in |    2|   ap_ovld  |   write_pointer_be   |    pointer   |
|write_pointer_be_o            | out |    2|   ap_ovld  |   write_pointer_be   |    pointer   |
|write_pointer_be_o_ap_vld     | out |    1|   ap_ovld  |   write_pointer_be   |    pointer   |
|available_spaces_vi_i         |  in |    3|   ap_ovld  |  available_spaces_vi |    pointer   |
|available_spaces_vi_o         | out |    3|   ap_ovld  |  available_spaces_vi |    pointer   |
|available_spaces_vi_o_ap_vld  | out |    1|   ap_ovld  |  available_spaces_vi |    pointer   |
|write_pointer_vi_i            |  in |    2|   ap_ovld  |   write_pointer_vi   |    pointer   |
|write_pointer_vi_o            | out |    2|   ap_ovld  |   write_pointer_vi   |    pointer   |
|write_pointer_vi_o_ap_vld     | out |    1|   ap_ovld  |   write_pointer_vi   |    pointer   |
|available_spaces_vo_i         |  in |    3|   ap_ovld  |  available_spaces_vo |    pointer   |
|available_spaces_vo_o         | out |    3|   ap_ovld  |  available_spaces_vo |    pointer   |
|available_spaces_vo_o_ap_vld  | out |    1|   ap_ovld  |  available_spaces_vo |    pointer   |
|write_pointer_vo_i            |  in |    2|   ap_ovld  |   write_pointer_vo   |    pointer   |
|write_pointer_vo_o            | out |    2|   ap_ovld  |   write_pointer_vo   |    pointer   |
|write_pointer_vo_o_ap_vld     | out |    1|   ap_ovld  |   write_pointer_vo   |    pointer   |
|edca_queues_address0          | out |   11|  ap_memory |      edca_queues     |     array    |
|edca_queues_ce0               | out |    1|  ap_memory |      edca_queues     |     array    |
|edca_queues_we0               | out |    1|  ap_memory |      edca_queues     |     array    |
|edca_queues_d0                | out |    8|  ap_memory |      edca_queues     |     array    |
|edca_queues_q0                |  in |    8|  ap_memory |      edca_queues     |     array    |
|read_pointer_bk_i             |  in |    2|   ap_ovld  |    read_pointer_bk   |    pointer   |
|read_pointer_bk_o             | out |    2|   ap_ovld  |    read_pointer_bk   |    pointer   |
|read_pointer_bk_o_ap_vld      | out |    1|   ap_ovld  |    read_pointer_bk   |    pointer   |
|read_pointer_be_i             |  in |    2|   ap_ovld  |    read_pointer_be   |    pointer   |
|read_pointer_be_o             | out |    2|   ap_ovld  |    read_pointer_be   |    pointer   |
|read_pointer_be_o_ap_vld      | out |    1|   ap_ovld  |    read_pointer_be   |    pointer   |
|read_pointer_vi_i             |  in |    2|   ap_ovld  |    read_pointer_vi   |    pointer   |
|read_pointer_vi_o             | out |    2|   ap_ovld  |    read_pointer_vi   |    pointer   |
|read_pointer_vi_o_ap_vld      | out |    1|   ap_ovld  |    read_pointer_vi   |    pointer   |
|read_pointer_vo_i             |  in |    2|   ap_ovld  |    read_pointer_vo   |    pointer   |
|read_pointer_vo_o             | out |    2|   ap_ovld  |    read_pointer_vo   |    pointer   |
|read_pointer_vo_o_ap_vld      | out |    1|   ap_ovld  |    read_pointer_vo   |    pointer   |
+------------------------------+-----+-----+------------+----------------------+--------------+

