

================================================================
== Vivado HLS Report for 'ma_unitdatax_request'
================================================================
* Date:           Fri Oct 30 21:10:55 2020

* Version:        2019.2 (Build 2704478 on Wed Nov 06 22:10:23 MST 2019)
* Project:        fyp
* Solution:       solution1
* Product family: artix7
* Target device:  xc7a35t-cpg236-1


================================================================
== Performance Estimates
================================================================
+ Timing: 
    * Summary: 
    +--------+----------+----------+------------+
    |  Clock |  Target  | Estimated| Uncertainty|
    +--------+----------+----------+------------+
    |ap_clk  | 10.00 ns | 7.180 ns |   1.25 ns  |
    +--------+----------+----------+------------+

+ Latency: 
    * Summary: 
    +---------+---------+-----------+-----------+-----+------+---------+
    |  Latency (cycles) |   Latency (absolute)  |  Interval  | Pipeline|
    |   min   |   max   |    min    |    max    | min |  max |   Type  |
    +---------+---------+-----------+-----------+-----+------+---------+
    |        1|     1563| 10.000 ns | 15.630 us |    1|  1563|   none  |
    +---------+---------+-----------+-----------+-----+------+---------+

    + Detail: 
        * Instance: 
        +---------------------------------+----------------------+---------+---------+-----------+-----------+------+------+---------+
        |                                 |                      |  Latency (cycles) |   Latency (absolute)  |   Interval  | Pipeline|
        |             Instance            |        Module        |   min   |   max   |    min    |    max    |  min |  max |   Type  |
        +---------------------------------+----------------------+---------+---------+-----------+-----------+------+------+---------+
        |grp_enqueue_dequeue_fram_fu_243  |enqueue_dequeue_fram  |        1|      202| 10.000 ns |  2.020 us |     1|   202|   none  |
        |grp_compose_mac_frame_fu_271     |compose_mac_frame     |     1215|     1215| 12.150 us | 12.150 us |  1215|  1215|   none  |
        +---------------------------------+----------------------+---------+---------+-----------+-----------+------+------+---------+

        * Loop: 
        +----------+---------+---------+----------+-----------+-----------+------+----------+
        |          |  Latency (cycles) | Iteration|  Initiation Interval  | Trip |          |
        | Loop Name|   min   |   max   |  Latency |  achieved |   target  | Count| Pipelined|
        +----------+---------+---------+----------+-----------+-----------+------+----------+
        |- Loop 1  |      140|      140|         2|          -|          -|    70|    no    |
        +----------+---------+---------+----------+-----------+-----------+------+----------+



================================================================
== Utilization Estimates
================================================================
* Summary: 
+-----------------+---------+-------+-------+-------+-----+
|       Name      | BRAM_18K| DSP48E|   FF  |  LUT  | URAM|
+-----------------+---------+-------+-------+-------+-----+
|DSP              |        -|      4|      -|      -|    -|
|Expression       |        -|      4|      0|   1111|    -|
|FIFO             |        -|      -|      -|      -|    -|
|Instance         |        1|      0|    290|   1384|    0|
|Memory           |        1|      -|     16|      9|    0|
|Multiplexer      |        -|      -|      -|    233|    -|
|Register         |        -|      -|    556|      -|    -|
+-----------------+---------+-------+-------+-------+-----+
|Total            |        2|      8|    862|   2737|    0|
+-----------------+---------+-------+-------+-------+-----+
|Available        |      100|     90|  41600|  20800|    0|
+-----------------+---------+-------+-------+-------+-----+
|Utilization (%)  |        2|      8|      2|     13|    0|
+-----------------+---------+-------+-------+-------+-----+

+ Detail: 
    * Instance: 
    +---------------------------------+----------------------+---------+-------+-----+-----+-----+
    |             Instance            |        Module        | BRAM_18K| DSP48E|  FF | LUT | URAM|
    +---------------------------------+----------------------+---------+-------+-----+-----+-----+
    |grp_compose_mac_frame_fu_271     |compose_mac_frame     |        0|      0|  118|  723|    0|
    |grp_enqueue_dequeue_fram_fu_243  |enqueue_dequeue_fram  |        1|      0|  172|  661|    0|
    +---------------------------------+----------------------+---------+-------+-----+-----+-----+
    |Total                            |                      |        1|      0|  290| 1384|    0|
    +---------------------------------+----------------------+---------+-------+-----+-----+-----+

    * DSP48E: 
    +--------------------------+----------------------+-----------+
    |         Instance         |        Module        | Expression|
    +--------------------------+----------------------+-----------+
    |ma_unitdatax_requeOg_U8   |ma_unitdatax_requeOg  |  i0 * i1  |
    |ma_unitdatax_requeOg_U9   |ma_unitdatax_requeOg  |  i0 * i1  |
    |ma_unitdatax_requeOg_U10  |ma_unitdatax_requeOg  |  i0 * i1  |
    |ma_unitdatax_requeOg_U11  |ma_unitdatax_requeOg  |  i0 * i1  |
    +--------------------------+----------------------+-----------+

    * Memory: 
    +------------+----------------------+---------+----+----+-----+------+-----+------+-------------+
    |   Memory   |        Module        | BRAM_18K| FF | LUT| URAM| Words| Bits| Banks| W*Bits*Banks|
    +------------+----------------------+---------+----+----+-----+------+-----+------+-------------+
    |llc_data_U  |ma_unitdatax_requcud  |        0|  16|   9|    0|    70|    8|     1|          560|
    |mac_data_U  |ma_unitdatax_requdEe  |        1|   0|   0|    0|   100|    8|     1|          800|
    +------------+----------------------+---------+----+----+-----+------+-----+------+-------------+
    |Total       |                      |        1|  16|   9|    0|   170|   16|     2|         1360|
    +------------+----------------------+---------+----+----+-----+------+-----+------+-------------+

    * FIFO: 
    N/A

    * Expression: 
    +-----------------------+----------+-------+---+-----+------------+------------+
    |     Variable Name     | Operation| DSP48E| FF| LUT | Bitwidth P0| Bitwidth P1|
    +-----------------------+----------+-------+---+-----+------------+------------+
    |low_1_fu_833_p2        |     *    |      1|  0|    6|          15|          16|
    |low_3_fu_767_p2        |     *    |      1|  0|    6|          15|          16|
    |low_5_fu_701_p2        |     *    |      1|  0|    6|          15|          16|
    |low_7_fu_563_p2        |     *    |      1|  0|    6|          15|          16|
    |add_ln10_1_fu_793_p2   |     +    |      0|  0|   23|           4|          16|
    |add_ln10_2_fu_727_p2   |     +    |      0|  0|   23|           4|          16|
    |add_ln10_3_fu_589_p2   |     +    |      0|  0|   23|           4|          16|
    |add_ln10_fu_859_p2     |     +    |      0|  0|   23|           4|          16|
    |add_ln40_fu_488_p2     |     +    |      0|  0|   13|           4|           2|
    |add_ln79_fu_534_p2     |     +    |      0|  0|   13|           4|           4|
    |grp_fu_297_p2          |     +    |      0|  0|   19|          12|           1|
    |i_fu_472_p2            |     +    |      0|  0|   15|           7|           1|
    |x_10_fu_604_p2         |     +    |      0|  0|   39|          32|          32|
    |x_11_fu_627_p2         |     +    |      0|  0|   39|          32|          32|
    |x_1_fu_874_p2          |     +    |      0|  0|   39|          32|          32|
    |x_2_fu_681_p2          |     +    |      0|  0|   39|          32|          32|
    |x_4_fu_808_p2          |     +    |      0|  0|   39|          32|          32|
    |x_5_fu_663_p2          |     +    |      0|  0|   39|          32|          32|
    |x_7_fu_742_p2          |     +    |      0|  0|   39|          32|          32|
    |x_8_fu_645_p2          |     +    |      0|  0|   39|          32|          32|
    |and_ln22_fu_340_p2     |    and   |      0|  0|    2|           1|           1|
    |ap_condition_951       |    and   |      0|  0|    2|           1|           1|
    |ap_condition_956       |    and   |      0|  0|    2|           1|           1|
    |ap_condition_962       |    and   |      0|  0|    2|           1|           1|
    |ap_condition_967       |    and   |      0|  0|    2|           1|           1|
    |ap_condition_971       |    and   |      0|  0|    2|           1|           1|
    |empty_11_fu_364_p2     |   icmp   |      0|  0|   11|           7|           3|
    |empty_13_fu_376_p2     |   icmp   |      0|  0|    9|           4|           2|
    |empty_14_fu_382_p2     |   icmp   |      0|  0|    9|           4|           3|
    |empty_16_fu_394_p2     |   icmp   |      0|  0|    9|           4|           3|
    |empty_18_fu_406_p2     |   icmp   |      0|  0|    9|           4|           4|
    |empty_20_fu_418_p2     |   icmp   |      0|  0|    9|           4|           4|
    |empty_22_fu_430_p2     |   icmp   |      0|  0|    9|           4|           4|
    |empty_24_fu_442_p2     |   icmp   |      0|  0|    9|           4|           4|
    |empty_26_fu_454_p2     |   icmp   |      0|  0|    9|           4|           1|
    |empty_30_fu_509_p2     |   icmp   |      0|  0|    9|           4|           2|
    |empty_31_fu_514_p2     |   icmp   |      0|  0|    9|           4|           1|
    |empty_9_fu_352_p2      |   icmp   |      0|  0|   11|           7|           4|
    |empty_fu_346_p2        |   icmp   |      0|  0|   11|           7|           5|
    |icmp_ln22_1_fu_334_p2  |   icmp   |      0|  0|   11|           8|           8|
    |icmp_ln22_fu_328_p2    |   icmp   |      0|  0|   11|           8|           5|
    |icmp_ln34_fu_466_p2    |   icmp   |      0|  0|   11|           7|           7|
    |icmp_ln40_fu_503_p2    |   icmp   |      0|  0|    9|           3|           1|
    |icmp_ln66_fu_528_p2    |   icmp   |      0|  0|    9|           3|           3|
    |icmp_ln79_fu_549_p2    |   icmp   |      0|  0|    9|           3|           1|
    |empty_10_fu_358_p2     |    or    |      0|  0|    2|           1|           1|
    |empty_12_fu_370_p2     |    or    |      0|  0|    2|           1|           1|
    |empty_15_fu_388_p2     |    or    |      0|  0|    2|           1|           1|
    |empty_17_fu_400_p2     |    or    |      0|  0|    2|           1|           1|
    |empty_19_fu_412_p2     |    or    |      0|  0|    2|           1|           1|
    |empty_21_fu_424_p2     |    or    |      0|  0|    2|           1|           1|
    |empty_23_fu_436_p2     |    or    |      0|  0|    2|           1|           1|
    |empty_25_fu_448_p2     |    or    |      0|  0|    2|           1|           1|
    |empty_27_fu_460_p2     |    or    |      0|  0|    2|           1|           1|
    |empty_32_fu_519_p2     |    or    |      0|  0|    2|           1|           1|
    |or_ln14_fu_322_p2      |    or    |      0|  0|    2|           1|           1|
    |x_3_fu_802_p2          |    shl   |      0|  0|  101|          32|          32|
    |x_6_fu_736_p2          |    shl   |      0|  0|  101|          32|          32|
    |x_9_fu_598_p2          |    shl   |      0|  0|  101|          32|          32|
    |x_fu_868_p2            |    shl   |      0|  0|  101|          32|          32|
    |xor_ln14_fu_316_p2     |    xor   |      0|  0|    2|           1|           2|
    +-----------------------+----------+-------+---+-----+------------+------------+
    |Total                  |          |      4|  0| 1111|         598|         604|
    +-----------------------+----------+-------+---+-----+------------+------------+

    * Multiplexer: 
    +------------------------------------+----+-----------+-----+-----------+
    |                Name                | LUT| Input Size| Bits| Total Bits|
    +------------------------------------+----+-----------+-----+-----------+
    |ap_NS_fsm                           |  89|         18|    1|         18|
    |grp_enqueue_dequeue_fram_fu_243_ac  |  27|          5|    2|         10|
    |i_0_reg_232                         |   9|          2|    7|         14|
    |llc_data_address0                   |  15|          3|    7|         21|
    |llc_data_ce0                        |  15|          3|    1|          3|
    |mac_data_address0                   |  15|          3|    7|         21|
    |mac_data_ce0                        |  15|          3|    1|          3|
    |mac_data_ce1                        |   9|          2|    1|          2|
    |mac_data_we0                        |   9|          2|    1|          2|
    |mac_data_we1                        |   9|          2|    1|          2|
    |rand_state                          |  21|          4|   32|        128|
    +------------------------------------+----+-----------+-----+-----------+
    |Total                               | 233|         47|   61|        224|
    +------------------------------------+----+-----------+-----+-----------+

    * Register: 
    +----------------------------------------------+----+----+-----+-----------+
    |                     Name                     | FF | LUT| Bits| Const Bits|
    +----------------------------------------------+----+----+-----+-----------+
    |and_ln22_reg_933                              |   1|   0|    1|          0|
    |ap_CS_fsm                                     |  17|   0|   17|          0|
    |empty_12_reg_937                              |   1|   0|    1|          0|
    |empty_27_reg_941                              |   1|   0|    1|          0|
    |empty_32_reg_973                              |   1|   0|    1|          0|
    |enqueue_res_be_reg_1051                       |   1|   0|    1|          0|
    |enqueue_res_bk_reg_1084                       |   1|   0|    1|          0|
    |enqueue_res_vi_reg_1018                       |   1|   0|    1|          0|
    |enqueue_res_vo_reg_985                        |   1|   0|    1|          0|
    |grp_compose_mac_frame_fu_271_ap_start_reg     |   1|   0|    1|          0|
    |grp_enqueue_dequeue_fram_fu_243_ap_start_reg  |   1|   0|    1|          0|
    |high_11_reg_998                               |  32|   0|   32|          0|
    |high_3_reg_1097                               |  32|   0|   32|          0|
    |high_7_reg_1064                               |  32|   0|   32|          0|
    |high_9_reg_1031                               |  32|   0|   32|          0|
    |i_0_reg_232                                   |   7|   0|    7|          0|
    |i_reg_948                                     |   7|   0|    7|          0|
    |icmp_ln40_reg_969                             |   1|   0|    1|          0|
    |icmp_ln66_reg_977                             |   1|   0|    1|          0|
    |icmp_ln79_reg_981                             |   1|   0|    1|          0|
    |low_1_reg_1092                                |  32|   0|   32|          0|
    |low_3_reg_1059                                |  32|   0|   32|          0|
    |low_5_reg_1026                                |  32|   0|   32|          0|
    |low_7_reg_993                                 |  32|   0|   32|          0|
    |medium_state                                  |   0|   0|    1|          1|
    |medium_state_load_1_reg_1055                  |   0|   0|    1|          1|
    |medium_state_load_2_reg_1022                  |   0|   0|    1|          1|
    |medium_state_load_3_reg_989                   |   0|   0|    1|          1|
    |medium_state_load_reg_1088                    |   0|   0|    1|          1|
    |or_ln14_reg_929                               |   1|   0|    1|          0|
    |rand_state                                    |  32|   0|   32|          0|
    |seq_number                                    |  12|   0|   12|          0|
    |seq_number_load_reg_963                       |  12|   0|   12|          0|
    |tmp_2_reg_1112                                |   1|   0|    1|          0|
    |tmp_4_reg_1079                                |   1|   0|    1|          0|
    |tmp_5_reg_1046                                |   1|   0|    1|          0|
    |tmp_6_reg_1013                                |   1|   0|    1|          0|
    |trunc_ln10_1_reg_1069                         |  16|   0|   16|          0|
    |trunc_ln10_2_reg_1036                         |  16|   0|   16|          0|
    |trunc_ln10_3_reg_1003                         |  16|   0|   16|          0|
    |trunc_ln11_1_reg_1074                         |  31|   0|   31|          0|
    |trunc_ln11_2_reg_1041                         |  31|   0|   31|          0|
    |trunc_ln11_3_reg_1008                         |  31|   0|   31|          0|
    |trunc_ln11_reg_1107                           |  31|   0|   31|          0|
    |trunc_ln1_reg_1102                            |  16|   0|   16|          0|
    |zext_ln35_reg_953                             |   7|   0|   64|         57|
    +----------------------------------------------+----+----+-----+-----------+
    |Total                                         | 556|   0|  618|         62|
    +----------------------------------------------+----+----+-----+-----------+



================================================================
== Interface
================================================================
* Summary: 
+------------------------------+-----+-----+------------+------------------------------+--------------+
|           RTL Ports          | Dir | Bits|  Protocol  |         Source Object        |    C Type    |
+------------------------------+-----+-----+------------+------------------------------+--------------+
|ap_clk                        |  in |    1| ap_ctrl_hs |     ma_unitdatax_request     | return value |
|ap_rst                        |  in |    1| ap_ctrl_hs |     ma_unitdatax_request     | return value |
|ap_start                      |  in |    1| ap_ctrl_hs |     ma_unitdatax_request     | return value |
|ap_done                       | out |    1| ap_ctrl_hs |     ma_unitdatax_request     | return value |
|ap_idle                       | out |    1| ap_ctrl_hs |     ma_unitdatax_request     | return value |
|ap_ready                      | out |    1| ap_ctrl_hs |     ma_unitdatax_request     | return value |
|source_addr_mac_address0      | out |    3|  ap_memory |        source_addr_mac       |     array    |
|source_addr_mac_ce0           | out |    1|  ap_memory |        source_addr_mac       |     array    |
|source_addr_mac_we0           | out |    1|  ap_memory |        source_addr_mac       |     array    |
|source_addr_mac_d0            | out |    8|  ap_memory |        source_addr_mac       |     array    |
|source_addr_mac_q0            |  in |    8|  ap_memory |        source_addr_mac       |     array    |
|source_addr_mac_address1      | out |    3|  ap_memory |        source_addr_mac       |     array    |
|source_addr_mac_ce1           | out |    1|  ap_memory |        source_addr_mac       |     array    |
|source_addr_mac_we1           | out |    1|  ap_memory |        source_addr_mac       |     array    |
|source_addr_mac_d1            | out |    8|  ap_memory |        source_addr_mac       |     array    |
|source_addr_mac_q1            |  in |    8|  ap_memory |        source_addr_mac       |     array    |
|dest_addr_mac_address0        | out |    3|  ap_memory |         dest_addr_mac        |     array    |
|dest_addr_mac_ce0             | out |    1|  ap_memory |         dest_addr_mac        |     array    |
|dest_addr_mac_we0             | out |    1|  ap_memory |         dest_addr_mac        |     array    |
|dest_addr_mac_d0              | out |    8|  ap_memory |         dest_addr_mac        |     array    |
|dest_addr_mac_q0              |  in |    8|  ap_memory |         dest_addr_mac        |     array    |
|dest_addr_mac_address1        | out |    3|  ap_memory |         dest_addr_mac        |     array    |
|dest_addr_mac_ce1             | out |    1|  ap_memory |         dest_addr_mac        |     array    |
|dest_addr_mac_we1             | out |    1|  ap_memory |         dest_addr_mac        |     array    |
|dest_addr_mac_d1              | out |    8|  ap_memory |         dest_addr_mac        |     array    |
|dest_addr_mac_q1              |  in |    8|  ap_memory |         dest_addr_mac        |     array    |
|data_address0                 | out |    7|  ap_memory |             data             |     array    |
|data_ce0                      | out |    1|  ap_memory |             data             |     array    |
|data_q0                       |  in |    8|  ap_memory |             data             |     array    |
|up                            |  in |    4|   ap_none  |              up              |    scalar    |
|s_class                       |  in |    1|   ap_none  |            s_class           |    scalar    |
|c_identifier_operating_class  |  in |    8|   ap_none  | c_identifier_operating_class |    scalar    |
|c_identifier_channel_number   |  in |    8|   ap_none  |  c_identifier_channel_number |    scalar    |
|t_slot                        |  in |    2|   ap_none  |            t_slot            |    pointer   |
|d_rate                        |  in |    7|   ap_none  |            d_rate            |    pointer   |
|tx_power_lvl                  |  in |    4|   ap_none  |         tx_power_lvl         |    pointer   |
|expiry_time                   |  in |   64|   ap_none  |          expiry_time         |    pointer   |
+------------------------------+-----+-----+------------+------------------------------+--------------+

