

================================================================
== Vivado HLS Report for 'ma_unitdatax_status_s'
================================================================
* Date:           Thu Nov 19 12:13:10 2020

* Version:        2019.2 (Build 2704478 on Wed Nov 06 22:10:23 MST 2019)
* Project:        fyp
* Solution:       solution1
* Product family: artix7
* Target device:  xc7a35t-cpg236-1


================================================================
== Performance Estimates
================================================================
+ Timing: 
    * Summary: 
    +--------+----------+----------+------------+
    |  Clock |  Target  | Estimated| Uncertainty|
    +--------+----------+----------+------------+
    |ap_clk  | 10.00 ns | 2.115 ns |   1.25 ns  |
    +--------+----------+----------+------------+

+ Latency: 
    * Summary: 
    +---------+---------+----------+----------+-----+-----+---------+
    |  Latency (cycles) |  Latency (absolute) |  Interval | Pipeline|
    |   min   |   max   |    min   |    max   | min | max |   Type  |
    +---------+---------+----------+----------+-----+-----+---------+
    |        0|        0|   0 ns   |   0 ns   |    0|    0|   none  |
    +---------+---------+----------+----------+-----+-----+---------+

    + Detail: 
        * Instance: 
        N/A

        * Loop: 
        N/A



================================================================
== Utilization Estimates
================================================================
* Summary: 
+-----------------+---------+-------+-------+-------+-----+
|       Name      | BRAM_18K| DSP48E|   FF  |  LUT  | URAM|
+-----------------+---------+-------+-------+-------+-----+
|DSP              |        -|      -|      -|      -|    -|
|Expression       |        -|      -|      0|    135|    -|
|FIFO             |        -|      -|      -|      -|    -|
|Instance         |        -|      -|      -|      -|    -|
|Memory           |        -|      -|      -|      -|    -|
|Multiplexer      |        -|      -|      -|      -|    -|
|Register         |        -|      -|     49|      -|    -|
+-----------------+---------+-------+-------+-------+-----+
|Total            |        0|      0|     49|    135|    0|
+-----------------+---------+-------+-------+-------+-----+
|Available        |      100|     90|  41600|  20800|    0|
+-----------------+---------+-------+-------+-------+-----+
|Utilization (%)  |        0|      0|   ~0  |   ~0  |    0|
+-----------------+---------+-------+-------+-------+-----+

+ Detail: 
    * Instance: 
    N/A

    * DSP48E: 
    N/A

    * Memory: 
    N/A

    * FIFO: 
    N/A

    * Expression: 
    +--------------------+----------+-------+---+----+------------+------------+
    |    Variable Name   | Operation| DSP48E| FF| LUT| Bitwidth P0| Bitwidth P1|
    +--------------------+----------+-------+---+----+------------+------------+
    |add_ln14_fu_148_p2  |     +    |      0|  0|  15|           8|           1|
    |add_ln16_fu_132_p2  |     +    |      0|  0|  15|           8|           1|
    |add_ln18_fu_116_p2  |     +    |      0|  0|  15|           8|           1|
    |add_ln20_fu_100_p2  |     +    |      0|  0|  15|           8|           1|
    |add_ln22_fu_84_p2   |     +    |      0|  0|  15|           8|           1|
    |add_ln24_fu_68_p2   |     +    |      0|  0|  15|           8|           1|
    |icmp_ln13_fu_34_p2  |   icmp   |      0|  0|   9|           3|           1|
    |icmp_ln15_fu_40_p2  |   icmp   |      0|  0|   9|           3|           1|
    |icmp_ln17_fu_46_p2  |   icmp   |      0|  0|   9|           3|           2|
    |icmp_ln19_fu_52_p2  |   icmp   |      0|  0|   9|           3|           2|
    |icmp_ln21_fu_58_p2  |   icmp   |      0|  0|   9|           3|           4|
    +--------------------+----------+-------+---+----+------------+------------+
    |Total               |          |      0|  0| 135|          63|          16|
    +--------------------+----------+-------+---+----+------------+------------+

    * Multiplexer: 
    N/A

    * Register: 
    +-----------------------+---+----+-----+-----------+
    |          Name         | FF| LUT| Bits| Const Bits|
    +-----------------------+---+----+-----+-----------+
    |ap_CS_fsm              |  1|   0|    1|          0|
    |queue_full             |  8|   0|    8|          0|
    |successful             |  8|   0|    8|          0|
    |unsupported_channel_s  |  8|   0|    8|          0|
    |unsupported_priority   |  8|   0|    8|          0|
    |unsupported_service_s  |  8|   0|    8|          0|
    |unsupported_tx_param   |  8|   0|    8|          0|
    +-----------------------+---+----+-----+-----------+
    |Total                  | 49|   0|   49|          0|
    +-----------------------+---+----+-----+-----------+



================================================================
== Interface
================================================================
* Summary: 
+-----------+-----+-----+------------+----------------------+--------------+
| RTL Ports | Dir | Bits|  Protocol  |     Source Object    |    C Type    |
+-----------+-----+-----+------------+----------------------+--------------+
|ap_clk     |  in |    1| ap_ctrl_hs | ma_unitdatax_status_ | return value |
|ap_rst     |  in |    1| ap_ctrl_hs | ma_unitdatax_status_ | return value |
|ap_start   |  in |    1| ap_ctrl_hs | ma_unitdatax_status_ | return value |
|ap_done    | out |    1| ap_ctrl_hs | ma_unitdatax_status_ | return value |
|ap_idle    | out |    1| ap_ctrl_hs | ma_unitdatax_status_ | return value |
|ap_ready   | out |    1| ap_ctrl_hs | ma_unitdatax_status_ | return value |
|trans_sts  |  in |    3|   ap_none  |       trans_sts      |    scalar    |
+-----------+-----+-----+------------+----------------------+--------------+

