

================================================================
== Vivado HLS Report for 'send_frame'
================================================================
* Date:           Thu Nov 19 12:13:18 2020

* Version:        2019.2 (Build 2704478 on Wed Nov 06 22:10:23 MST 2019)
* Project:        fyp
* Solution:       solution1
* Product family: artix7
* Target device:  xc7a35t-cpg236-1


================================================================
== Performance Estimates
================================================================
+ Timing: 
    * Summary: 
    +--------+----------+----------+------------+
    |  Clock |  Target  | Estimated| Uncertainty|
    +--------+----------+----------+------------+
    |ap_clk  | 10.00 ns | 8.017 ns |   1.25 ns  |
    +--------+----------+----------+------------+

+ Latency: 
    * Summary: 
    +---------+---------+----------+----------+-----+-----+---------+
    |  Latency (cycles) |  Latency (absolute) |  Interval | Pipeline|
    |   min   |   max   |    min   |    max   | min | max |   Type  |
    +---------+---------+----------+----------+-----+-----+---------+
    |        ?|        ?|         ?|         ?|    ?|    ?|   none  |
    +---------+---------+----------+----------+-----+-----+---------+

    + Detail: 
        * Instance: 
        +------------------------------------+----------------------+---------+---------+-----------+-----------+-----+------+---------+
        |                                    |                      |  Latency (cycles) |   Latency (absolute)  |  Interval  | Pipeline|
        |              Instance              |        Module        |   min   |   max   |    min    |    max    | min |  max |   Type  |
        +------------------------------------+----------------------+---------+---------+-----------+-----------+-----+------+---------+
        |grp_initial_edca_process_fu_240     |initial_edca_process  |        ?|        ?|          ?|          ?|    ?|     ?|   none  |
        |grp_phy_txend_confirm_fu_292        |phy_txend_confirm     |        ?|        ?|          ?|          ?|    ?|     ?|   none  |
        |grp_ma_unitdatax_request_fu_344     |ma_unitdatax_request  |        2|     1599| 20.000 ns | 15.990 us |    2|  1599|   none  |
        |grp_phy_data_request_fu_422         |phy_data_request      |        1|        1| 10.000 ns | 10.000 ns |    1|     1|   none  |
        |call_ln17_phy_txend_request_fu_429  |phy_txend_request     |        0|        0|    0 ns   |    0 ns   |    0|     0|   none  |
        |call_ln6_phy_data_request_1_fu_435  |phy_data_request_1    |        0|        0|    0 ns   |    0 ns   |    0|     0|   none  |
        +------------------------------------+----------------------+---------+---------+-----------+-----------+-----+------+---------+

        * Loop: 
        +-------------+---------+---------+----------+-----------+-----------+------+----------+
        |             |  Latency (cycles) | Iteration|  Initiation Interval  | Trip |          |
        |  Loop Name  |   min   |   max   |  Latency |  achieved |   target  | Count| Pipelined|
        +-------------+---------+---------+----------+-----------+-----------+------+----------+
        |- Loop 1     |      300|    20400|  3 ~ 204 |          -|          -|   100|    no    |
        | + Loop 1.1  |      200|      200|         2|          -|          -|   100|    no    |
        +-------------+---------+---------+----------+-----------+-----------+------+----------+



================================================================
== Utilization Estimates
================================================================
* Summary: 
+-----------------+---------+-------+-------+-------+-----+
|       Name      | BRAM_18K| DSP48E|   FF  |  LUT  | URAM|
+-----------------+---------+-------+-------+-------+-----+
|DSP              |        -|      -|      -|      -|    -|
|Expression       |        -|      -|      0|     91|    -|
|FIFO             |        -|      -|      -|      -|    -|
|Instance         |        1|     18|   6318|  14618|    0|
|Memory           |        1|      -|     16|     13|    0|
|Multiplexer      |        -|      -|      -|    626|    -|
|Register         |        -|      -|    214|      -|    -|
+-----------------+---------+-------+-------+-------+-----+
|Total            |        2|     18|   6548|  15348|    0|
+-----------------+---------+-------+-------+-------+-----+
|Available        |      100|     90|  41600|  20800|    0|
+-----------------+---------+-------+-------+-------+-----+
|Utilization (%)  |        2|     20|     15|     73|    0|
+-----------------+---------+-------+-------+-------+-----+

+ Detail: 
    * Instance: 
    +------------------------------------+----------------------+---------+-------+------+------+-----+
    |              Instance              |        Module        | BRAM_18K| DSP48E|  FF  |  LUT | URAM|
    +------------------------------------+----------------------+---------+-------+------+------+-----+
    |grp_initial_edca_process_fu_240     |initial_edca_process  |        0|      8|  2619|  5401|    0|
    |grp_ma_unitdatax_request_fu_344     |ma_unitdatax_request  |        1|      2|  1076|  3801|    0|
    |grp_phy_data_request_fu_422         |phy_data_request      |        0|      0|     2|    15|    0|
    |call_ln6_phy_data_request_1_fu_435  |phy_data_request_1    |        0|      0|     0|     0|    0|
    |grp_phy_txend_confirm_fu_292        |phy_txend_confirm     |        0|      8|  2619|  5401|    0|
    |call_ln17_phy_txend_request_fu_429  |phy_txend_request     |        0|      0|     2|     0|    0|
    +------------------------------------+----------------------+---------+-------+------+------+-----+
    |Total                               |                      |        1|     18|  6318| 14618|    0|
    +------------------------------------+----------------------+---------+-------+------+------+-----+

    * DSP48E: 
    N/A

    * Memory: 
    +---------------+----------------------+---------+----+----+-----+------+-----+------+-------------+
    |     Memory    |        Module        | BRAM_18K| FF | LUT| URAM| Words| Bits| Banks| W*Bits*Banks|
    +---------------+----------------------+---------+----+----+-----+------+-----+------+-------------+
    |edca_queues_U  |send_frame_edca_qfYi  |        1|   0|   0|    0|  1600|    8|     1|        12800|
    |frame_U        |send_frame_frame      |        0|  16|  13|    0|   100|    8|     1|          800|
    +---------------+----------------------+---------+----+----+-----+------+-----+------+-------------+
    |Total          |                      |        1|  16|  13|    0|  1700|   16|     2|        13600|
    +---------------+----------------------+---------+----+----+-----+------+-----+------+-------------+

    * FIFO: 
    N/A

    * Expression: 
    +----------------------------------+----------+-------+---+----+------------+------------+
    |           Variable Name          | Operation| DSP48E| FF| LUT| Bitwidth P0| Bitwidth P1|
    +----------------------------------+----------+-------+---+----+------------+------------+
    |add_ln15_fu_484_p2                |     +    |      0|  0|  15|           7|           1|
    |i_fu_451_p2                       |     +    |      0|  0|  15|           7|           1|
    |q_fu_473_p2                       |     +    |      0|  0|  15|           7|           1|
    |ap_block_state13_on_subcall_done  |    and   |      0|  0|   2|           1|           1|
    |icmp_ln10_fu_461_p2               |   icmp   |      0|  0|  11|           7|           1|
    |icmp_ln11_fu_467_p2               |   icmp   |      0|  0|  11|           7|           6|
    |icmp_ln16_fu_490_p2               |   icmp   |      0|  0|  11|           7|           6|
    |icmp_ln22_fu_445_p2               |   icmp   |      0|  0|  11|           7|           6|
    +----------------------------------+----------+-------+---+----+------------+------------+
    |Total                             |          |      0|  0|  91|          50|          23|
    +----------------------------------+----------+-------+---+----+------------+------------+

    * Multiplexer: 
    +----------------------------------------+----+-----------+-----+-----------+
    |                  Name                  | LUT| Input Size| Bits| Total Bits|
    +----------------------------------------+----+-----------+-----+-----------+
    |CW_be                                   |   9|          2|   10|         20|
    |CW_bk                                   |   9|          2|   10|         20|
    |CW_vi                                   |   9|          2|   10|         20|
    |ap_NS_fsm                               |  62|         15|    1|         15|
    |ap_phi_mux_count_new_0_i_phi_fu_233_p4  |  15|          3|    7|         21|
    |available_spaces_be                     |  15|          3|    3|          9|
    |available_spaces_bk                     |  15|          3|    3|          9|
    |available_spaces_vi                     |  15|          3|    3|          9|
    |available_spaces_vo                     |  15|          3|    3|          9|
    |be_backoff_counter                      |  15|          3|   10|         30|
    |bk_backoff_counter                      |  15|          3|   10|         30|
    |current_txop_holder_o                   |  15|          3|    3|          9|
    |current_txop_holder_o_ap_vld            |  15|          3|    1|          3|
    |data_ce0                                |   9|          2|    1|          2|
    |edca_queues_address0                    |  21|          4|   11|         44|
    |edca_queues_ce0                         |  21|          4|    1|          4|
    |edca_queues_d0                          |  21|          4|    8|         32|
    |edca_queues_we0                         |  21|          4|    1|          4|
    |frame_address0                          |  15|          3|    7|         21|
    |frame_ce0                               |  15|          3|    1|          3|
    |i_0_reg_208                             |   9|          2|    7|         14|
    |mac_frame_address0                      |  27|          5|    7|         35|
    |mac_frame_ce0                           |  21|          4|    1|          4|
    |mac_frame_d0                            |  15|          3|    8|         24|
    |mac_frame_we0                           |  15|          3|    1|          3|
    |q_0_i_reg_219                           |   9|          2|    7|         14|
    |rand_state                              |  15|          3|   32|         96|
    |read_pointer_be                         |  15|          3|    2|          6|
    |read_pointer_bk                         |  15|          3|    2|          6|
    |read_pointer_vi                         |  15|          3|    2|          6|
    |read_pointer_vo                         |  15|          3|    2|          6|
    |source_addr_mac_ce0                     |   9|          2|    1|          2|
    |source_addr_mac_ce1                     |   9|          2|    1|          2|
    |vi_backoff_counter                      |  15|          3|   10|         30|
    |vo_backoff_counter                      |  15|          3|   10|         30|
    |write_pointer_be                        |  15|          3|    2|          6|
    |write_pointer_bk                        |  15|          3|    2|          6|
    |write_pointer_vi                        |  15|          3|    2|          6|
    |write_pointer_vo                        |  15|          3|    2|          6|
    +----------------------------------------+----+-----------+-----+-----------+
    |Total                                   | 626|        128|  205|        616|
    +----------------------------------------+----+-----------+-----+-----------+

    * Register: 
    +----------------------------------------------+----+----+-----+-----------+
    |                     Name                     | FF | LUT| Bits| Const Bits|
    +----------------------------------------------+----+----+-----+-----------+
    |CW_be                                         |  10|   0|   10|          0|
    |CW_bk                                         |  10|   0|   10|          0|
    |CW_vi                                         |  10|   0|   10|          0|
    |add_ln15_reg_578                              |   7|   0|    7|          0|
    |ap_CS_fsm                                     |  14|   0|   14|          0|
    |available_spaces_be                           |   3|   0|    3|          0|
    |available_spaces_bk                           |   3|   0|    3|          0|
    |available_spaces_vi                           |   3|   0|    3|          0|
    |available_spaces_vo                           |   3|   0|    3|          0|
    |be_backoff_counter                            |  10|   0|   10|          0|
    |bk_backoff_counter                            |  10|   0|   10|          0|
    |count                                         |   7|   0|    7|          0|
    |count_load_reg_551                            |   7|   0|    7|          0|
    |data_1_fu_132                                 |   8|   0|    8|          0|
    |grp_initial_edca_process_fu_240_ap_start_reg  |   1|   0|    1|          0|
    |grp_ma_unitdatax_request_fu_344_ap_start_reg  |   1|   0|    1|          0|
    |grp_phy_data_request_fu_422_ap_start_reg      |   1|   0|    1|          0|
    |grp_phy_txend_confirm_fu_292_ap_start_reg     |   1|   0|    1|          0|
    |i_0_reg_208                                   |   7|   0|    7|          0|
    |i_reg_546                                     |   7|   0|    7|          0|
    |icmp_ln10_reg_556                             |   1|   0|    1|          0|
    |icmp_ln16_reg_584                             |   1|   0|    1|          0|
    |q_0_i_reg_219                                 |   7|   0|    7|          0|
    |q_reg_563                                     |   7|   0|    7|          0|
    |rand_state                                    |  32|   0|   32|          0|
    |read_pointer_be                               |   2|   0|    2|          0|
    |read_pointer_bk                               |   2|   0|    2|          0|
    |read_pointer_vi                               |   2|   0|    2|          0|
    |read_pointer_vo                               |   2|   0|    2|          0|
    |vi_backoff_counter                            |  10|   0|   10|          0|
    |vo_backoff_counter                            |  10|   0|   10|          0|
    |write_pointer_be                              |   2|   0|    2|          0|
    |write_pointer_bk                              |   2|   0|    2|          0|
    |write_pointer_vi                              |   2|   0|    2|          0|
    |write_pointer_vo                              |   2|   0|    2|          0|
    |zext_ln12_reg_568                             |   7|   0|   64|         57|
    +----------------------------------------------+----+----+-----+-----------+
    |Total                                         | 214|   0|  271|         57|
    +----------------------------------------------+----+----+-----+-----------+



================================================================
== Interface
================================================================
* Summary: 
+------------------------------+-----+-----+------------+------------------------------+--------------+
|           RTL Ports          | Dir | Bits|  Protocol  |         Source Object        |    C Type    |
+------------------------------+-----+-----+------------+------------------------------+--------------+
|ap_clk                        |  in |    1| ap_ctrl_hs |          send_frame          | return value |
|ap_rst                        |  in |    1| ap_ctrl_hs |          send_frame          | return value |
|ap_start                      |  in |    1| ap_ctrl_hs |          send_frame          | return value |
|ap_done                       | out |    1| ap_ctrl_hs |          send_frame          | return value |
|ap_idle                       | out |    1| ap_ctrl_hs |          send_frame          | return value |
|ap_ready                      | out |    1| ap_ctrl_hs |          send_frame          | return value |
|source_addr_mac_address0      | out |    3|  ap_memory |        source_addr_mac       |     array    |
|source_addr_mac_ce0           | out |    1|  ap_memory |        source_addr_mac       |     array    |
|source_addr_mac_q0            |  in |    8|  ap_memory |        source_addr_mac       |     array    |
|source_addr_mac_address1      | out |    3|  ap_memory |        source_addr_mac       |     array    |
|source_addr_mac_ce1           | out |    1|  ap_memory |        source_addr_mac       |     array    |
|source_addr_mac_q1            |  in |    8|  ap_memory |        source_addr_mac       |     array    |
|dest_addr_mac_address0        | out |    3|  ap_memory |         dest_addr_mac        |     array    |
|dest_addr_mac_ce0             | out |    1|  ap_memory |         dest_addr_mac        |     array    |
|dest_addr_mac_we0             | out |    1|  ap_memory |         dest_addr_mac        |     array    |
|dest_addr_mac_d0              | out |    8|  ap_memory |         dest_addr_mac        |     array    |
|dest_addr_mac_q0              |  in |    8|  ap_memory |         dest_addr_mac        |     array    |
|dest_addr_mac_address1        | out |    3|  ap_memory |         dest_addr_mac        |     array    |
|dest_addr_mac_ce1             | out |    1|  ap_memory |         dest_addr_mac        |     array    |
|dest_addr_mac_we1             | out |    1|  ap_memory |         dest_addr_mac        |     array    |
|dest_addr_mac_d1              | out |    8|  ap_memory |         dest_addr_mac        |     array    |
|dest_addr_mac_q1              |  in |    8|  ap_memory |         dest_addr_mac        |     array    |
|data_address0                 | out |    7|  ap_memory |             data             |     array    |
|data_ce0                      | out |    1|  ap_memory |             data             |     array    |
|data_q0                       |  in |    8|  ap_memory |             data             |     array    |
|up                            |  in |    4|   ap_none  |              up              |    scalar    |
|s_class                       |  in |    1|   ap_none  |            s_class           |    scalar    |
|c_identifier_operating_class  |  in |    8|   ap_none  | c_identifier_operating_class |    scalar    |
|c_identifier_channel_number   |  in |    8|   ap_none  |  c_identifier_channel_number |    scalar    |
|t_slot                        |  in |    2|   ap_none  |            t_slot            |    scalar    |
|d_rate                        |  in |    7|   ap_none  |            d_rate            |    scalar    |
|tx_power_lvl                  |  in |    4|   ap_none  |         tx_power_lvl         |    scalar    |
|expiry_time                   |  in |   64|   ap_none  |          expiry_time         |    scalar    |
|mac_frame_address0            | out |    7|  ap_memory |           mac_frame          |     array    |
|mac_frame_ce0                 | out |    1|  ap_memory |           mac_frame          |     array    |
|mac_frame_we0                 | out |    1|  ap_memory |           mac_frame          |     array    |
|mac_frame_d0                  | out |    8|  ap_memory |           mac_frame          |     array    |
|mac_frame_q0                  |  in |    8|  ap_memory |           mac_frame          |     array    |
|medium_state                  |  in |    1|   ap_none  |         medium_state         |    pointer   |
|current_txop_holder_i         |  in |    3|   ap_ovld  |      current_txop_holder     |    pointer   |
|current_txop_holder_o         | out |    3|   ap_ovld  |      current_txop_holder     |    pointer   |
|current_txop_holder_o_ap_vld  | out |    1|   ap_ovld  |      current_txop_holder     |    pointer   |
|received_frame_address0       | out |    7|  ap_memory |        received_frame        |     array    |
|received_frame_ce0            | out |    1|  ap_memory |        received_frame        |     array    |
|received_frame_we0            | out |    1|  ap_memory |        received_frame        |     array    |
|received_frame_d0             | out |    8|  ap_memory |        received_frame        |     array    |
|received_frame_q0             |  in |    8|  ap_memory |        received_frame        |     array    |
|received_frame_address1       | out |    7|  ap_memory |        received_frame        |     array    |
|received_frame_ce1            | out |    1|  ap_memory |        received_frame        |     array    |
|received_frame_we1            | out |    1|  ap_memory |        received_frame        |     array    |
|received_frame_d1             | out |    8|  ap_memory |        received_frame        |     array    |
|received_frame_q1             |  in |    8|  ap_memory |        received_frame        |     array    |
+------------------------------+-----+-----+------------+------------------------------+--------------+

