

================================================================
== Vivado HLS Report for 'slot_boundary_timing'
================================================================
* Date:           Mon Oct 26 21:45:56 2020

* Version:        2019.2 (Build 2704478 on Wed Nov 06 22:10:23 MST 2019)
* Project:        fyp
* Solution:       solution1
* Product family: artix7
* Target device:  xc7a35t-cpg236-1


================================================================
== Performance Estimates
================================================================
+ Timing: 
    * Summary: 
    +--------+----------+----------+------------+
    |  Clock |  Target  | Estimated| Uncertainty|
    +--------+----------+----------+------------+
    |ap_clk  | 10.00 ns | 7.972 ns |   1.25 ns  |
    +--------+----------+----------+------------+

+ Latency: 
    * Summary: 
    +---------+---------+----------+----------+-----+-----+---------+
    |  Latency (cycles) |  Latency (absolute) |  Interval | Pipeline|
    |   min   |   max   |    min   |    max   | min | max |   Type  |
    +---------+---------+----------+----------+-----+-----+---------+
    |        ?|        ?|         ?|         ?|    ?|    ?|   none  |
    +---------+---------+----------+----------+-----+-----+---------+

    + Detail: 
        * Instance: 
        +-----------------------+-------------+---------+---------+----------+----------+-----+-----+---------+
        |                       |             |  Latency (cycles) |  Latency (absolute) |  Interval | Pipeline|
        |        Instance       |    Module   |   min   |   max   |    min   |    max   | min | max |   Type  |
        +-----------------------+-------------+---------+---------+----------+----------+-----+-----+---------+
        |grp_start_timer_fu_67  |start_timer  |        ?|        ?|         ?|         ?|    ?|    ?|   none  |
        +-----------------------+-------------+---------+---------+----------+----------+-----+-----+---------+

        * Loop: 
        N/A



================================================================
== Utilization Estimates
================================================================
* Summary: 
+-----------------+---------+-------+-------+-------+-----+
|       Name      | BRAM_18K| DSP48E|   FF  |  LUT  | URAM|
+-----------------+---------+-------+-------+-------+-----+
|DSP              |        -|      -|      -|      -|    -|
|Expression       |        -|      -|      0|     39|    -|
|FIFO             |        -|      -|      -|      -|    -|
|Instance         |        -|      -|     42|    158|    -|
|Memory           |        -|      -|      -|      -|    -|
|Multiplexer      |        -|      -|      -|     77|    -|
|Register         |        -|      -|     15|      -|    -|
+-----------------+---------+-------+-------+-------+-----+
|Total            |        0|      0|     57|    274|    0|
+-----------------+---------+-------+-------+-------+-----+
|Available        |      100|     90|  41600|  20800|    0|
+-----------------+---------+-------+-------+-------+-----+
|Utilization (%)  |        0|      0|   ~0  |      1|    0|
+-----------------+---------+-------+-------+-------+-----+

+ Detail: 
    * Instance: 
    +-----------------------+-------------+---------+-------+----+-----+-----+
    |        Instance       |    Module   | BRAM_18K| DSP48E| FF | LUT | URAM|
    +-----------------------+-------------+---------+-------+----+-----+-----+
    |grp_start_timer_fu_67  |start_timer  |        0|      0|  42|  158|    0|
    +-----------------------+-------------+---------+-------+----+-----+-----+
    |Total                  |             |        0|      0|  42|  158|    0|
    +-----------------------+-------------+---------+-------+----+-----+-----+

    * DSP48E: 
    N/A

    * Memory: 
    N/A

    * FIFO: 
    N/A

    * Expression: 
    +---------------------------------+----------+-------+---+----+------------+------------+
    |          Variable Name          | Operation| DSP48E| FF| LUT| Bitwidth P0| Bitwidth P1|
    +---------------------------------+----------+-------+---+----+------------+------------+
    |ap_predicate_op31_call_state5    |    and   |      0|  0|   2|           1|           1|
    |ap_predicate_op33_call_state5    |    and   |      0|  0|   2|           1|           1|
    |icmp_ln137_fu_78_p2              |   icmp   |      0|  0|   8|           2|           1|
    |icmp_ln153_fu_84_p2              |   icmp   |      0|  0|   8|           2|           1|
    |icmp_ln163_fu_90_p2              |   icmp   |      0|  0|   9|           2|           3|
    |icmp_ln179_fu_96_p2              |   icmp   |      0|  0|   8|           2|           2|
    |ap_block_state5_on_subcall_done  |    or    |      0|  0|   2|           1|           1|
    +---------------------------------+----------+-------+---+----+------------+------------+
    |Total                            |          |      0|  0|  39|          11|          10|
    +---------------------------------+----------+-------+---+----+------------+------------+

    * Multiplexer: 
    +---------------------------------------------+----+-----------+-----+-----------+
    |                     Name                    | LUT| Input Size| Bits| Total Bits|
    +---------------------------------------------+----+-----------+-----+-----------+
    |ap_NS_fsm                                    |  44|          9|    1|          9|
    |ap_phi_mux_idle_waiting_new_0_phi_fu_47_p14  |   9|          2|    1|          2|
    |grp_start_timer_fu_67_count_idle             |  15|          3|    1|          3|
    |idle_waiting_new_0_reg_43                    |   9|          2|    1|          2|
    +---------------------------------------------+----+-----------+-----+-----------+
    |Total                                        |  77|         16|    4|         16|
    +---------------------------------------------+----+-----------+-----+-----------+

    * Register: 
    +------------------------------------+---+----+-----+-----------+
    |                Name                | FF| LUT| Bits| Const Bits|
    +------------------------------------+---+----+-----+-----------+
    |ap_CS_fsm                           |  8|   0|    8|          0|
    |grp_start_timer_fu_67_ap_start_reg  |  1|   0|    1|          0|
    |icmp_ln137_reg_102                  |  1|   0|    1|          0|
    |icmp_ln153_reg_106                  |  1|   0|    1|          0|
    |icmp_ln163_reg_110                  |  1|   0|    1|          0|
    |idle_waiting_new_0_reg_43           |  1|   0|    1|          0|
    |sifs_timeout_1_reg_122              |  1|   0|    1|          0|
    |sifs_timeout_reg_131                |  1|   0|    1|          0|
    +------------------------------------+---+----+-----+-----------+
    |Total                               | 15|   0|   15|          0|
    +------------------------------------+---+----+-----+-----------+



================================================================
== Interface
================================================================
* Summary: 
+---------------------+-----+-----+------------+----------------------+--------------+
|      RTL Ports      | Dir | Bits|  Protocol  |     Source Object    |    C Type    |
+---------------------+-----+-----+------------+----------------------+--------------+
|ap_clk               |  in |    1| ap_ctrl_hs | slot_boundary_timing | return value |
|ap_rst               |  in |    1| ap_ctrl_hs | slot_boundary_timing | return value |
|ap_start             |  in |    1| ap_ctrl_hs | slot_boundary_timing | return value |
|ap_done              | out |    1| ap_ctrl_hs | slot_boundary_timing | return value |
|ap_idle              | out |    1| ap_ctrl_hs | slot_boundary_timing | return value |
|ap_ready             | out |    1| ap_ctrl_hs | slot_boundary_timing | return value |
|timing_mode          |  in |    2|   ap_none  |      timing_mode     |    scalar    |
|idle_waiting         | out |    1|   ap_vld   |     idle_waiting     |    pointer   |
|idle_waiting_ap_vld  | out |    1|   ap_vld   |     idle_waiting     |    pointer   |
|medium_state         |  in |    1|   ap_none  |     medium_state     |    pointer   |
+---------------------+-----+-----+------------+----------------------+--------------+

