

================================================================
== Vivado HLS Report for 'start_timer'
================================================================
* Date:           Mon Oct 26 21:45:56 2020

* Version:        2019.2 (Build 2704478 on Wed Nov 06 22:10:23 MST 2019)
* Project:        fyp
* Solution:       solution1
* Product family: artix7
* Target device:  xc7a35t-cpg236-1


================================================================
== Performance Estimates
================================================================
+ Timing: 
    * Summary: 
    +--------+----------+----------+------------+
    |  Clock |  Target  | Estimated| Uncertainty|
    +--------+----------+----------+------------+
    |ap_clk  | 10.00 ns | 6.173 ns |   1.25 ns  |
    +--------+----------+----------+------------+

+ Latency: 
    * Summary: 
    +---------+---------+----------+----------+-----+-----+---------+
    |  Latency (cycles) |  Latency (absolute) |  Interval | Pipeline|
    |   min   |   max   |    min   |    max   | min | max |   Type  |
    +---------+---------+----------+----------+-----+-----+---------+
    |        ?|        ?|         ?|         ?|    ?|    ?|   none  |
    +---------+---------+----------+----------+-----+-----+---------+

    + Detail: 
        * Instance: 
        N/A

        * Loop: 
        +----------+---------+---------+----------+-----------+-----------+------+----------+
        |          |  Latency (cycles) | Iteration|  Initiation Interval  | Trip |          |
        | Loop Name|   min   |   max   |  Latency |  achieved |   target  | Count| Pipelined|
        +----------+---------+---------+----------+-----------+-----------+------+----------+
        |- Loop 1  |        ?|        ?|         1|          -|          -|     ?|    no    |
        +----------+---------+---------+----------+-----------+-----------+------+----------+



================================================================
== Utilization Estimates
================================================================
* Summary: 
+-----------------+---------+-------+-------+-------+-----+
|       Name      | BRAM_18K| DSP48E|   FF  |  LUT  | URAM|
+-----------------+---------+-------+-------+-------+-----+
|DSP              |        -|      -|      -|      -|    -|
|Expression       |        -|      -|      0|     86|    -|
|FIFO             |        -|      -|      -|      -|    -|
|Instance         |        -|      -|      -|      -|    -|
|Memory           |        -|      -|      -|      -|    -|
|Multiplexer      |        -|      -|      -|     72|    -|
|Register         |        -|      -|     42|      -|    -|
+-----------------+---------+-------+-------+-------+-----+
|Total            |        0|      0|     42|    158|    0|
+-----------------+---------+-------+-------+-------+-----+
|Available        |      100|     90|  41600|  20800|    0|
+-----------------+---------+-------+-------+-------+-----+
|Utilization (%)  |        0|      0|   ~0  |   ~0  |    0|
+-----------------+---------+-------+-------+-------+-----+

+ Detail: 
    * Instance: 
    N/A

    * DSP48E: 
    N/A

    * Memory: 
    N/A

    * FIFO: 
    N/A

    * Expression: 
    +--------------------+----------+-------+---+----+------------+------------+
    |    Variable Name   | Operation| DSP48E| FF| LUT| Bitwidth P0| Bitwidth P1|
    +--------------------+----------+-------+---+----+------------+------------+
    |add_ln8_fu_114_p2   |     +    |      0|  0|  16|           9|           3|
    |grp_fu_73_p2        |     +    |      0|  0|  23|          16|           1|
    |i_fu_130_p2         |     +    |      0|  0|  27|          20|           1|
    |ap_condition_61     |    and   |      0|  0|   2|           1|           1|
    |icmp_ln8_fu_124_p2  |   icmp   |      0|  0|  18|          21|          21|
    +--------------------+----------+-------+---+----+------------+------------+
    |Total               |          |      0|  0|  86|          67|          27|
    +--------------------+----------+-------+---+----+------------+------------+

    * Multiplexer: 
    +----------------------------------------------+----+-----------+-----+-----------+
    |                     Name                     | LUT| Input Size| Bits| Total Bits|
    +----------------------------------------------+----+-----------+-----+-----------+
    |ap_NS_fsm                                     |  21|          4|    1|          4|
    |ap_phi_mux_timeout_write_assign_phi_fu_62_p4  |  15|          3|    1|          3|
    |ap_return                                     |   9|          2|    1|          2|
    |i_0_reg_48                                    |   9|          2|   20|         40|
    |tc_fu_32                                      |   9|          2|   16|         32|
    |total_count_fu_28                             |   9|          2|    2|          4|
    +----------------------------------------------+----+-----------+-----+-----------+
    |Total                                         |  72|         15|   41|         85|
    +----------------------------------------------+----+-----------+-----+-----------+

    * Register: 
    +-------------------+----+----+-----+-----------+
    |        Name       | FF | LUT| Bits| Const Bits|
    +-------------------+----+----+-----+-----------+
    |ap_CS_fsm          |   3|   0|    3|          0|
    |ap_return_preg     |   1|   0|    1|          0|
    |i_0_reg_48         |  20|   0|   20|          0|
    |tc_fu_32           |  16|   0|   16|          0|
    |total_count_fu_28  |   2|   0|    7|          5|
    +-------------------+----+----+-----+-----------+
    |Total              |  42|   0|   47|          5|
    +-------------------+----+----+-----+-----------+



================================================================
== Interface
================================================================
* Summary: 
+--------------+-----+-----+------------+--------------+--------------+
|   RTL Ports  | Dir | Bits|  Protocol  | Source Object|    C Type    |
+--------------+-----+-----+------------+--------------+--------------+
|ap_clk        |  in |    1| ap_ctrl_hs |  start_timer | return value |
|ap_rst        |  in |    1| ap_ctrl_hs |  start_timer | return value |
|ap_start      |  in |    1| ap_ctrl_hs |  start_timer | return value |
|ap_done       | out |    1| ap_ctrl_hs |  start_timer | return value |
|ap_idle       | out |    1| ap_ctrl_hs |  start_timer | return value |
|ap_ready      | out |    1| ap_ctrl_hs |  start_timer | return value |
|ap_return     | out |    1| ap_ctrl_hs |  start_timer | return value |
|count_idle    |  in |    1|   ap_none  |  count_idle  |    scalar    |
|medium_state  |  in |    1|   ap_none  | medium_state |    pointer   |
+--------------+-----+-----+------------+--------------+--------------+

