

================================================================
== Vivado HLS Report for 'start_backoff_be'
================================================================
* Date:           Thu Nov 19 12:13:14 2020

* Version:        2019.2 (Build 2704478 on Wed Nov 06 22:10:23 MST 2019)
* Project:        fyp
* Solution:       solution1
* Product family: artix7
* Target device:  xc7a35t-cpg236-1


================================================================
== Performance Estimates
================================================================
+ Timing: 
    * Summary: 
    +--------+----------+----------+------------+
    |  Clock |  Target  | Estimated| Uncertainty|
    +--------+----------+----------+------------+
    |ap_clk  | 10.00 ns | 7.558 ns |   1.25 ns  |
    +--------+----------+----------+------------+

+ Latency: 
    * Summary: 
    +---------+---------+----------+----------+-----+-----+---------+
    |  Latency (cycles) |  Latency (absolute) |  Interval | Pipeline|
    |   min   |   max   |    min   |    max   | min | max |   Type  |
    +---------+---------+----------+----------+-----+-----+---------+
    |       38|       38| 0.380 us | 0.380 us |   38|   38|   none  |
    +---------+---------+----------+----------+-----+-----+---------+

    + Detail: 
        * Instance: 
        +--------------------------+----------------+---------+---------+----------+----------+-----+-----+---------+
        |                          |                |  Latency (cycles) |  Latency (absolute) |  Interval | Pipeline|
        |         Instance         |     Module     |   min   |   max   |    min   |    max   | min | max |   Type  |
        +--------------------------+----------------+---------+---------+----------+----------+-----+-----+---------+
        |grp_random_int_gen_fu_37  |random_int_gen  |       37|       37| 0.370 us | 0.370 us |   37|   37|   none  |
        +--------------------------+----------------+---------+---------+----------+----------+-----+-----+---------+

        * Loop: 
        N/A



================================================================
== Utilization Estimates
================================================================
* Summary: 
+-----------------+---------+-------+-------+-------+-----+
|       Name      | BRAM_18K| DSP48E|   FF  |  LUT  | URAM|
+-----------------+---------+-------+-------+-------+-----+
|DSP              |        -|      -|      -|      -|    -|
|Expression       |        -|      -|      0|     23|    -|
|FIFO             |        -|      -|      -|      -|    -|
|Instance         |        -|      2|    554|    637|    -|
|Memory           |        -|      -|      -|      -|    -|
|Multiplexer      |        -|      -|      -|     54|    -|
|Register         |        -|      -|     13|      -|    -|
+-----------------+---------+-------+-------+-------+-----+
|Total            |        0|      2|    567|    714|    0|
+-----------------+---------+-------+-------+-------+-----+
|Available        |      100|     90|  41600|  20800|    0|
+-----------------+---------+-------+-------+-------+-----+
|Utilization (%)  |        0|      2|      1|      3|    0|
+-----------------+---------+-------+-------+-------+-----+

+ Detail: 
    * Instance: 
    +--------------------------+----------------+---------+-------+-----+-----+-----+
    |         Instance         |     Module     | BRAM_18K| DSP48E|  FF | LUT | URAM|
    +--------------------------+----------------+---------+-------+-----+-----+-----+
    |grp_random_int_gen_fu_37  |random_int_gen  |        0|      2|  554|  637|    0|
    +--------------------------+----------------+---------+-------+-----+-----+-----+
    |Total                     |                |        0|      2|  554|  637|    0|
    +--------------------------+----------------+---------+-------+-----+-----+-----+

    * DSP48E: 
    N/A

    * Memory: 
    N/A

    * FIFO: 
    N/A

    * Expression: 
    +---------------------+----------+-------+---+----+------------+------------+
    |    Variable Name    | Operation| DSP48E| FF| LUT| Bitwidth P0| Bitwidth P1|
    +---------------------+----------+-------+---+----+------------+------------+
    |icmp_ln346_fu_56_p2  |   icmp   |      0|  0|  13|          10|           2|
    |or_ln347_fu_68_p2    |    or    |      0|  0|  10|          10|           1|
    +---------------------+----------+-------+---+----+------------+------------+
    |Total                |          |      0|  0|  23|          20|           3|
    +---------------------+----------+-------+---+----+------------+------------+

    * Multiplexer: 
    +--------------------+----+-----------+-----+-----------+
    |        Name        | LUT| Input Size| Bits| Total Bits|
    +--------------------+----+-----------+-----+-----------+
    |CW_be_loc_2_reg_24  |  15|          3|   10|         30|
    |CW_be_o             |  15|          3|   10|         30|
    |ap_NS_fsm           |  15|          3|    1|          3|
    |rand_state_o        |   9|          2|   32|         64|
    +--------------------+----+-----------+-----+-----------+
    |Total               |  54|         11|   53|        127|
    +--------------------+----+-----------+-----+-----------+

    * Register: 
    +---------------------------------------+----+----+-----+-----------+
    |                  Name                 | FF | LUT| Bits| Const Bits|
    +---------------------------------------+----+----+-----+-----------+
    |CW_be_loc_2_reg_24                     |  10|   0|   10|          0|
    |ap_CS_fsm                              |   2|   0|    2|          0|
    |grp_random_int_gen_fu_37_ap_start_reg  |   1|   0|    1|          0|
    +---------------------------------------+----+----+-----+-----------+
    |Total                                  |  13|   0|   13|          0|
    +---------------------------------------+----+----+-----+-----------+



================================================================
== Interface
================================================================
* Summary: 
+---------------------------+-----+-----+------------+--------------------+--------------+
|         RTL Ports         | Dir | Bits|  Protocol  |    Source Object   |    C Type    |
+---------------------------+-----+-----+------------+--------------------+--------------+
|ap_clk                     |  in |    1| ap_ctrl_hs |  start_backoff_be  | return value |
|ap_rst                     |  in |    1| ap_ctrl_hs |  start_backoff_be  | return value |
|ap_start                   |  in |    1| ap_ctrl_hs |  start_backoff_be  | return value |
|ap_done                    | out |    1| ap_ctrl_hs |  start_backoff_be  | return value |
|ap_idle                    | out |    1| ap_ctrl_hs |  start_backoff_be  | return value |
|ap_ready                   | out |    1| ap_ctrl_hs |  start_backoff_be  | return value |
|invoke_reason              |  in |    1|   ap_none  |    invoke_reason   |    scalar    |
|CW_be_i                    |  in |   10|   ap_ovld  |        CW_be       |    pointer   |
|CW_be_o                    | out |   10|   ap_ovld  |        CW_be       |    pointer   |
|CW_be_o_ap_vld             | out |    1|   ap_ovld  |        CW_be       |    pointer   |
|rand_state_i               |  in |   32|   ap_ovld  |     rand_state     |    pointer   |
|rand_state_o               | out |   32|   ap_ovld  |     rand_state     |    pointer   |
|rand_state_o_ap_vld        | out |    1|   ap_ovld  |     rand_state     |    pointer   |
|be_backoff_counter         | out |   10|   ap_vld   | be_backoff_counter |    pointer   |
|be_backoff_counter_ap_vld  | out |    1|   ap_vld   | be_backoff_counter |    pointer   |
+---------------------------+-----+-----+------------+--------------------+--------------+

