

================================================================
== Vivado HLS Report for 'start_tx'
================================================================
* Date:           Thu Nov 19 12:13:15 2020

* Version:        2019.2 (Build 2704478 on Wed Nov 06 22:10:23 MST 2019)
* Project:        fyp
* Solution:       solution1
* Product family: artix7
* Target device:  xc7a35t-cpg236-1


================================================================
== Performance Estimates
================================================================
+ Timing: 
    * Summary: 
    +--------+----------+----------+------------+
    |  Clock |  Target  | Estimated| Uncertainty|
    +--------+----------+----------+------------+
    |ap_clk  | 10.00 ns | 7.502 ns |   1.25 ns  |
    +--------+----------+----------+------------+

+ Latency: 
    * Summary: 
    +---------+---------+-----------+----------+-----+-----+---------+
    |  Latency (cycles) |  Latency (absolute)  |  Interval | Pipeline|
    |   min   |   max   |    min    |    max   | min | max |   Type  |
    +---------+---------+-----------+----------+-----+-----+---------+
    |        2|      203| 20.000 ns | 2.030 us |    2|  203|   none  |
    +---------+---------+-----------+----------+-----+-----+---------+

    + Detail: 
        * Instance: 
        +--------------------------------+----------------------+---------+---------+-----------+----------+-----+-----+---------+
        |                                |                      |  Latency (cycles) |  Latency (absolute)  |  Interval | Pipeline|
        |            Instance            |        Module        |   min   |   max   |    min    |    max   | min | max |   Type  |
        +--------------------------------+----------------------+---------+---------+-----------+----------+-----+-----+---------+
        |grp_enqueue_dequeue_fram_fu_44  |enqueue_dequeue_fram  |        1|      202| 10.000 ns | 2.020 us |    1|  202|   none  |
        +--------------------------------+----------------------+---------+---------+-----------+----------+-----+-----+---------+

        * Loop: 
        N/A



================================================================
== Utilization Estimates
================================================================
* Summary: 
+-----------------+---------+-------+-------+-------+-----+
|       Name      | BRAM_18K| DSP48E|   FF  |  LUT  | URAM|
+-----------------+---------+-------+-------+-------+-----+
|DSP              |        -|      -|      -|      -|    -|
|Expression       |        -|      -|      0|     10|    -|
|FIFO             |        -|      -|      -|      -|    -|
|Instance         |        -|      0|    258|   1425|    -|
|Memory           |        -|      -|      -|      -|    -|
|Multiplexer      |        -|      -|      -|    123|    -|
|Register         |        -|      -|      5|      -|    -|
+-----------------+---------+-------+-------+-------+-----+
|Total            |        0|      0|    263|   1558|    0|
+-----------------+---------+-------+-------+-------+-----+
|Available        |      100|     90|  41600|  20800|    0|
+-----------------+---------+-------+-------+-------+-----+
|Utilization (%)  |        0|      0|   ~0  |      7|    0|
+-----------------+---------+-------+-------+-------+-----+

+ Detail: 
    * Instance: 
    +--------------------------------+----------------------+---------+-------+-----+------+-----+
    |            Instance            |        Module        | BRAM_18K| DSP48E|  FF |  LUT | URAM|
    +--------------------------------+----------------------+---------+-------+-----+------+-----+
    |grp_enqueue_dequeue_fram_fu_44  |enqueue_dequeue_fram  |        0|      0|  258|  1425|    0|
    +--------------------------------+----------------------+---------+-------+-----+------+-----+
    |Total                           |                      |        0|      0|  258|  1425|    0|
    +--------------------------------+----------------------+---------+-------+-----+------+-----+

    * DSP48E: 
    N/A

    * Memory: 
    N/A

    * FIFO: 
    N/A

    * Expression: 
    +--------------------+----------+-------+---+----+------------+------------+
    |    Variable Name   | Operation| DSP48E| FF| LUT| Bitwidth P0| Bitwidth P1|
    +--------------------+----------+-------+---+----+------------+------------+
    |add_ln368_fu_83_p2  |     +    |      0|  0|  10|           2|           2|
    +--------------------+----------+-------+---+----+------------+------------+
    |Total               |          |      0|  0|  10|           2|           2|
    +--------------------+----------+-------+---+----+------------+------------+

    * Multiplexer: 
    +-----------------------+----+-----------+-----+-----------+
    |          Name         | LUT| Input Size| Bits| Total Bits|
    +-----------------------+----+-----------+-----+-----------+
    |ap_NS_fsm              |  15|          3|    1|          3|
    |available_spaces_be_o  |   9|          2|    3|          6|
    |available_spaces_bk_o  |   9|          2|    3|          6|
    |available_spaces_vi_o  |   9|          2|    3|          6|
    |available_spaces_vo_o  |   9|          2|    3|          6|
    |read_pointer_be_o      |   9|          2|    2|          4|
    |read_pointer_bk_o      |   9|          2|    2|          4|
    |read_pointer_vi_o      |   9|          2|    2|          4|
    |read_pointer_vo_o      |   9|          2|    2|          4|
    |write_pointer_be_o     |   9|          2|    2|          4|
    |write_pointer_bk_o     |   9|          2|    2|          4|
    |write_pointer_vi_o     |   9|          2|    2|          4|
    |write_pointer_vo_o     |   9|          2|    2|          4|
    +-----------------------+----+-----------+-----+-----------+
    |Total                  | 123|         27|   29|         59|
    +-----------------------+----+-----------+-----+-----------+

    * Register: 
    +---------------------------------------------+---+----+-----+-----------+
    |                     Name                    | FF| LUT| Bits| Const Bits|
    +---------------------------------------------+---+----+-----+-----------+
    |add_ln368_reg_90                             |  2|   0|    2|          0|
    |ap_CS_fsm                                    |  2|   0|    2|          0|
    |grp_enqueue_dequeue_fram_fu_44_ap_start_reg  |  1|   0|    1|          0|
    +---------------------------------------------+---+----+-----+-----------+
    |Total                                        |  5|   0|    5|          0|
    +---------------------------------------------+---+----+-----+-----------+



================================================================
== Interface
================================================================
* Summary: 
+------------------------------+-----+-----+------------+---------------------+--------------+
|           RTL Ports          | Dir | Bits|  Protocol  |    Source Object    |    C Type    |
+------------------------------+-----+-----+------------+---------------------+--------------+
|ap_clk                        |  in |    1| ap_ctrl_hs |       start_tx      | return value |
|ap_rst                        |  in |    1| ap_ctrl_hs |       start_tx      | return value |
|ap_start                      |  in |    1| ap_ctrl_hs |       start_tx      | return value |
|ap_done                       | out |    1| ap_ctrl_hs |       start_tx      | return value |
|ap_idle                       | out |    1| ap_ctrl_hs |       start_tx      | return value |
|ap_ready                      | out |    1| ap_ctrl_hs |       start_tx      | return value |
|current_txop_holder           |  in |    3|   ap_none  | current_txop_holder |    scalar    |
|tx_frame_address0             | out |    7|  ap_memory |       tx_frame      |     array    |
|tx_frame_ce0                  | out |    1|  ap_memory |       tx_frame      |     array    |
|tx_frame_we0                  | out |    1|  ap_memory |       tx_frame      |     array    |
|tx_frame_d0                   | out |    8|  ap_memory |       tx_frame      |     array    |
|tx_frame_q0                   |  in |    8|  ap_memory |       tx_frame      |     array    |
|available_spaces_bk_i         |  in |    3|   ap_ovld  | available_spaces_bk |    pointer   |
|available_spaces_bk_o         | out |    3|   ap_ovld  | available_spaces_bk |    pointer   |
|available_spaces_bk_o_ap_vld  | out |    1|   ap_ovld  | available_spaces_bk |    pointer   |
|write_pointer_bk_i            |  in |    2|   ap_ovld  |   write_pointer_bk  |    pointer   |
|write_pointer_bk_o            | out |    2|   ap_ovld  |   write_pointer_bk  |    pointer   |
|write_pointer_bk_o_ap_vld     | out |    1|   ap_ovld  |   write_pointer_bk  |    pointer   |
|available_spaces_be_i         |  in |    3|   ap_ovld  | available_spaces_be |    pointer   |
|available_spaces_be_o         | out |    3|   ap_ovld  | available_spaces_be |    pointer   |
|available_spaces_be_o_ap_vld  | out |    1|   ap_ovld  | available_spaces_be |    pointer   |
|write_pointer_be_i            |  in |    2|   ap_ovld  |   write_pointer_be  |    pointer   |
|write_pointer_be_o            | out |    2|   ap_ovld  |   write_pointer_be  |    pointer   |
|write_pointer_be_o_ap_vld     | out |    1|   ap_ovld  |   write_pointer_be  |    pointer   |
|available_spaces_vi_i         |  in |    3|   ap_ovld  | available_spaces_vi |    pointer   |
|available_spaces_vi_o         | out |    3|   ap_ovld  | available_spaces_vi |    pointer   |
|available_spaces_vi_o_ap_vld  | out |    1|   ap_ovld  | available_spaces_vi |    pointer   |
|write_pointer_vi_i            |  in |    2|   ap_ovld  |   write_pointer_vi  |    pointer   |
|write_pointer_vi_o            | out |    2|   ap_ovld  |   write_pointer_vi  |    pointer   |
|write_pointer_vi_o_ap_vld     | out |    1|   ap_ovld  |   write_pointer_vi  |    pointer   |
|available_spaces_vo_i         |  in |    3|   ap_ovld  | available_spaces_vo |    pointer   |
|available_spaces_vo_o         | out |    3|   ap_ovld  | available_spaces_vo |    pointer   |
|available_spaces_vo_o_ap_vld  | out |    1|   ap_ovld  | available_spaces_vo |    pointer   |
|write_pointer_vo_i            |  in |    2|   ap_ovld  |   write_pointer_vo  |    pointer   |
|write_pointer_vo_o            | out |    2|   ap_ovld  |   write_pointer_vo  |    pointer   |
|write_pointer_vo_o_ap_vld     | out |    1|   ap_ovld  |   write_pointer_vo  |    pointer   |
|edca_queues_address0          | out |   11|  ap_memory |     edca_queues     |     array    |
|edca_queues_ce0               | out |    1|  ap_memory |     edca_queues     |     array    |
|edca_queues_we0               | out |    1|  ap_memory |     edca_queues     |     array    |
|edca_queues_d0                | out |    8|  ap_memory |     edca_queues     |     array    |
|edca_queues_q0                |  in |    8|  ap_memory |     edca_queues     |     array    |
|read_pointer_bk_i             |  in |    2|   ap_ovld  |   read_pointer_bk   |    pointer   |
|read_pointer_bk_o             | out |    2|   ap_ovld  |   read_pointer_bk   |    pointer   |
|read_pointer_bk_o_ap_vld      | out |    1|   ap_ovld  |   read_pointer_bk   |    pointer   |
|read_pointer_be_i             |  in |    2|   ap_ovld  |   read_pointer_be   |    pointer   |
|read_pointer_be_o             | out |    2|   ap_ovld  |   read_pointer_be   |    pointer   |
|read_pointer_be_o_ap_vld      | out |    1|   ap_ovld  |   read_pointer_be   |    pointer   |
|read_pointer_vi_i             |  in |    2|   ap_ovld  |   read_pointer_vi   |    pointer   |
|read_pointer_vi_o             | out |    2|   ap_ovld  |   read_pointer_vi   |    pointer   |
|read_pointer_vi_o_ap_vld      | out |    1|   ap_ovld  |   read_pointer_vi   |    pointer   |
|read_pointer_vo_i             |  in |    2|   ap_ovld  |   read_pointer_vo   |    pointer   |
|read_pointer_vo_o             | out |    2|   ap_ovld  |   read_pointer_vo   |    pointer   |
|read_pointer_vo_o_ap_vld      | out |    1|   ap_ovld  |   read_pointer_vo   |    pointer   |
+------------------------------+-----+-----+------------+---------------------+--------------+

