

================================================================
== Vivado HLS Report for 'start_backoff_vo'
================================================================
* Date:           Wed Oct 28 13:49:25 2020

* Version:        2019.2 (Build 2704478 on Wed Nov 06 22:10:23 MST 2019)
* Project:        fyp
* Solution:       solution1
* Product family: artix7
* Target device:  xc7a35t-cpg236-1


================================================================
== Performance Estimates
================================================================
+ Timing: 
    * Summary: 
    +--------+----------+----------+------------+
    |  Clock |  Target  | Estimated| Uncertainty|
    +--------+----------+----------+------------+
    |ap_clk  | 10.00 ns | 8.485 ns |   1.25 ns  |
    +--------+----------+----------+------------+

+ Latency: 
    * Summary: 
    +---------+---------+-----------+-----------+-----+-----+---------+
    |  Latency (cycles) |   Latency (absolute)  |  Interval | Pipeline|
    |   min   |   max   |    min    |    max    | min | max |   Type  |
    +---------+---------+-----------+-----------+-----+-----+---------+
    |        1|        1| 10.000 ns | 10.000 ns |    1|    1|   none  |
    +---------+---------+-----------+-----------+-----+-----+---------+

    + Detail: 
        * Instance: 
        N/A

        * Loop: 
        N/A



================================================================
== Utilization Estimates
================================================================
* Summary: 
+-----------------+---------+-------+-------+-------+-----+
|       Name      | BRAM_18K| DSP48E|   FF  |  LUT  | URAM|
+-----------------+---------+-------+-------+-------+-----+
|DSP              |        -|      1|      -|      -|    -|
|Expression       |        -|      1|      0|    231|    -|
|FIFO             |        -|      -|      -|      -|    -|
|Instance         |        -|      -|      -|      -|    -|
|Memory           |        -|      -|      -|      -|    -|
|Multiplexer      |        -|      -|      -|     24|    -|
|Register         |        -|      -|    120|      -|    -|
+-----------------+---------+-------+-------+-------+-----+
|Total            |        0|      2|    120|    255|    0|
+-----------------+---------+-------+-------+-------+-----+
|Available        |      100|     90|  41600|  20800|    0|
+-----------------+---------+-------+-------+-------+-----+
|Utilization (%)  |        0|      2|   ~0  |      1|    0|
+-----------------+---------+-------+-------+-------+-----+

+ Detail: 
    * Instance: 
    N/A

    * DSP48E: 
    +-------------------------+----------------------+-----------+
    |         Instance        |        Module        | Expression|
    +-------------------------+----------------------+-----------+
    |start_backoff_vo_bkb_U1  |start_backoff_vo_bkb  |  i0 * i1  |
    +-------------------------+----------------------+-----------+

    * Memory: 
    N/A

    * FIFO: 
    N/A

    * Expression: 
    +---------------------+----------+-------+---+-----+------------+------------+
    |    Variable Name    | Operation| DSP48E| FF| LUT | Bitwidth P0| Bitwidth P1|
    +---------------------+----------+-------+---+-----+------------+------------+
    |low_1_fu_96_p2       |     *    |      1|  0|    6|          15|          16|
    |add_ln10_fu_132_p2   |     +    |      0|  0|   23|           4|          16|
    |x_1_fu_147_p2        |     +    |      0|  0|   39|          32|          32|
    |x_2_fu_172_p2        |     +    |      0|  0|   39|          32|          32|
    |icmp_ln272_fu_60_p2  |   icmp   |      0|  0|   13|          10|           2|
    |or_ln273_fu_72_p2    |    or    |      0|  0|   10|          10|           1|
    |x_fu_141_p2          |    shl   |      0|  0|  101|          32|          32|
    +---------------------+----------+-------+---+-----+------------+------------+
    |Total                |          |      1|  0|  231|         135|         131|
    +---------------------+----------+-------+---+-----+------------+------------+

    * Multiplexer: 
    +-----------+----+-----------+-----+-----------+
    |    Name   | LUT| Input Size| Bits| Total Bits|
    +-----------+----+-----------+-----+-----------+
    |CW_vo      |   9|          2|    6|         12|
    |ap_NS_fsm  |  15|          3|    1|          3|
    +-----------+----+-----------+-----+-----------+
    |Total      |  24|          5|    7|         15|
    +-----------+----+-----------+-----+-----------+

    * Register: 
    +------------------+----+----+-----+-----------+
    |       Name       | FF | LUT| Bits| Const Bits|
    +------------------+----+----+-----+-----------+
    |CW_vo             |   6|   0|   10|          4|
    |ap_CS_fsm         |   2|   0|    2|          0|
    |high_2_reg_202    |  32|   0|   32|          0|
    |low_1_reg_197     |  32|   0|   32|          0|
    |rand_state        |  32|   0|   32|          0|
    |trunc_ln_reg_207  |  16|   0|   16|          0|
    +------------------+----+----+-----+-----------+
    |Total             | 120|   0|  124|          4|
    +------------------+----+----+-----+-----------+



================================================================
== Interface
================================================================
* Summary: 
+---------------+-----+-----+------------+------------------+--------------+
|   RTL Ports   | Dir | Bits|  Protocol  |   Source Object  |    C Type    |
+---------------+-----+-----+------------+------------------+--------------+
|ap_clk         |  in |    1| ap_ctrl_hs | start_backoff_vo | return value |
|ap_rst         |  in |    1| ap_ctrl_hs | start_backoff_vo | return value |
|ap_start       |  in |    1| ap_ctrl_hs | start_backoff_vo | return value |
|ap_done        | out |    1| ap_ctrl_hs | start_backoff_vo | return value |
|ap_idle        | out |    1| ap_ctrl_hs | start_backoff_vo | return value |
|ap_ready       | out |    1| ap_ctrl_hs | start_backoff_vo | return value |
|invoke_reason  |  in |    1|   ap_none  |   invoke_reason  |    scalar    |
+---------------+-----+-----+------------+------------------+--------------+

