#-----------------------------------------------------------
# Vivado v2019.2 (64-bit)
# SW Build 2708876 on Wed Nov  6 21:40:23 MST 2019
# IP Build 2700528 on Thu Nov  7 00:09:20 MST 2019
# Start of session at: Thu Oct 29 12:25:11 2020
# Process ID: 14736
# Current directory: E:/FYP/HLS/MAC_SAP/fyp/solution1/.autopilot/db/ip_tmp
# Command line: vivado.exe  -notrace -mode batch -source run_vivado_gen_ip.tcl
# Log file: E:/FYP/HLS/MAC_SAP/fyp/solution1/.autopilot/db/ip_tmp/vivado.log
# Journal file: E:/FYP/HLS/MAC_SAP/fyp/solution1/.autopilot/db/ip_tmp\vivado.jou
#-----------------------------------------------------------
source run_vivado_gen_ip.tcl -notrace
INFO: [IP_Flow 19-234] Refreshing IP repositories
INFO: [IP_Flow 19-1704] No user IP repositories specified
INFO: [IP_Flow 19-2313] Loaded Vivado IP repository 'D:/Xilinx/Vivado/2019.2/data/ip'.
WARNING: [IP_Flow 19-4832] The IP name 'backoff_vi_ap_fmul_2_max_dsp_32' you have specified is long. The Windows operating system has path length limitations. It is recommended you use shorter names to reduce the likelihood of issues.
create_ip: Time (s): cpu = 00:00:03 ; elapsed = 00:00:07 . Memory (MB): peak = 492.438 ; gain = 42.688
INFO: [IP_Flow 19-1686] Generating 'Synthesis' target for IP 'backoff_vi_ap_fmul_2_max_dsp_32'...
INFO: [IP_Flow 19-1686] Generating 'Simulation' target for IP 'backoff_vi_ap_fmul_2_max_dsp_32'...
WARNING: [IP_Flow 19-4832] The IP name 'backoff_vi_ap_sitofp_4_no_dsp_32' you have specified is long. The Windows operating system has path length limitations. It is recommended you use shorter names to reduce the likelihood of issues.
INFO: [IP_Flow 19-1686] Generating 'Synthesis' target for IP 'backoff_vi_ap_sitofp_4_no_dsp_32'...
INFO: [IP_Flow 19-1686] Generating 'Simulation' target for IP 'backoff_vi_ap_sitofp_4_no_dsp_32'...
WARNING: [IP_Flow 19-4832] The IP name 'backoff_vi_ap_uitofp_4_no_dsp_32' you have specified is long. The Windows operating system has path length limitations. It is recommended you use shorter names to reduce the likelihood of issues.
INFO: [IP_Flow 19-1686] Generating 'Synthesis' target for IP 'backoff_vi_ap_uitofp_4_no_dsp_32'...
INFO: [IP_Flow 19-1686] Generating 'Simulation' target for IP 'backoff_vi_ap_uitofp_4_no_dsp_32'...
INFO: [Common 17-206] Exiting Vivado at Thu Oct 29 12:25:42 2020...
