#-----------------------------------------------------------
# Vivado v2019.2 (64-bit)
# SW Build 2708876 on Wed Nov  6 21:40:23 MST 2019
# IP Build 2700528 on Thu Nov  7 00:09:20 MST 2019
# Start of session at: Sun Nov  8 21:11:55 2020
# Process ID: 10592
# Current directory: E:/FYP/HLS/MAC_SAP/fyp/solution1/impl/verilog
# Command line: vivado.exe -notrace -mode batch -source run_vivadosyn.tcl
# Log file: E:/FYP/HLS/MAC_SAP/fyp/solution1/impl/verilog/vivado.log
# Journal file: E:/FYP/HLS/MAC_SAP/fyp/solution1/impl/verilog\vivado.jou
#-----------------------------------------------------------
source run_vivadosyn.tcl -notrace
INFO: [IP_Flow 19-234] Refreshing IP repositories
INFO: [IP_Flow 19-1700] Loaded user IP repository 'e:/FYP/HLS/MAC_SAP/fyp/solution1/impl/ip'.
INFO: [IP_Flow 19-2313] Loaded Vivado IP repository 'D:/Xilinx/Vivado/2019.2/data/ip'.
Wrote  : <E:\FYP\HLS\MAC_SAP\fyp\solution1\impl\verilog\project.srcs\sources_1\bd\bd_0\bd_0.bd> 
WARNING: [BD 41-927] Following properties on pin /hls_inst/ap_clk have been updated from connected ip. They may not be synchronized with cell properties. You can set property on pin directly to confirm the value and resolve the warning.
	FREQ_HZ=100000000.0 
Wrote  : <E:\FYP\HLS\MAC_SAP\fyp\solution1\impl\verilog\project.srcs\sources_1\bd\bd_0\bd_0.bd> 
VHDL Output written to : E:/FYP/HLS/MAC_SAP/fyp/solution1/impl/verilog/project.srcs/sources_1/bd/bd_0/synth/bd_0.v
VHDL Output written to : E:/FYP/HLS/MAC_SAP/fyp/solution1/impl/verilog/project.srcs/sources_1/bd/bd_0/sim/bd_0.v
VHDL Output written to : E:/FYP/HLS/MAC_SAP/fyp/solution1/impl/verilog/project.srcs/sources_1/bd/bd_0/hdl/bd_0_wrapper.v
Using BD top: bd_0_wrapper
INFO: [BD 41-1662] The design 'bd_0.bd' is already validated. Therefore parameter propagation will not be re-run.
VHDL Output written to : E:/FYP/HLS/MAC_SAP/fyp/solution1/impl/verilog/project.srcs/sources_1/bd/bd_0/synth/bd_0.v
VHDL Output written to : E:/FYP/HLS/MAC_SAP/fyp/solution1/impl/verilog/project.srcs/sources_1/bd/bd_0/sim/bd_0.v
VHDL Output written to : E:/FYP/HLS/MAC_SAP/fyp/solution1/impl/verilog/project.srcs/sources_1/bd/bd_0/hdl/bd_0_wrapper.v
INFO: [BD 41-1029] Generation completed for the IP Integrator block hls_inst .
Exporting to file E:/FYP/HLS/MAC_SAP/fyp/solution1/impl/verilog/project.srcs/sources_1/bd/bd_0/hw_handoff/bd_0.hwh
Generated Block Design Tcl file E:/FYP/HLS/MAC_SAP/fyp/solution1/impl/verilog/project.srcs/sources_1/bd/bd_0/hw_handoff/bd_0_bd.tcl
Generated Hardware Definition File E:/FYP/HLS/MAC_SAP/fyp/solution1/impl/verilog/project.srcs/sources_1/bd/bd_0/synth/bd_0.hwdef
[Sun Nov  8 21:12:11 2020] Launched bd_0_hls_inst_0_synth_1...
Run output will be captured here: E:/FYP/HLS/MAC_SAP/fyp/solution1/impl/verilog/project.runs/bd_0_hls_inst_0_synth_1/runme.log
[Sun Nov  8 21:12:11 2020] Launched synth_1...
Run output will be captured here: E:/FYP/HLS/MAC_SAP/fyp/solution1/impl/verilog/project.runs/synth_1/runme.log
[Sun Nov  8 21:12:11 2020] Waiting for synth_1 to finish...

*** Running vivado
    with args -log bd_0_wrapper.vds -m64 -product Vivado -mode batch -messageDb vivado.pb -notrace -source bd_0_wrapper.tcl


****** Vivado v2019.2 (64-bit)
  **** SW Build 2708876 on Wed Nov  6 21:40:23 MST 2019
  **** IP Build 2700528 on Thu Nov  7 00:09:20 MST 2019
    ** Copyright 1986-2019 Xilinx, Inc. All Rights Reserved.

source bd_0_wrapper.tcl -notrace
INFO: [IP_Flow 19-234] Refreshing IP repositories
INFO: [IP_Flow 19-1700] Loaded user IP repository 'e:/FYP/HLS/MAC_SAP/fyp/solution1/impl/ip'.
INFO: [IP_Flow 19-2313] Loaded Vivado IP repository 'D:/Xilinx/Vivado/2019.2/data/ip'.
Command: synth_design -top bd_0_wrapper -part xc7a35tcpg236-1 -mode out_of_context
Starting synth_design
Attempting to get a license for feature 'Synthesis' and/or device 'xc7a35t'
INFO: [Common 17-349] Got license for feature 'Synthesis' and/or device 'xc7a35t'
INFO: [Device 21-403] Loading part xc7a35tcpg236-1
INFO: Launching helper process for spawning children vivado processes
INFO: Helper process launched with PID 11116 
---------------------------------------------------------------------------------
Starting RTL Elaboration : Time (s): cpu = 00:00:04 ; elapsed = 00:00:04 . Memory (MB): peak = 981.395 ; gain = 234.402
---------------------------------------------------------------------------------
INFO: [Synth 8-6157] synthesizing module 'bd_0_wrapper' [E:/FYP/HLS/MAC_SAP/fyp/solution1/impl/verilog/project.srcs/sources_1/bd/bd_0/hdl/bd_0_wrapper.v:12]
INFO: [Synth 8-6157] synthesizing module 'bd_0' [E:/FYP/HLS/MAC_SAP/fyp/solution1/impl/verilog/project.srcs/sources_1/bd/bd_0/synth/bd_0.v:13]
INFO: [Synth 8-6157] synthesizing module 'bd_0_hls_inst_0' [E:/FYP/HLS/MAC_SAP/fyp/solution1/impl/verilog/project.runs/synth_1/.Xil/Vivado-18840-DESKTOP-V5A9UPS/realtime/bd_0_hls_inst_0_stub.v:6]
INFO: [Synth 8-6155] done synthesizing module 'bd_0_hls_inst_0' (1#1) [E:/FYP/HLS/MAC_SAP/fyp/solution1/impl/verilog/project.runs/synth_1/.Xil/Vivado-18840-DESKTOP-V5A9UPS/realtime/bd_0_hls_inst_0_stub.v:6]
INFO: [Synth 8-6155] done synthesizing module 'bd_0' (2#1) [E:/FYP/HLS/MAC_SAP/fyp/solution1/impl/verilog/project.srcs/sources_1/bd/bd_0/synth/bd_0.v:13]
INFO: [Synth 8-6155] done synthesizing module 'bd_0_wrapper' (3#1) [E:/FYP/HLS/MAC_SAP/fyp/solution1/impl/verilog/project.srcs/sources_1/bd/bd_0/hdl/bd_0_wrapper.v:12]
---------------------------------------------------------------------------------
Finished RTL Elaboration : Time (s): cpu = 00:00:05 ; elapsed = 00:00:05 . Memory (MB): peak = 1056.352 ; gain = 309.359
---------------------------------------------------------------------------------

Report Check Netlist: 
+------+------------------+-------+---------+-------+------------------+
|      |Item              |Errors |Warnings |Status |Description       |
+------+------------------+-------+---------+-------+------------------+
|1     |multi_driven_nets |      0|        0|Passed |Multi driven nets |
+------+------------------+-------+---------+-------+------------------+
---------------------------------------------------------------------------------
Start Handling Custom Attributes
---------------------------------------------------------------------------------
---------------------------------------------------------------------------------
Finished Handling Custom Attributes : Time (s): cpu = 00:00:05 ; elapsed = 00:00:05 . Memory (MB): peak = 1056.352 ; gain = 309.359
---------------------------------------------------------------------------------
---------------------------------------------------------------------------------
Finished RTL Optimization Phase 1 : Time (s): cpu = 00:00:05 ; elapsed = 00:00:05 . Memory (MB): peak = 1056.352 ; gain = 309.359
---------------------------------------------------------------------------------
Netlist sorting complete. Time (s): cpu = 00:00:00 ; elapsed = 00:00:00.006 . Memory (MB): peak = 1056.352 ; gain = 0.000
INFO: [Project 1-570] Preparing netlist for logic optimization

Processing XDC Constraints
Initializing timing engine
Parsing XDC File [e:/FYP/HLS/MAC_SAP/fyp/solution1/impl/verilog/project.srcs/sources_1/bd/bd_0/ip/bd_0_hls_inst_0/bd_0_hls_inst_0/bd_0_hls_inst_0_in_context.xdc] for cell 'bd_0_i/hls_inst'
Finished Parsing XDC File [e:/FYP/HLS/MAC_SAP/fyp/solution1/impl/verilog/project.srcs/sources_1/bd/bd_0/ip/bd_0_hls_inst_0/bd_0_hls_inst_0/bd_0_hls_inst_0_in_context.xdc] for cell 'bd_0_i/hls_inst'
Parsing XDC File [E:/FYP/HLS/MAC_SAP/fyp/solution1/impl/verilog/ma_unitdatax_request.xdc]
Finished Parsing XDC File [E:/FYP/HLS/MAC_SAP/fyp/solution1/impl/verilog/ma_unitdatax_request.xdc]
Parsing XDC File [E:/FYP/HLS/MAC_SAP/fyp/solution1/impl/verilog/project.runs/synth_1/dont_touch.xdc]
Finished Parsing XDC File [E:/FYP/HLS/MAC_SAP/fyp/solution1/impl/verilog/project.runs/synth_1/dont_touch.xdc]
Completed Processing XDC Constraints

Netlist sorting complete. Time (s): cpu = 00:00:00 ; elapsed = 00:00:00 . Memory (MB): peak = 1058.398 ; gain = 0.000
INFO: [Project 1-111] Unisim Transformation Summary:
No Unisim elements were transformed.

Constraint Validation Runtime : Time (s): cpu = 00:00:00 ; elapsed = 00:00:00.051 . Memory (MB): peak = 1070.449 ; gain = 12.051
---------------------------------------------------------------------------------
Finished Constraint Validation : Time (s): cpu = 00:00:11 ; elapsed = 00:00:12 . Memory (MB): peak = 1070.449 ; gain = 323.457
---------------------------------------------------------------------------------
---------------------------------------------------------------------------------
Start Loading Part and Timing Information
---------------------------------------------------------------------------------
Loading part: xc7a35tcpg236-1
---------------------------------------------------------------------------------
Finished Loading Part and Timing Information : Time (s): cpu = 00:00:11 ; elapsed = 00:00:12 . Memory (MB): peak = 1070.449 ; gain = 323.457
---------------------------------------------------------------------------------
---------------------------------------------------------------------------------
Start Applying 'set_property' XDC Constraints
---------------------------------------------------------------------------------
Applied set_property DONT_TOUCH = true for bd_0_i. (constraint file  auto generated constraint, line ).
Applied set_property DONT_TOUCH = true for bd_0_i/hls_inst. (constraint file  auto generated constraint, line ).
---------------------------------------------------------------------------------
Finished applying 'set_property' XDC Constraints : Time (s): cpu = 00:00:11 ; elapsed = 00:00:12 . Memory (MB): peak = 1070.449 ; gain = 323.457
---------------------------------------------------------------------------------
---------------------------------------------------------------------------------
Finished RTL Optimization Phase 2 : Time (s): cpu = 00:00:11 ; elapsed = 00:00:12 . Memory (MB): peak = 1070.449 ; gain = 323.457
---------------------------------------------------------------------------------

Report RTL Partitions: 
+-+--------------+------------+----------+
| |RTL Partition |Replication |Instances |
+-+--------------+------------+----------+
+-+--------------+------------+----------+
---------------------------------------------------------------------------------
Start RTL Component Statistics 
---------------------------------------------------------------------------------
Detailed RTL Component Info : 
---------------------------------------------------------------------------------
Finished RTL Component Statistics 
---------------------------------------------------------------------------------
---------------------------------------------------------------------------------
Start RTL Hierarchical Component Statistics 
---------------------------------------------------------------------------------
Hierarchical RTL Component report 
---------------------------------------------------------------------------------
Finished RTL Hierarchical Component Statistics
---------------------------------------------------------------------------------
---------------------------------------------------------------------------------
Start Part Resource Summary
---------------------------------------------------------------------------------
Part Resources:
DSPs: 90 (col length:60)
BRAMs: 100 (col length: RAMB18 60 RAMB36 30)
---------------------------------------------------------------------------------
Finished Part Resource Summary
---------------------------------------------------------------------------------
---------------------------------------------------------------------------------
Start Cross Boundary and Area Optimization
---------------------------------------------------------------------------------
Warning: Parallel synthesis criteria is not met 
---------------------------------------------------------------------------------
Finished Cross Boundary and Area Optimization : Time (s): cpu = 00:00:13 ; elapsed = 00:00:14 . Memory (MB): peak = 1070.449 ; gain = 323.457
---------------------------------------------------------------------------------

Report RTL Partitions: 
+-+--------------+------------+----------+
| |RTL Partition |Replication |Instances |
+-+--------------+------------+----------+
+-+--------------+------------+----------+
---------------------------------------------------------------------------------
Start Applying XDC Timing Constraints
---------------------------------------------------------------------------------
---------------------------------------------------------------------------------
Finished Applying XDC Timing Constraints : Time (s): cpu = 00:00:21 ; elapsed = 00:00:22 . Memory (MB): peak = 1120.332 ; gain = 373.340
---------------------------------------------------------------------------------
---------------------------------------------------------------------------------
Start Timing Optimization
---------------------------------------------------------------------------------
---------------------------------------------------------------------------------
Finished Timing Optimization : Time (s): cpu = 00:00:21 ; elapsed = 00:00:22 . Memory (MB): peak = 1120.406 ; gain = 373.414
---------------------------------------------------------------------------------

Report RTL Partitions: 
+-+--------------+------------+----------+
| |RTL Partition |Replication |Instances |
+-+--------------+------------+----------+
+-+--------------+------------+----------+
---------------------------------------------------------------------------------
Start Technology Mapping
---------------------------------------------------------------------------------
---------------------------------------------------------------------------------
Finished Technology Mapping : Time (s): cpu = 00:00:21 ; elapsed = 00:00:22 . Memory (MB): peak = 1129.941 ; gain = 382.949
---------------------------------------------------------------------------------

Report RTL Partitions: 
+-+--------------+------------+----------+
| |RTL Partition |Replication |Instances |
+-+--------------+------------+----------+
+-+--------------+------------+----------+
---------------------------------------------------------------------------------
Start IO Insertion
---------------------------------------------------------------------------------
---------------------------------------------------------------------------------
Start Flattening Before IO Insertion
---------------------------------------------------------------------------------
---------------------------------------------------------------------------------
Finished Flattening Before IO Insertion
---------------------------------------------------------------------------------
---------------------------------------------------------------------------------
Start Final Netlist Cleanup
---------------------------------------------------------------------------------
---------------------------------------------------------------------------------
Finished Final Netlist Cleanup
---------------------------------------------------------------------------------
---------------------------------------------------------------------------------
Finished IO Insertion : Time (s): cpu = 00:00:25 ; elapsed = 00:00:26 . Memory (MB): peak = 1145.809 ; gain = 398.816
---------------------------------------------------------------------------------
---------------------------------------------------------------------------------
Start Renaming Generated Instances
---------------------------------------------------------------------------------
---------------------------------------------------------------------------------
Finished Renaming Generated Instances : Time (s): cpu = 00:00:25 ; elapsed = 00:00:26 . Memory (MB): peak = 1145.809 ; gain = 398.816
---------------------------------------------------------------------------------

Report RTL Partitions: 
+-+--------------+------------+----------+
| |RTL Partition |Replication |Instances |
+-+--------------+------------+----------+
+-+--------------+------------+----------+

Report Check Netlist: 
+------+------------------+-------+---------+-------+------------------+
|      |Item              |Errors |Warnings |Status |Description       |
+------+------------------+-------+---------+-------+------------------+
|1     |multi_driven_nets |      0|        0|Passed |Multi driven nets |
+------+------------------+-------+---------+-------+------------------+
---------------------------------------------------------------------------------
Start Rebuilding User Hierarchy
---------------------------------------------------------------------------------
---------------------------------------------------------------------------------
Finished Rebuilding User Hierarchy : Time (s): cpu = 00:00:25 ; elapsed = 00:00:26 . Memory (MB): peak = 1145.809 ; gain = 398.816
---------------------------------------------------------------------------------
---------------------------------------------------------------------------------
Start Renaming Generated Ports
---------------------------------------------------------------------------------
---------------------------------------------------------------------------------
Finished Renaming Generated Ports : Time (s): cpu = 00:00:25 ; elapsed = 00:00:26 . Memory (MB): peak = 1145.809 ; gain = 398.816
---------------------------------------------------------------------------------
---------------------------------------------------------------------------------
Start Handling Custom Attributes
---------------------------------------------------------------------------------
---------------------------------------------------------------------------------
Finished Handling Custom Attributes : Time (s): cpu = 00:00:25 ; elapsed = 00:00:26 . Memory (MB): peak = 1145.809 ; gain = 398.816
---------------------------------------------------------------------------------
---------------------------------------------------------------------------------
Start Renaming Generated Nets
---------------------------------------------------------------------------------
---------------------------------------------------------------------------------
Finished Renaming Generated Nets : Time (s): cpu = 00:00:25 ; elapsed = 00:00:26 . Memory (MB): peak = 1145.809 ; gain = 398.816
---------------------------------------------------------------------------------
---------------------------------------------------------------------------------
Start Writing Synthesis Report
---------------------------------------------------------------------------------

Report BlackBoxes: 
+------+----------------+----------+
|      |BlackBox name   |Instances |
+------+----------------+----------+
|1     |bd_0_hls_inst_0 |         1|
+------+----------------+----------+

Report Cell Usage: 
+------+----------------+------+
|      |Cell            |Count |
+------+----------------+------+
|1     |bd_0_hls_inst_0 |     1|
+------+----------------+------+

Report Instance Areas: 
+------+---------+-------+------+
|      |Instance |Module |Cells |
+------+---------+-------+------+
|1     |top      |       |    45|
|2     |  bd_0_i |bd_0   |    45|
+------+---------+-------+------+
---------------------------------------------------------------------------------
Finished Writing Synthesis Report : Time (s): cpu = 00:00:25 ; elapsed = 00:00:26 . Memory (MB): peak = 1145.809 ; gain = 398.816
---------------------------------------------------------------------------------
Synthesis finished with 0 errors, 0 critical warnings and 0 warnings.
Synthesis Optimization Runtime : Time (s): cpu = 00:00:18 ; elapsed = 00:00:23 . Memory (MB): peak = 1145.809 ; gain = 384.719
Synthesis Optimization Complete : Time (s): cpu = 00:00:25 ; elapsed = 00:00:26 . Memory (MB): peak = 1145.809 ; gain = 398.816
INFO: [Project 1-571] Translating synthesized netlist
Netlist sorting complete. Time (s): cpu = 00:00:00 ; elapsed = 00:00:00.006 . Memory (MB): peak = 1145.809 ; gain = 0.000
INFO: [Project 1-570] Preparing netlist for logic optimization
INFO: [Opt 31-138] Pushed 0 inverter(s) to 0 load pin(s).
Netlist sorting complete. Time (s): cpu = 00:00:00 ; elapsed = 00:00:00 . Memory (MB): peak = 1165.195 ; gain = 0.000
INFO: [Project 1-111] Unisim Transformation Summary:
No Unisim elements were transformed.

INFO: [Common 17-83] Releasing license: Synthesis
18 Infos, 0 Warnings, 0 Critical Warnings and 0 Errors encountered.
synth_design completed successfully
synth_design: Time (s): cpu = 00:00:30 ; elapsed = 00:00:32 . Memory (MB): peak = 1165.195 ; gain = 685.000
Netlist sorting complete. Time (s): cpu = 00:00:00 ; elapsed = 00:00:00 . Memory (MB): peak = 1165.195 ; gain = 0.000
WARNING: [Constraints 18-5210] No constraints selected for write.
Resolution: This message can indicate that there are no constraints for the design, or it can indicate that the used_in flags are set such that the constraints are ignored. This later case is used when running synth_design to not write synthesis constraints to the resulting checkpoint. Instead, project constraints are read when the synthesized design is opened.
INFO: [Common 17-1381] The checkpoint 'E:/FYP/HLS/MAC_SAP/fyp/solution1/impl/verilog/project.runs/synth_1/bd_0_wrapper.dcp' has been generated.
INFO: [runtcl-4] Executing : report_utilization -file bd_0_wrapper_utilization_synth.rpt -pb bd_0_wrapper_utilization_synth.pb
INFO: [Common 17-206] Exiting Vivado at Sun Nov  8 21:13:41 2020...
[Sun Nov  8 21:13:42 2020] synth_1 finished
wait_on_run: Time (s): cpu = 00:00:00 ; elapsed = 00:01:30 . Memory (MB): peak = 642.836 ; gain = 0.000
Design is defaulting to impl run constrset: constrs_1
Design is defaulting to synth run part: xc7a35tcpg236-1
INFO: [Device 21-403] Loading part xc7a35tcpg236-1
INFO: [Project 1-454] Reading design checkpoint 'e:/FYP/HLS/MAC_SAP/fyp/solution1/impl/verilog/project.srcs/sources_1/bd/bd_0/ip/bd_0_hls_inst_0/bd_0_hls_inst_0.dcp' for cell 'bd_0_i/hls_inst'
Netlist sorting complete. Time (s): cpu = 00:00:00 ; elapsed = 00:00:00.012 . Memory (MB): peak = 791.805 ; gain = 0.000
INFO: [Project 1-479] Netlist was created with Vivado 2019.2
INFO: [Project 1-570] Preparing netlist for logic optimization
Parsing XDC File [E:/FYP/HLS/MAC_SAP/fyp/solution1/impl/verilog/ma_unitdatax_request.xdc]
Finished Parsing XDC File [E:/FYP/HLS/MAC_SAP/fyp/solution1/impl/verilog/ma_unitdatax_request.xdc]
INFO: [Opt 31-138] Pushed 0 inverter(s) to 0 load pin(s).
Netlist sorting complete. Time (s): cpu = 00:00:00 ; elapsed = 00:00:00.001 . Memory (MB): peak = 913.965 ; gain = 0.000
INFO: [Project 1-111] Unisim Transformation Summary:
No Unisim elements were transformed.

open_run: Time (s): cpu = 00:00:05 ; elapsed = 00:00:06 . Memory (MB): peak = 913.965 ; gain = 271.129
Running report: report_utilization -file ./report/ma_unitdatax_request_utilization_synth.rpt
Contents of report file './report/ma_unitdatax_request_utilization_synth.rpt' is as follows:
Copyright 1986-2019 Xilinx, Inc. All Rights Reserved.
----------------------------------------------------------------------------------------------
| Tool Version : Vivado v.2019.2 (win64) Build 2708876 Wed Nov  6 21:40:23 MST 2019
| Date         : Sun Nov  8 21:13:48 2020
| Host         : DESKTOP-V5A9UPS running 64-bit major release  (build 9200)
| Command      : report_utilization -file ./report/ma_unitdatax_request_utilization_synth.rpt
| Design       : bd_0_wrapper
| Device       : 7a35tcpg236-1
| Design State : Synthesized
----------------------------------------------------------------------------------------------

Utilization Design Information

Table of Contents
-----------------
1. Slice Logic
1.1 Summary of Registers by Type
2. Memory
3. DSP
4. IO and GT Specific
5. Clocking
6. Specific Feature
7. Primitives
8. Black Boxes
9. Instantiated Netlists

1. Slice Logic
--------------

+-------------------------+------+-------+-----------+-------+
|        Site Type        | Used | Fixed | Available | Util% |
+-------------------------+------+-------+-----------+-------+
| Slice LUTs*             |  167 |     0 |     20800 |  0.80 |
|   LUT as Logic          |  167 |     0 |     20800 |  0.80 |
|   LUT as Memory         |    0 |     0 |      9600 |  0.00 |
| Slice Registers         |  202 |     0 |     41600 |  0.49 |
|   Register as Flip Flop |  202 |     0 |     41600 |  0.49 |
|   Register as Latch     |    0 |     0 |     41600 |  0.00 |
| F7 Muxes                |    0 |     0 |     16300 |  0.00 |
| F8 Muxes                |    0 |     0 |      8150 |  0.00 |
+-------------------------+------+-------+-----------+-------+
* Warning! The Final LUT count, after physical optimizations and full implementation, is typically lower. Run opt_design after synthesis, if not already completed, for a more realistic count.


1.1 Summary of Registers by Type
--------------------------------

+-------+--------------+-------------+--------------+
| Total | Clock Enable | Synchronous | Asynchronous |
+-------+--------------+-------------+--------------+
| 0     |            _ |           - |            - |
| 0     |            _ |           - |          Set |
| 0     |            _ |           - |        Reset |
| 0     |            _ |         Set |            - |
| 0     |            _ |       Reset |            - |
| 0     |          Yes |           - |            - |
| 0     |          Yes |           - |          Set |
| 0     |          Yes |           - |        Reset |
| 4     |          Yes |         Set |            - |
| 198   |          Yes |       Reset |            - |
+-------+--------------+-------------+--------------+


2. Memory
---------

+----------------+------+-------+-----------+-------+
|    Site Type   | Used | Fixed | Available | Util% |
+----------------+------+-------+-----------+-------+
| Block RAM Tile |    0 |     0 |        50 |  0.00 |
|   RAMB36/FIFO* |    0 |     0 |        50 |  0.00 |
|   RAMB18       |    0 |     0 |       100 |  0.00 |
+----------------+------+-------+-----------+-------+
* Note: Each Block RAM Tile only has one FIFO logic available and therefore can accommodate only one FIFO36E1 or one FIFO18E1. However, if a FIFO18E1 occupies a Block RAM Tile, that tile can still accommodate a RAMB18E1


3. DSP
------

+-----------+------+-------+-----------+-------+
| Site Type | Used | Fixed | Available | Util% |
+-----------+------+-------+-----------+-------+
| DSPs      |    0 |     0 |        90 |  0.00 |
+-----------+------+-------+-----------+-------+


4. IO and GT Specific
---------------------

+-----------------------------+------+-------+-----------+-------+
|          Site Type          | Used | Fixed | Available | Util% |
+-----------------------------+------+-------+-----------+-------+
| Bonded IOB                  |    0 |     0 |       106 |  0.00 |
| Bonded IPADs                |    0 |     0 |        10 |  0.00 |
| Bonded OPADs                |    0 |     0 |         4 |  0.00 |
| PHY_CONTROL                 |    0 |     0 |         5 |  0.00 |
| PHASER_REF                  |    0 |     0 |         5 |  0.00 |
| OUT_FIFO                    |    0 |     0 |        20 |  0.00 |
| IN_FIFO                     |    0 |     0 |        20 |  0.00 |
| IDELAYCTRL                  |    0 |     0 |         5 |  0.00 |
| IBUFDS                      |    0 |     0 |       104 |  0.00 |
| GTPE2_CHANNEL               |    0 |     0 |         2 |  0.00 |
| PHASER_OUT/PHASER_OUT_PHY   |    0 |     0 |        20 |  0.00 |
| PHASER_IN/PHASER_IN_PHY     |    0 |     0 |        20 |  0.00 |
| IDELAYE2/IDELAYE2_FINEDELAY |    0 |     0 |       250 |  0.00 |
| IBUFDS_GTE2                 |    0 |     0 |         2 |  0.00 |
| ILOGIC                      |    0 |     0 |       106 |  0.00 |
| OLOGIC                      |    0 |     0 |       106 |  0.00 |
+-----------------------------+------+-------+-----------+-------+


5. Clocking
-----------

+------------+------+-------+-----------+-------+
|  Site Type | Used | Fixed | Available | Util% |
+------------+------+-------+-----------+-------+
| BUFGCTRL   |    0 |     0 |        32 |  0.00 |
| BUFIO      |    0 |     0 |        20 |  0.00 |
| MMCME2_ADV |    0 |     0 |         5 |  0.00 |
| PLLE2_ADV  |    0 |     0 |         5 |  0.00 |
| BUFMRCE    |    0 |     0 |        10 |  0.00 |
| BUFHCE     |    0 |     0 |        72 |  0.00 |
| BUFR       |    0 |     0 |        20 |  0.00 |
+------------+------+-------+-----------+-------+


6. Specific Feature
-------------------

+-------------+------+-------+-----------+-------+
|  Site Type  | Used | Fixed | Available | Util% |
+-------------+------+-------+-----------+-------+
| BSCANE2     |    0 |     0 |         4 |  0.00 |
| CAPTUREE2   |    0 |     0 |         1 |  0.00 |
| DNA_PORT    |    0 |     0 |         1 |  0.00 |
| EFUSE_USR   |    0 |     0 |         1 |  0.00 |
| FRAME_ECCE2 |    0 |     0 |         1 |  0.00 |
| ICAPE2      |    0 |     0 |         2 |  0.00 |
| PCIE_2_1    |    0 |     0 |         1 |  0.00 |
| STARTUPE2   |    0 |     0 |         1 |  0.00 |
| XADC        |    0 |     0 |         1 |  0.00 |
+-------------+------+-------+-----------+-------+


7. Primitives
-------------

+----------+------+---------------------+
| Ref Name | Used | Functional Category |
+----------+------+---------------------+
| FDRE     |  198 |        Flop & Latch |
| LUT5     |   55 |                 LUT |
| LUT4     |   52 |                 LUT |
| LUT3     |   43 |                 LUT |
| LUT6     |   42 |                 LUT |
| LUT2     |   22 |                 LUT |
| LUT1     |    8 |                 LUT |
| FDSE     |    4 |        Flop & Latch |
+----------+------+---------------------+


8. Black Boxes
--------------

+----------+------+
| Ref Name | Used |
+----------+------+


9. Instantiated Netlists
------------------------

+-----------------+------+
|     Ref Name    | Used |
+-----------------+------+
| bd_0_hls_inst_0 |    1 |
+-----------------+------+



Running report: report_timing_summary -file ./report/ma_unitdatax_request_timing_synth.rpt
INFO: [Timing 38-35] Done setting XDC timing constraints.
INFO: [Timing 38-91] UpdateTimingParams: Speed grade: -1, Delay Type: min_max.
INFO: [Timing 38-191] Multithreading enabled for timing update using a maximum of 2 CPUs
WARNING: [Timing 38-242] The property HD.CLK_SRC of clock port "ap_clk" is not set. In out-of-context mode, this prevents timing estimation for clock delay/skew
Resolution: Set the HD.CLK_SRC property of the out-of-context port to the location of the clock buffer instance in the top-level design
report_timing_summary: Time (s): cpu = 00:00:10 ; elapsed = 00:00:10 . Memory (MB): peak = 1477.996 ; gain = 564.031
Contents of report file './report/ma_unitdatax_request_timing_synth.rpt' is as follows:
Copyright 1986-2019 Xilinx, Inc. All Rights Reserved.
--------------------------------------------------------------------------------------------
| Tool Version : Vivado v.2019.2 (win64) Build 2708876 Wed Nov  6 21:40:23 MST 2019
| Date         : Sun Nov  8 21:13:58 2020
| Host         : DESKTOP-V5A9UPS running 64-bit major release  (build 9200)
| Command      : report_timing_summary -file ./report/ma_unitdatax_request_timing_synth.rpt
| Design       : bd_0_wrapper
| Device       : 7a35t-cpg236
| Speed File   : -1  PRODUCTION 1.23 2018-06-13
--------------------------------------------------------------------------------------------

Timing Summary Report

------------------------------------------------------------------------------------------------
| Timer Settings
| --------------
------------------------------------------------------------------------------------------------

  Enable Multi Corner Analysis               :  Yes
  Enable Pessimism Removal                   :  Yes
  Pessimism Removal Resolution               :  Nearest Common Node
  Enable Input Delay Default Clock           :  No
  Enable Preset / Clear Arcs                 :  No
  Disable Flight Delays                      :  No
  Ignore I/O Paths                           :  No
  Timing Early Launch at Borrowing Latches   :  No
  Borrow Time for Max Delay Exceptions       :  Yes
  Merge Timing Exceptions                    :  Yes

  Corner  Analyze    Analyze    
  Name    Max Paths  Min Paths  
  ------  ---------  ---------  
  Slow    Yes        Yes        
  Fast    Yes        Yes        



check_timing report

Table of Contents
-----------------
1. checking no_clock
2. checking constant_clock
3. checking pulse_width_clock
4. checking unconstrained_internal_endpoints
5. checking no_input_delay
6. checking no_output_delay
7. checking multiple_clock
8. checking generated_clocks
9. checking loops
10. checking partial_input_delay
11. checking partial_output_delay
12. checking latch_loops

1. checking no_clock
--------------------
 There are 0 register/latch pins with no clock.


2. checking constant_clock
--------------------------
 There are 0 register/latch pins with constant_clock.


3. checking pulse_width_clock
-----------------------------
 There are 0 register/latch pins which need pulse_width check


4. checking unconstrained_internal_endpoints
--------------------------------------------
 There are 0 pins that are not constrained for maximum delay.

 There are 0 pins that are not constrained for maximum delay due to constant clock.


5. checking no_input_delay
--------------------------
 There are 35 input ports with no input delay specified. (HIGH)

 There are 0 input ports with no input delay but user has a false path constraint.


6. checking no_output_delay
---------------------------
 There are 17 ports with no output delay specified. (HIGH)

 There are 0 ports with no output delay but user has a false path constraint

 There are 0 ports with no output delay but with a timing clock defined on it or propagating through it


7. checking multiple_clock
--------------------------
 There are 0 register/latch pins with multiple clocks.


8. checking generated_clocks
----------------------------
 There are 0 generated clocks that are not connected to a clock source.


9. checking loops
-----------------
 There are 0 combinational loops in the design.


10. checking partial_input_delay
--------------------------------
 There are 0 input ports with partial input delay specified.


11. checking partial_output_delay
---------------------------------
 There are 0 ports with partial output delay specified.


12. checking latch_loops
------------------------
 There are 0 combinational latch loops in the design through latch input



------------------------------------------------------------------------------------------------
| Design Timing Summary
| ---------------------
------------------------------------------------------------------------------------------------

    WNS(ns)      TNS(ns)  TNS Failing Endpoints  TNS Total Endpoints      WHS(ns)      THS(ns)  THS Failing Endpoints  THS Total Endpoints     WPWS(ns)     TPWS(ns)  TPWS Failing Endpoints  TPWS Total Endpoints  
    -------      -------  ---------------------  -------------------      -------      -------  ---------------------  -------------------     --------     --------  ----------------------  --------------------  
      5.877        0.000                      0                  357        0.258        0.000                      0                  357        4.500        0.000                       0                   202  


All user specified timing constraints are met.


------------------------------------------------------------------------------------------------
| Clock Summary
| -------------
------------------------------------------------------------------------------------------------

Clock   Waveform(ns)       Period(ns)      Frequency(MHz)
-----   ------------       ----------      --------------
ap_clk  {0.000 5.000}      10.000          100.000         


------------------------------------------------------------------------------------------------
| Intra Clock Table
| -----------------
------------------------------------------------------------------------------------------------

Clock             WNS(ns)      TNS(ns)  TNS Failing Endpoints  TNS Total Endpoints      WHS(ns)      THS(ns)  THS Failing Endpoints  THS Total Endpoints     WPWS(ns)     TPWS(ns)  TPWS Failing Endpoints  TPWS Total Endpoints  
-----             -------      -------  ---------------------  -------------------      -------      -------  ---------------------  -------------------     --------     --------  ----------------------  --------------------  
ap_clk              5.877        0.000                      0                  357        0.258        0.000                      0                  357        4.500        0.000                       0                   202  


------------------------------------------------------------------------------------------------
| Inter Clock Table
| -----------------
------------------------------------------------------------------------------------------------

From Clock    To Clock          WNS(ns)      TNS(ns)  TNS Failing Endpoints  TNS Total Endpoints      WHS(ns)      THS(ns)  THS Failing Endpoints  THS Total Endpoints  
----------    --------          -------      -------  ---------------------  -------------------      -------      -------  ---------------------  -------------------  


------------------------------------------------------------------------------------------------
| Other Path Groups Table
| -----------------------
------------------------------------------------------------------------------------------------

Path Group    From Clock    To Clock          WNS(ns)      TNS(ns)  TNS Failing Endpoints  TNS Total Endpoints      WHS(ns)      THS(ns)  THS Failing Endpoints  THS Total Endpoints  
----------    ----------    --------          -------      -------  ---------------------  -------------------      -------      -------  ---------------------  -------------------  


------------------------------------------------------------------------------------------------
| Timing Details
| --------------
------------------------------------------------------------------------------------------------


---------------------------------------------------------------------------------------------------
From Clock:  ap_clk
  To Clock:  ap_clk

Setup :            0  Failing Endpoints,  Worst Slack        5.877ns,  Total Violation        0.000ns
Hold  :            0  Failing Endpoints,  Worst Slack        0.258ns,  Total Violation        0.000ns
PW    :            0  Failing Endpoints,  Worst Slack        4.500ns,  Total Violation        0.000ns
---------------------------------------------------------------------------------------------------


Max Delay Paths
--------------------------------------------------------------------------------------
Slack (MET) :             5.877ns  (required time - arrival time)
  Source:                 bd_0_i/hls_inst/inst/ap_CS_fsm_reg[10]/C
                            (rising edge-triggered cell FDRE clocked by ap_clk  {rise@0.000ns fall@5.000ns period=10.000ns})
  Destination:            bd_0_i/hls_inst/inst/grp_enqueue_dequeue_fram_fu_243/ap_CS_fsm_reg[9]/D
                            (rising edge-triggered cell FDRE clocked by ap_clk  {rise@0.000ns fall@5.000ns period=10.000ns})
  Path Group:             ap_clk
  Path Type:              Setup (Max at Slow Process Corner)
  Requirement:            10.000ns  (ap_clk rise@10.000ns - ap_clk rise@0.000ns)
  Data Path Delay:        4.068ns  (logic 0.999ns (24.558%)  route 3.069ns (75.442%))
  Logic Levels:           3  (LUT6=3)
  Clock Path Skew:        -0.049ns (DCD - SCD + CPR)
    Destination Clock Delay (DCD):    0.924ns = ( 10.924 - 10.000 ) 
    Source Clock Delay      (SCD):    0.973ns
    Clock Pessimism Removal (CPR):    0.000ns
  Clock Uncertainty:      0.035ns  ((TSJ^2 + TIJ^2)^1/2 + DJ) / 2 + PE
    Total System Jitter     (TSJ):    0.071ns
    Total Input Jitter      (TIJ):    0.000ns
    Discrete Jitter          (DJ):    0.000ns
    Phase Error              (PE):    0.000ns

    Location             Delay type                Incr(ns)  Path(ns)    Netlist Resource(s)
  -------------------------------------------------------------------    -------------------
                         (clock ap_clk rise edge)     0.000     0.000 r  
                                                      0.000     0.000 r  ap_clk (IN)
                         net (fo=201, unset)          0.973     0.973    bd_0_i/hls_inst/inst/ap_clk
                         FDRE                                         r  bd_0_i/hls_inst/inst/ap_CS_fsm_reg[10]/C
  -------------------------------------------------------------------    -------------------
                         FDRE (Prop_fdre_C_Q)         0.456     1.429 f  bd_0_i/hls_inst/inst/ap_CS_fsm_reg[10]/Q
                         net (fo=7, unplaced)         1.000     2.429    bd_0_i/hls_inst/inst/grp_enqueue_dequeue_fram_fu_243/Q[7]
                         LUT6 (Prop_lut6_I0_O)        0.295     2.724 r  bd_0_i/hls_inst/inst/grp_enqueue_dequeue_fram_fu_243/ap_CS_fsm[1]_i_2/O
                         net (fo=6, unplaced)         0.934     3.658    bd_0_i/hls_inst/inst/grp_enqueue_dequeue_fram_fu_243/available_spaces_vo_s_reg_6060
                         LUT6 (Prop_lut6_I3_O)        0.124     3.782 r  bd_0_i/hls_inst/inst/grp_enqueue_dequeue_fram_fu_243/ap_CS_fsm[9]_i_3/O
                         net (fo=4, unplaced)         1.135     4.917    bd_0_i/hls_inst/inst/grp_enqueue_dequeue_fram_fu_243/p_0_reg_199[0]
                         LUT6 (Prop_lut6_I1_O)        0.124     5.041 r  bd_0_i/hls_inst/inst/grp_enqueue_dequeue_fram_fu_243/ap_CS_fsm[9]_i_1/O
                         net (fo=1, unplaced)         0.000     5.041    bd_0_i/hls_inst/inst/grp_enqueue_dequeue_fram_fu_243/ap_NS_fsm[9]
                         FDRE                                         r  bd_0_i/hls_inst/inst/grp_enqueue_dequeue_fram_fu_243/ap_CS_fsm_reg[9]/D
  -------------------------------------------------------------------    -------------------

                         (clock ap_clk rise edge)    10.000    10.000 r  
                                                      0.000    10.000 r  ap_clk (IN)
                         net (fo=201, unset)          0.924    10.924    bd_0_i/hls_inst/inst/grp_enqueue_dequeue_fram_fu_243/ap_clk
                         FDRE                                         r  bd_0_i/hls_inst/inst/grp_enqueue_dequeue_fram_fu_243/ap_CS_fsm_reg[9]/C
                         clock pessimism              0.000    10.924    
                         clock uncertainty           -0.035    10.889    
                         FDRE (Setup_fdre_C_D)        0.029    10.918    bd_0_i/hls_inst/inst/grp_enqueue_dequeue_fram_fu_243/ap_CS_fsm_reg[9]
  -------------------------------------------------------------------
                         required time                         10.918    
                         arrival time                          -5.041    
  -------------------------------------------------------------------
                         slack                                  5.877    





Min Delay Paths
--------------------------------------------------------------------------------------
Slack (MET) :             0.258ns  (arrival time - required time)
  Source:                 bd_0_i/hls_inst/inst/grp_enqueue_dequeue_fram_fu_243/ap_return_preg_reg[0]/C
                            (rising edge-triggered cell FDRE clocked by ap_clk  {rise@0.000ns fall@5.000ns period=10.000ns})
  Destination:            bd_0_i/hls_inst/inst/grp_enqueue_dequeue_fram_fu_243/ap_return_preg_reg[0]/D
                            (rising edge-triggered cell FDRE clocked by ap_clk  {rise@0.000ns fall@5.000ns period=10.000ns})
  Path Group:             ap_clk
  Path Type:              Hold (Min at Fast Process Corner)
  Requirement:            0.000ns  (ap_clk rise@0.000ns - ap_clk rise@0.000ns)
  Data Path Delay:        0.370ns  (logic 0.239ns (64.578%)  route 0.131ns (35.422%))
  Logic Levels:           1  (LUT3=1)
  Clock Path Skew:        0.022ns (DCD - SCD - CPR)
    Destination Clock Delay (DCD):    0.432ns
    Source Clock Delay      (SCD):    0.410ns
    Clock Pessimism Removal (CPR):    -0.000ns

    Location             Delay type                Incr(ns)  Path(ns)    Netlist Resource(s)
  -------------------------------------------------------------------    -------------------
                         (clock ap_clk rise edge)     0.000     0.000 r  
                                                      0.000     0.000 r  ap_clk (IN)
                         net (fo=201, unset)          0.410     0.410    bd_0_i/hls_inst/inst/grp_enqueue_dequeue_fram_fu_243/ap_clk
                         FDRE                                         r  bd_0_i/hls_inst/inst/grp_enqueue_dequeue_fram_fu_243/ap_return_preg_reg[0]/C
  -------------------------------------------------------------------    -------------------
                         FDRE (Prop_fdre_C_Q)         0.141     0.551 r  bd_0_i/hls_inst/inst/grp_enqueue_dequeue_fram_fu_243/ap_return_preg_reg[0]/Q
                         net (fo=1, unplaced)         0.131     0.682    bd_0_i/hls_inst/inst/grp_enqueue_dequeue_fram_fu_243/ap_return_preg[0]
                         LUT3 (Prop_lut3_I2_O)        0.098     0.780 r  bd_0_i/hls_inst/inst/grp_enqueue_dequeue_fram_fu_243/ap_return_preg[0]_i_1/O
                         net (fo=2, unplaced)         0.000     0.780    bd_0_i/hls_inst/inst/grp_enqueue_dequeue_fram_fu_243/ap_return_preg[0]_i_1_n_1
                         FDRE                                         r  bd_0_i/hls_inst/inst/grp_enqueue_dequeue_fram_fu_243/ap_return_preg_reg[0]/D
  -------------------------------------------------------------------    -------------------

                         (clock ap_clk rise edge)     0.000     0.000 r  
                                                      0.000     0.000 r  ap_clk (IN)
                         net (fo=201, unset)          0.432     0.432    bd_0_i/hls_inst/inst/grp_enqueue_dequeue_fram_fu_243/ap_clk
                         FDRE                                         r  bd_0_i/hls_inst/inst/grp_enqueue_dequeue_fram_fu_243/ap_return_preg_reg[0]/C
                         clock pessimism              0.000     0.432    
                         FDRE (Hold_fdre_C_D)         0.091     0.523    bd_0_i/hls_inst/inst/grp_enqueue_dequeue_fram_fu_243/ap_return_preg_reg[0]
  -------------------------------------------------------------------
                         required time                         -0.523    
                         arrival time                           0.780    
  -------------------------------------------------------------------
                         slack                                  0.258    





Pulse Width Checks
--------------------------------------------------------------------------------------
Clock Name:         ap_clk
Waveform(ns):       { 0.000 5.000 }
Period(ns):         10.000
Sources:            { ap_clk }

Check Type        Corner  Lib Pin  Reference Pin  Required(ns)  Actual(ns)  Slack(ns)  Location  Pin
Min Period        n/a     FDRE/C   n/a            1.000         10.000      9.000                bd_0_i/hls_inst/inst/and_ln23_reg_580_reg[0]/C
Low Pulse Width   Fast    FDRE/C   n/a            0.500         5.000       4.500                bd_0_i/hls_inst/inst/and_ln23_reg_580_reg[0]/C
High Pulse Width  Slow    FDRE/C   n/a            0.500         5.000       4.500                bd_0_i/hls_inst/inst/and_ln23_reg_580_reg[0]/C




HLS EXTRACTION: calculating BRAM count: (0 bram18) + 2 * (0 bram36)
HLS EXTRACTION: synth area_totals:  0 20800 41600 90 100 0 0
HLS EXTRACTION: synth area_current: 0 167 202 0 0 0 0 0 0 0
HLS EXTRACTION: generated E:/FYP/HLS/MAC_SAP/fyp/solution1/impl/report/verilog/ma_unitdatax_request_export.xml


Implementation tool: Xilinx Vivado v.2019.2
Project:             fyp
Solution:            solution1
Device target:       xc7a35t-cpg236-1
Report date:         Sun Nov 08 21:13:58 +0530 2020

#=== Post-Synthesis Resource usage ===
SLICE:            0
LUT:            167
FF:             202
DSP:              0
BRAM:             0
SRL:              0
#=== Final timing ===
CP required:    10.000
CP achieved post-synthesis:    4.123
Timing met

HLS EXTRACTION: generated E:/FYP/HLS/MAC_SAP/fyp/solution1/impl/report/verilog/ma_unitdatax_request_export.rpt
INFO: [Common 17-206] Exiting Vivado at Sun Nov  8 21:13:58 2020...
