INFO: [SIM 2] *************** CSIM start ***************
INFO: [SIM 4] CSIM will launch GCC as the compiler.
   Compiling(apcc) ../../../compose_mac_frame.c in debug mode
INFO: [HLS 200-10] Running 'D:/Xilinx/Vivado/2019.2/bin/unwrapped/win64.o/apcc.exe'
INFO: [HLS 200-10] For user 'User' on host 'desktop-v5a9ups' (Windows NT_amd64 version 6.2) on Wed Oct 21 18:19:33 +0530 2020
INFO: [HLS 200-10] In directory 'E:/FYP/HLS/MAC_SAP/fyp/solution1/csim/build'
INFO: [APCC 202-3] Tmp directory is apcc_db
INFO: [APCC 202-1] APCC is done.
   Compiling(apcc) ../../../crc_32.c in debug mode
INFO: [HLS 200-10] Running 'D:/Xilinx/Vivado/2019.2/bin/unwrapped/win64.o/apcc.exe'
INFO: [HLS 200-10] For user 'User' on host 'desktop-v5a9ups' (Windows NT_amd64 version 6.2) on Wed Oct 21 18:19:39 +0530 2020
INFO: [HLS 200-10] In directory 'E:/FYP/HLS/MAC_SAP/fyp/solution1/csim/build'
INFO: [APCC 202-3] Tmp directory is apcc_db
INFO: [APCC 202-1] APCC is done.
   Compiling(apcc) ../../../decompose_mac_frame.c in debug mode
INFO: [HLS 200-10] Running 'D:/Xilinx/Vivado/2019.2/bin/unwrapped/win64.o/apcc.exe'
INFO: [HLS 200-10] For user 'User' on host 'desktop-v5a9ups' (Windows NT_amd64 version 6.2) on Wed Oct 21 18:19:44 +0530 2020
INFO: [HLS 200-10] In directory 'E:/FYP/HLS/MAC_SAP/fyp/solution1/csim/build'
INFO: [APCC 202-3] Tmp directory is apcc_db
INFO: [APCC 202-1] APCC is done.
   Compiling(apcc) ../../../edca.c in debug mode
INFO: [HLS 200-10] Running 'D:/Xilinx/Vivado/2019.2/bin/unwrapped/win64.o/apcc.exe'
INFO: [HLS 200-10] For user 'User' on host 'desktop-v5a9ups' (Windows NT_amd64 version 6.2) on Wed Oct 21 18:19:50 +0530 2020
INFO: [HLS 200-10] In directory 'E:/FYP/HLS/MAC_SAP/fyp/solution1/csim/build'
INFO: [APCC 202-3] Tmp directory is apcc_db
INFO: [APCC 202-1] APCC is done.
   Generating csim.exe
1,1,1,1,0
INFO: [SIM 1] CSim done with 0 errors.
INFO: [SIM 3] *************** CSIM finish ***************
