INFO: [SIM 2] *************** CSIM start ***************
INFO: [SIM 4] CSIM will launch GCC as the compiler.
   Compiling(apcc) ../../../compose_mac_frame_test.c in debug mode
INFO: [HLS 200-10] Running 'D:/Xilinx/Vivado/2019.2/bin/unwrapped/win64.o/apcc.exe'
INFO: [HLS 200-10] For user 'User' on host 'desktop-v5a9ups' (Windows NT_amd64 version 6.2) on Wed Oct 21 20:23:02 +0530 2020
INFO: [HLS 200-10] In directory 'E:/FYP/HLS/MAC_SAP/fyp/solution1/csim/build'
INFO: [APCC 202-3] Tmp directory is apcc_db
INFO: [APCC 202-1] APCC is done.
   Compiling(apcc) ../../../compose_mac_frame.c in debug mode
INFO: [HLS 200-10] Running 'D:/Xilinx/Vivado/2019.2/bin/unwrapped/win64.o/apcc.exe'
INFO: [HLS 200-10] For user 'User' on host 'desktop-v5a9ups' (Windows NT_amd64 version 6.2) on Wed Oct 21 20:23:09 +0530 2020
INFO: [HLS 200-10] In directory 'E:/FYP/HLS/MAC_SAP/fyp/solution1/csim/build'
INFO: [APCC 202-3] Tmp directory is apcc_db
INFO: [APCC 202-1] APCC is done.
   Generating csim.exe
17
0
0
0
0
0
0
0
255
0
255
0
255
0
255
0
255
0
255
0
255
0
171
0
188
0
205
0
222
0
239
0
255
0
255
0
255
0
255
0
255
0
255
0
8
0
48
0
116
0
0
0
9
0
139
0
87
0
176
0
92
0
95
0
178
0
87
0
120
0
23
0
169
0
81
0
45
0
79
0
57
0
53
0
6
0
119
0
228
0
15
0
44
0
39
0
176
0
88
0
136
0
178
0
114
0
37
0
40
0
254
0
76
0
158
0
228
0
147
0
117
0
178
0
65
0
241
0
56
0
9
0
149
0
39
0
64
0
58
0
108
0
161
0
18
0
63
0
43
0
66
0
219
0
38
0
243
0
179
0
108
0
8
0
200
0
250
0
131
0
63
0
243
0
78
0
76
0
212
0
164
0
41
0
39
0
55
0
220
0
160
0
136
0
211
0
238
0
91
0
C704DD7B
INFO: [SIM 1] CSim done with 0 errors.
INFO: [SIM 3] *************** CSIM finish ***************
