INFO: [SIM 2] *************** CSIM start ***************
INFO: [SIM 4] CSIM will launch GCC as the compiler.
   Compiling(apcc) ../../../timer_test.c in debug mode
INFO: [HLS 200-10] Running 'D:/Xilinx/Vivado/2019.2/bin/unwrapped/win64.o/apcc.exe'
INFO: [HLS 200-10] For user 'User' on host 'desktop-v5a9ups' (Windows NT_amd64 version 6.2) on Sat Nov 14 12:12:19 +0530 2020
INFO: [HLS 200-10] In directory 'E:/FYP/HLS/MAC_SAP/fyp/solution1/csim/build'
INFO: [APCC 202-3] Tmp directory is apcc_db
INFO: [APCC 202-1] APCC is done.
   Compiling(apcc) ../../../slot_boundary_timing_test.c in debug mode
INFO: [HLS 200-10] Running 'D:/Xilinx/Vivado/2019.2/bin/unwrapped/win64.o/apcc.exe'
INFO: [HLS 200-10] For user 'User' on host 'desktop-v5a9ups' (Windows NT_amd64 version 6.2) on Sat Nov 14 12:12:24 +0530 2020
INFO: [HLS 200-10] In directory 'E:/FYP/HLS/MAC_SAP/fyp/solution1/csim/build'
INFO: [APCC 202-3] Tmp directory is apcc_db
INFO: [APCC 202-1] APCC is done.
   Compiling(apcc) ../../../r_n_g_test.c in debug mode
INFO: [HLS 200-10] Running 'D:/Xilinx/Vivado/2019.2/bin/unwrapped/win64.o/apcc.exe'
INFO: [HLS 200-10] For user 'User' on host 'desktop-v5a9ups' (Windows NT_amd64 version 6.2) on Sat Nov 14 12:12:30 +0530 2020
INFO: [HLS 200-10] In directory 'E:/FYP/HLS/MAC_SAP/fyp/solution1/csim/build'
INFO: [APCC 202-3] Tmp directory is apcc_db
INFO: [APCC 202-1] APCC is done.
   Compiling(apcc) ../../../mac_layer_test.c in debug mode
INFO: [HLS 200-10] Running 'D:/Xilinx/Vivado/2019.2/bin/unwrapped/win64.o/apcc.exe'
INFO: [HLS 200-10] For user 'User' on host 'desktop-v5a9ups' (Windows NT_amd64 version 6.2) on Sat Nov 14 12:12:35 +0530 2020
INFO: [HLS 200-10] In directory 'E:/FYP/HLS/MAC_SAP/fyp/solution1/csim/build'
INFO: [APCC 202-3] Tmp directory is apcc_db
INFO: [APCC 202-1] APCC is done.
   Compiling(apcc) ../../../edca_test.c in debug mode
INFO: [HLS 200-10] Running 'D:/Xilinx/Vivado/2019.2/bin/unwrapped/win64.o/apcc.exe'
INFO: [HLS 200-10] For user 'User' on host 'desktop-v5a9ups' (Windows NT_amd64 version 6.2) on Sat Nov 14 12:12:40 +0530 2020
INFO: [HLS 200-10] In directory 'E:/FYP/HLS/MAC_SAP/fyp/solution1/csim/build'
INFO: [APCC 202-3] Tmp directory is apcc_db
INFO: [APCC 202-1] APCC is done.
   Compiling(apcc) ../../../decompose_mac_frame_test.c in debug mode
INFO: [HLS 200-10] Running 'D:/Xilinx/Vivado/2019.2/bin/unwrapped/win64.o/apcc.exe'
INFO: [HLS 200-10] For user 'User' on host 'desktop-v5a9ups' (Windows NT_amd64 version 6.2) on Sat Nov 14 12:12:46 +0530 2020
INFO: [HLS 200-10] In directory 'E:/FYP/HLS/MAC_SAP/fyp/solution1/csim/build'
INFO: [APCC 202-3] Tmp directory is apcc_db
INFO: [APCC 202-1] APCC is done.
   Compiling(apcc) ../../../crc_32_validate_test.c in debug mode
INFO: [HLS 200-10] Running 'D:/Xilinx/Vivado/2019.2/bin/unwrapped/win64.o/apcc.exe'
INFO: [HLS 200-10] For user 'User' on host 'desktop-v5a9ups' (Windows NT_amd64 version 6.2) on Sat Nov 14 12:12:51 +0530 2020
INFO: [HLS 200-10] In directory 'E:/FYP/HLS/MAC_SAP/fyp/solution1/csim/build'
INFO: [APCC 202-3] Tmp directory is apcc_db
INFO: [APCC 202-1] APCC is done.
   Compiling(apcc) ../../../crc_32_test.c in debug mode
INFO: [HLS 200-10] Running 'D:/Xilinx/Vivado/2019.2/bin/unwrapped/win64.o/apcc.exe'
INFO: [HLS 200-10] For user 'User' on host 'desktop-v5a9ups' (Windows NT_amd64 version 6.2) on Sat Nov 14 12:12:56 +0530 2020
INFO: [HLS 200-10] In directory 'E:/FYP/HLS/MAC_SAP/fyp/solution1/csim/build'
INFO: [APCC 202-3] Tmp directory is apcc_db
INFO: [APCC 202-1] APCC is done.
   Compiling(apcc) ../../../compose_mac_header_test.c in debug mode
INFO: [HLS 200-10] Running 'D:/Xilinx/Vivado/2019.2/bin/unwrapped/win64.o/apcc.exe'
INFO: [HLS 200-10] For user 'User' on host 'desktop-v5a9ups' (Windows NT_amd64 version 6.2) on Sat Nov 14 12:13:02 +0530 2020
INFO: [HLS 200-10] In directory 'E:/FYP/HLS/MAC_SAP/fyp/solution1/csim/build'
INFO: [APCC 202-3] Tmp directory is apcc_db
INFO: [APCC 202-1] APCC is done.
   Compiling(apcc) ../../../compose_mac_frame_test.c in debug mode
INFO: [HLS 200-10] Running 'D:/Xilinx/Vivado/2019.2/bin/unwrapped/win64.o/apcc.exe'
INFO: [HLS 200-10] For user 'User' on host 'desktop-v5a9ups' (Windows NT_amd64 version 6.2) on Sat Nov 14 12:13:07 +0530 2020
INFO: [HLS 200-10] In directory 'E:/FYP/HLS/MAC_SAP/fyp/solution1/csim/build'
INFO: [APCC 202-3] Tmp directory is apcc_db
INFO: [APCC 202-1] APCC is done.
   Compiling(apcc) ../../../backoff_test.c in debug mode
INFO: [HLS 200-10] Running 'D:/Xilinx/Vivado/2019.2/bin/unwrapped/win64.o/apcc.exe'
INFO: [HLS 200-10] For user 'User' on host 'desktop-v5a9ups' (Windows NT_amd64 version 6.2) on Sat Nov 14 12:13:12 +0530 2020
INFO: [HLS 200-10] In directory 'E:/FYP/HLS/MAC_SAP/fyp/solution1/csim/build'
INFO: [APCC 202-3] Tmp directory is apcc_db
INFO: [APCC 202-1] APCC is done.
   Compiling(apcc) ../../../PHY_TXSTART_confirm_test.c in debug mode
INFO: [HLS 200-10] Running 'D:/Xilinx/Vivado/2019.2/bin/unwrapped/win64.o/apcc.exe'
INFO: [HLS 200-10] For user 'User' on host 'desktop-v5a9ups' (Windows NT_amd64 version 6.2) on Sat Nov 14 12:13:18 +0530 2020
INFO: [HLS 200-10] In directory 'E:/FYP/HLS/MAC_SAP/fyp/solution1/csim/build'
INFO: [APCC 202-3] Tmp directory is apcc_db
INFO: [APCC 202-1] APCC is done.
   Compiling(apcc) ../../../PHY_TXEND_confirm_test.c in debug mode
INFO: [HLS 200-10] Running 'D:/Xilinx/Vivado/2019.2/bin/unwrapped/win64.o/apcc.exe'
INFO: [HLS 200-10] For user 'User' on host 'desktop-v5a9ups' (Windows NT_amd64 version 6.2) on Sat Nov 14 12:13:23 +0530 2020
INFO: [HLS 200-10] In directory 'E:/FYP/HLS/MAC_SAP/fyp/solution1/csim/build'
INFO: [APCC 202-3] Tmp directory is apcc_db
INFO: [APCC 202-1] APCC is done.
   Compiling(apcc) ../../../PHY_RXSTART_indication_test.c in debug mode
INFO: [HLS 200-10] Running 'D:/Xilinx/Vivado/2019.2/bin/unwrapped/win64.o/apcc.exe'
INFO: [HLS 200-10] For user 'User' on host 'desktop-v5a9ups' (Windows NT_amd64 version 6.2) on Sat Nov 14 12:13:28 +0530 2020
INFO: [HLS 200-10] In directory 'E:/FYP/HLS/MAC_SAP/fyp/solution1/csim/build'
INFO: [APCC 202-3] Tmp directory is apcc_db
INFO: [APCC 202-1] APCC is done.
   Compiling(apcc) ../../../PHY_RXEND_indication_test.c in debug mode
INFO: [HLS 200-10] Running 'D:/Xilinx/Vivado/2019.2/bin/unwrapped/win64.o/apcc.exe'
INFO: [HLS 200-10] For user 'User' on host 'desktop-v5a9ups' (Windows NT_amd64 version 6.2) on Sat Nov 14 12:13:34 +0530 2020
INFO: [HLS 200-10] In directory 'E:/FYP/HLS/MAC_SAP/fyp/solution1/csim/build'
INFO: [APCC 202-3] Tmp directory is apcc_db
INFO: [APCC 202-1] APCC is done.
   Compiling(apcc) ../../../PHY_DATA_indication_test.c in debug mode
INFO: [HLS 200-10] Running 'D:/Xilinx/Vivado/2019.2/bin/unwrapped/win64.o/apcc.exe'
INFO: [HLS 200-10] For user 'User' on host 'desktop-v5a9ups' (Windows NT_amd64 version 6.2) on Sat Nov 14 12:13:39 +0530 2020
INFO: [HLS 200-10] In directory 'E:/FYP/HLS/MAC_SAP/fyp/solution1/csim/build'
INFO: [APCC 202-3] Tmp directory is apcc_db
INFO: [APCC 202-1] APCC is done.
   Compiling(apcc) ../../../PHY_DATA_confirm_test.c in debug mode
INFO: [HLS 200-10] Running 'D:/Xilinx/Vivado/2019.2/bin/unwrapped/win64.o/apcc.exe'
INFO: [HLS 200-10] For user 'User' on host 'desktop-v5a9ups' (Windows NT_amd64 version 6.2) on Sat Nov 14 12:13:44 +0530 2020
INFO: [HLS 200-10] In directory 'E:/FYP/HLS/MAC_SAP/fyp/solution1/csim/build'
INFO: [APCC 202-3] Tmp directory is apcc_db
INFO: [APCC 202-1] APCC is done.
   Compiling(apcc) ../../../PHY_CCA_indication_test.c in debug mode
INFO: [HLS 200-10] Running 'D:/Xilinx/Vivado/2019.2/bin/unwrapped/win64.o/apcc.exe'
INFO: [HLS 200-10] For user 'User' on host 'desktop-v5a9ups' (Windows NT_amd64 version 6.2) on Sat Nov 14 12:13:50 +0530 2020
INFO: [HLS 200-10] In directory 'E:/FYP/HLS/MAC_SAP/fyp/solution1/csim/build'
INFO: [APCC 202-3] Tmp directory is apcc_db
INFO: [APCC 202-1] APCC is done.
   Compiling(apcc) ../../../MA_UNITDATAX_request_test.c in debug mode
INFO: [HLS 200-10] Running 'D:/Xilinx/Vivado/2019.2/bin/unwrapped/win64.o/apcc.exe'
INFO: [HLS 200-10] For user 'User' on host 'desktop-v5a9ups' (Windows NT_amd64 version 6.2) on Sat Nov 14 12:13:55 +0530 2020
INFO: [HLS 200-10] In directory 'E:/FYP/HLS/MAC_SAP/fyp/solution1/csim/build'
INFO: [APCC 202-3] Tmp directory is apcc_db
INFO: [APCC 202-1] APCC is done.
   Compiling(apcc) ../../../MA_UNITDATAX_STATUS_indication_test.c in debug mode
INFO: [HLS 200-10] Running 'D:/Xilinx/Vivado/2019.2/bin/unwrapped/win64.o/apcc.exe'
INFO: [HLS 200-10] For user 'User' on host 'desktop-v5a9ups' (Windows NT_amd64 version 6.2) on Sat Nov 14 12:14:00 +0530 2020
INFO: [HLS 200-10] In directory 'E:/FYP/HLS/MAC_SAP/fyp/solution1/csim/build'
INFO: [APCC 202-3] Tmp directory is apcc_db
INFO: [APCC 202-1] APCC is done.
   Compiling(apcc) ../../../timer.c in debug mode
INFO: [HLS 200-10] Running 'D:/Xilinx/Vivado/2019.2/bin/unwrapped/win64.o/apcc.exe'
INFO: [HLS 200-10] For user 'User' on host 'desktop-v5a9ups' (Windows NT_amd64 version 6.2) on Sat Nov 14 12:14:06 +0530 2020
INFO: [HLS 200-10] In directory 'E:/FYP/HLS/MAC_SAP/fyp/solution1/csim/build'
INFO: [APCC 202-3] Tmp directory is apcc_db
INFO: [APCC 202-1] APCC is done.
   Compiling(apcc) ../../../r_n_g.c in debug mode
INFO: [HLS 200-10] Running 'D:/Xilinx/Vivado/2019.2/bin/unwrapped/win64.o/apcc.exe'
INFO: [HLS 200-10] For user 'User' on host 'desktop-v5a9ups' (Windows NT_amd64 version 6.2) on Sat Nov 14 12:14:11 +0530 2020
INFO: [HLS 200-10] In directory 'E:/FYP/HLS/MAC_SAP/fyp/solution1/csim/build'
INFO: [APCC 202-3] Tmp directory is apcc_db
INFO: [APCC 202-1] APCC is done.
   Compiling(apcc) ../../../mac_layer.c in debug mode
INFO: [HLS 200-10] Running 'D:/Xilinx/Vivado/2019.2/bin/unwrapped/win64.o/apcc.exe'
INFO: [HLS 200-10] For user 'User' on host 'desktop-v5a9ups' (Windows NT_amd64 version 6.2) on Sat Nov 14 12:14:17 +0530 2020
INFO: [HLS 200-10] In directory 'E:/FYP/HLS/MAC_SAP/fyp/solution1/csim/build'
INFO: [APCC 202-3] Tmp directory is apcc_db
INFO: [APCC 202-1] APCC is done.
   Compiling(apcc) ../../../edca.c in debug mode
INFO: [HLS 200-10] Running 'D:/Xilinx/Vivado/2019.2/bin/unwrapped/win64.o/apcc.exe'
INFO: [HLS 200-10] For user 'User' on host 'desktop-v5a9ups' (Windows NT_amd64 version 6.2) on Sat Nov 14 12:14:22 +0530 2020
INFO: [HLS 200-10] In directory 'E:/FYP/HLS/MAC_SAP/fyp/solution1/csim/build'
INFO: [APCC 202-3] Tmp directory is apcc_db
INFO: [APCC 202-1] APCC is done.
   Compiling(apcc) ../../../decompose_mac_frame.c in debug mode
INFO: [HLS 200-10] Running 'D:/Xilinx/Vivado/2019.2/bin/unwrapped/win64.o/apcc.exe'
INFO: [HLS 200-10] For user 'User' on host 'desktop-v5a9ups' (Windows NT_amd64 version 6.2) on Sat Nov 14 12:14:28 +0530 2020
INFO: [HLS 200-10] In directory 'E:/FYP/HLS/MAC_SAP/fyp/solution1/csim/build'
INFO: [APCC 202-3] Tmp directory is apcc_db
INFO: [APCC 202-1] APCC is done.
   Compiling(apcc) ../../../crc_32_validate.c in debug mode
INFO: [HLS 200-10] Running 'D:/Xilinx/Vivado/2019.2/bin/unwrapped/win64.o/apcc.exe'
INFO: [HLS 200-10] For user 'User' on host 'desktop-v5a9ups' (Windows NT_amd64 version 6.2) on Sat Nov 14 12:14:33 +0530 2020
INFO: [HLS 200-10] In directory 'E:/FYP/HLS/MAC_SAP/fyp/solution1/csim/build'
INFO: [APCC 202-3] Tmp directory is apcc_db
INFO: [APCC 202-1] APCC is done.
   Compiling(apcc) ../../../crc_32.c in debug mode
INFO: [HLS 200-10] Running 'D:/Xilinx/Vivado/2019.2/bin/unwrapped/win64.o/apcc.exe'
INFO: [HLS 200-10] For user 'User' on host 'desktop-v5a9ups' (Windows NT_amd64 version 6.2) on Sat Nov 14 12:14:39 +0530 2020
INFO: [HLS 200-10] In directory 'E:/FYP/HLS/MAC_SAP/fyp/solution1/csim/build'
INFO: [APCC 202-3] Tmp directory is apcc_db
INFO: [APCC 202-1] APCC is done.
   Compiling(apcc) ../../../compose_mac_frame.c in debug mode
INFO: [HLS 200-10] Running 'D:/Xilinx/Vivado/2019.2/bin/unwrapped/win64.o/apcc.exe'
INFO: [HLS 200-10] For user 'User' on host 'desktop-v5a9ups' (Windows NT_amd64 version 6.2) on Sat Nov 14 12:14:44 +0530 2020
INFO: [HLS 200-10] In directory 'E:/FYP/HLS/MAC_SAP/fyp/solution1/csim/build'
INFO: [APCC 202-3] Tmp directory is apcc_db
INFO: [APCC 202-1] APCC is done.
   Compiling(apcc) ../../../PHY_TXSTART_request.c in debug mode
INFO: [HLS 200-10] Running 'D:/Xilinx/Vivado/2019.2/bin/unwrapped/win64.o/apcc.exe'
INFO: [HLS 200-10] For user 'User' on host 'desktop-v5a9ups' (Windows NT_amd64 version 6.2) on Sat Nov 14 12:14:50 +0530 2020
INFO: [HLS 200-10] In directory 'E:/FYP/HLS/MAC_SAP/fyp/solution1/csim/build'
INFO: [APCC 202-3] Tmp directory is apcc_db
INFO: [APCC 202-1] APCC is done.
   Compiling(apcc) ../../../PHY_TXSTART_confirm.c in debug mode
INFO: [HLS 200-10] Running 'D:/Xilinx/Vivado/2019.2/bin/unwrapped/win64.o/apcc.exe'
INFO: [HLS 200-10] For user 'User' on host 'desktop-v5a9ups' (Windows NT_amd64 version 6.2) on Sat Nov 14 12:14:55 +0530 2020
INFO: [HLS 200-10] In directory 'E:/FYP/HLS/MAC_SAP/fyp/solution1/csim/build'
INFO: [APCC 202-3] Tmp directory is apcc_db
INFO: [APCC 202-1] APCC is done.
   Compiling(apcc) ../../../PHY_TXEND_request.c in debug mode
INFO: [HLS 200-10] Running 'D:/Xilinx/Vivado/2019.2/bin/unwrapped/win64.o/apcc.exe'
INFO: [HLS 200-10] For user 'User' on host 'desktop-v5a9ups' (Windows NT_amd64 version 6.2) on Sat Nov 14 12:15:00 +0530 2020
INFO: [HLS 200-10] In directory 'E:/FYP/HLS/MAC_SAP/fyp/solution1/csim/build'
INFO: [APCC 202-3] Tmp directory is apcc_db
INFO: [APCC 202-1] APCC is done.
   Compiling(apcc) ../../../PHY_TXEND_confirm.c in debug mode
INFO: [HLS 200-10] Running 'D:/Xilinx/Vivado/2019.2/bin/unwrapped/win64.o/apcc.exe'
INFO: [HLS 200-10] For user 'User' on host 'desktop-v5a9ups' (Windows NT_amd64 version 6.2) on Sat Nov 14 12:15:06 +0530 2020
INFO: [HLS 200-10] In directory 'E:/FYP/HLS/MAC_SAP/fyp/solution1/csim/build'
INFO: [APCC 202-3] Tmp directory is apcc_db
INFO: [APCC 202-1] APCC is done.
   Compiling(apcc) ../../../PHY_RXSTART_indication.c in debug mode
INFO: [HLS 200-10] Running 'D:/Xilinx/Vivado/2019.2/bin/unwrapped/win64.o/apcc.exe'
INFO: [HLS 200-10] For user 'User' on host 'desktop-v5a9ups' (Windows NT_amd64 version 6.2) on Sat Nov 14 12:15:11 +0530 2020
INFO: [HLS 200-10] In directory 'E:/FYP/HLS/MAC_SAP/fyp/solution1/csim/build'
INFO: [APCC 202-3] Tmp directory is apcc_db
INFO: [APCC 202-1] APCC is done.
   Compiling(apcc) ../../../PHY_RXEND_indication.c in debug mode
INFO: [HLS 200-10] Running 'D:/Xilinx/Vivado/2019.2/bin/unwrapped/win64.o/apcc.exe'
INFO: [HLS 200-10] For user 'User' on host 'desktop-v5a9ups' (Windows NT_amd64 version 6.2) on Sat Nov 14 12:15:17 +0530 2020
INFO: [HLS 200-10] In directory 'E:/FYP/HLS/MAC_SAP/fyp/solution1/csim/build'
INFO: [APCC 202-3] Tmp directory is apcc_db
INFO: [APCC 202-1] APCC is done.
   Compiling(apcc) ../../../PHY_DATA_request.c in debug mode
INFO: [HLS 200-10] Running 'D:/Xilinx/Vivado/2019.2/bin/unwrapped/win64.o/apcc.exe'
INFO: [HLS 200-10] For user 'User' on host 'desktop-v5a9ups' (Windows NT_amd64 version 6.2) on Sat Nov 14 12:15:22 +0530 2020
INFO: [HLS 200-10] In directory 'E:/FYP/HLS/MAC_SAP/fyp/solution1/csim/build'
INFO: [APCC 202-3] Tmp directory is apcc_db
INFO: [APCC 202-1] APCC is done.
   Compiling(apcc) ../../../PHY_DATA_indication.c in debug mode
INFO: [HLS 200-10] Running 'D:/Xilinx/Vivado/2019.2/bin/unwrapped/win64.o/apcc.exe'
INFO: [HLS 200-10] For user 'User' on host 'desktop-v5a9ups' (Windows NT_amd64 version 6.2) on Sat Nov 14 12:15:27 +0530 2020
INFO: [HLS 200-10] In directory 'E:/FYP/HLS/MAC_SAP/fyp/solution1/csim/build'
INFO: [APCC 202-3] Tmp directory is apcc_db
INFO: [APCC 202-1] APCC is done.
   Compiling(apcc) ../../../PHY_DATA_confirm.c in debug mode
INFO: [HLS 200-10] Running 'D:/Xilinx/Vivado/2019.2/bin/unwrapped/win64.o/apcc.exe'
INFO: [HLS 200-10] For user 'User' on host 'desktop-v5a9ups' (Windows NT_amd64 version 6.2) on Sat Nov 14 12:15:33 +0530 2020
INFO: [HLS 200-10] In directory 'E:/FYP/HLS/MAC_SAP/fyp/solution1/csim/build'
INFO: [APCC 202-3] Tmp directory is apcc_db
INFO: [APCC 202-1] APCC is done.
   Compiling(apcc) ../../../PHY_CCA_indication.c in debug mode
INFO: [HLS 200-10] Running 'D:/Xilinx/Vivado/2019.2/bin/unwrapped/win64.o/apcc.exe'
INFO: [HLS 200-10] For user 'User' on host 'desktop-v5a9ups' (Windows NT_amd64 version 6.2) on Sat Nov 14 12:15:38 +0530 2020
INFO: [HLS 200-10] In directory 'E:/FYP/HLS/MAC_SAP/fyp/solution1/csim/build'
INFO: [APCC 202-3] Tmp directory is apcc_db
INFO: [APCC 202-1] APCC is done.
   Compiling(apcc) ../../../MA_UNITDATAX_request.c in debug mode
INFO: [HLS 200-10] Running 'D:/Xilinx/Vivado/2019.2/bin/unwrapped/win64.o/apcc.exe'
INFO: [HLS 200-10] For user 'User' on host 'desktop-v5a9ups' (Windows NT_amd64 version 6.2) on Sat Nov 14 12:15:44 +0530 2020
INFO: [HLS 200-10] In directory 'E:/FYP/HLS/MAC_SAP/fyp/solution1/csim/build'
INFO: [APCC 202-3] Tmp directory is apcc_db
INFO: [APCC 202-1] APCC is done.
   Compiling(apcc) ../../../MA_UNITDATAX_STATUS_indication.c in debug mode
INFO: [HLS 200-10] Running 'D:/Xilinx/Vivado/2019.2/bin/unwrapped/win64.o/apcc.exe'
INFO: [HLS 200-10] For user 'User' on host 'desktop-v5a9ups' (Windows NT_amd64 version 6.2) on Sat Nov 14 12:15:49 +0530 2020
INFO: [HLS 200-10] In directory 'E:/FYP/HLS/MAC_SAP/fyp/solution1/csim/build'
INFO: [APCC 202-3] Tmp directory is apcc_db
INFO: [APCC 202-1] APCC is done.
   Generating csim.exe
1
9
139
87
176
92
95
178
87
120
23
169
81
45
79
57
53
6
119
228
15
44
39
176
88
136
178
114
37
40
254
76
158
228
147
117
178
65
241
56
9
149
39
64
58
108
161
18
63
43
66
219
38
243
179
108
8
200
250
131
63
243
78
76
212
164
41
39
55
220
160
255 , 255
171 , 255
188 , 255
205 , 255
222 , 255
239 , 255
INFO: [SIM 1] CSim done with 0 errors.
INFO: [SIM 3] *************** CSIM finish ***************
