INFO: [SIM 2] *************** CSIM start ***************
INFO: [SIM 4] CSIM will launch GCC as the compiler.
   Compiling ../../../compose_mac_frame_test.c in debug mode
   Compiling ../../../compose_mac_header_test.c in debug mode
   Compiling ../../../crc_32_test.c in debug mode
   Compiling ../../../crc_32_validate_test.c in debug mode
   Compiling ../../../decompose_mac_frame_test.c in debug mode
   Compiling ../../../edca_test.c in debug mode
   Compiling ../../../mac_layer_test.c in debug mode
   Compiling ../../../timer_test.c in debug mode
   Compiling ../../../MA_UNITDATAX_request.c in debug mode
   Compiling ../../../compose_mac_frame.c in debug mode
   Compiling ../../../crc_32.c in debug mode
   Compiling ../../../crc_32_validate.c in debug mode
   Compiling ../../../decompose_mac_frame.c in debug mode
   Compiling ../../../edca.c in debug mode
   Compiling ../../../mac_layer.c in debug mode
   Compiling ../../../timer.c in debug mode
   Generating csim.exe
INFO: [SIM 1] CSim file generation done with 0 errors.
INFO: [SIM 3] *************** CSIM finish ***************
