INFO: [SIM 2] *************** CSIM start ***************
INFO: [SIM 4] CSIM will launch GCC as the compiler.
make: 'csim.exe' is up to date.
res: 1, d_rate : 6, tx_pwr : 4
17
0
0
0
255
255
255
255
255
255
255
171
188
205
222
239
255
255
255
255
255
255
0
0
100
0
9
139
87
176
92
95
178
87
120
23
169
81
45
79
57
53
6
119
228
15
44
39
176
88
136
178
114
37
40
254
76
158
228
147
117
178
65
241
56
9
149
39
64
58
108
161
18
63
43
66
219
38
243
179
108
8
200
250
131
63
243
78
76
212
164
41
39
55
220
160
0
103
158
253
INFO: [SIM 1] CSim done with 0 errors.
INFO: [SIM 3] *************** CSIM finish ***************
