INFO: [SIM 2] *************** CSIM start ***************
INFO: [SIM 4] CSIM will launch GCC as the compiler.
   Compiling ../../../MA_UNITDATAX_STATUS_indication_test.c in debug mode
   Compiling ../../../MA_UNITDATAX_request_test.c in debug mode
   Compiling ../../../PHY_CCA_indication_test.c in debug mode
   Compiling ../../../PHY_DATA_confirm_test.c in debug mode
   Compiling ../../../PHY_RXEND_indication_test.c in debug mode
   Compiling ../../../PHY_TXEND_confirm_test.c in debug mode
   Compiling ../../../PHY_TXSTART_confirm_test.c in debug mode
   Compiling ../../../backoff_test.c in debug mode
   Compiling ../../../compose_mac_frame_test.c in debug mode
   Compiling ../../../compose_mac_header_test.c in debug mode
   Compiling ../../../crc_32_test.c in debug mode
   Compiling ../../../crc_32_validate_test.c in debug mode
   Compiling ../../../decompose_mac_frame_test.c in debug mode
   Compiling ../../../edca_test.c in debug mode
   Compiling ../../../mac_layer_test.c in debug mode
   Compiling ../../../r_n_g_test.c in debug mode
   Compiling ../../../slot_boundary_timing_test.c in debug mode
   Compiling ../../../timer_test.c in debug mode
   Compiling ../../../MA_UNITDATAX_STATUS_indication.c in debug mode
   Compiling ../../../MA_UNITDATAX_request.c in debug mode
   Compiling ../../../PHY_CCA_indication.c in debug mode
   Compiling ../../../PHY_DATA_confirm.c in debug mode
   Compiling ../../../PHY_DATA_request.c in debug mode
   Compiling ../../../PHY_RXEND_indication.c in debug mode
   Compiling ../../../PHY_TXEND_confirm.c in debug mode
   Compiling ../../../PHY_TXEND_request.c in debug mode
   Compiling ../../../PHY_TXSTART_confirm.c in debug mode
   Compiling ../../../PHY_TXSTART_request.c in debug mode
   Compiling ../../../compose_mac_frame.c in debug mode
   Compiling ../../../crc_32.c in debug mode
   Compiling ../../../crc_32_validate.c in debug mode
   Compiling ../../../decompose_mac_frame.c in debug mode
   Compiling ../../../edca.c in debug mode
   Compiling ../../../mac_layer.c in debug mode
   Compiling ../../../r_n_g.c in debug mode
   Compiling ../../../timer.c in debug mode
   Generating csim.exe
INFO: [SIM 1] CSim file generation done with 0 errors.
INFO: [SIM 3] *************** CSIM finish ***************
