INFO: [SIM 2] *************** CSIM start ***************
INFO: [SIM 4] CSIM will launch GCC as the compiler.
   Compiling(apcc) ../../../PHY_TXEND_confirm_test.c in debug mode
INFO: [HLS 200-10] Running 'D:/Xilinx/Vivado/2019.2/bin/unwrapped/win64.o/apcc.exe'
INFO: [HLS 200-10] For user 'User' on host 'desktop-v5a9ups' (Windows NT_amd64 version 6.2) on Sat Nov 07 11:31:16 +0530 2020
INFO: [HLS 200-10] In directory 'E:/FYP/HLS/MAC_SAP/fyp/solution1/csim/build'
../../../PHY_TXEND_confirm_test.c:6:2: warning: implicitly declaring library function 'printf' with type 'int (const char *, ...)'
        printf("%d,\n",txe);
        ^
../../../PHY_TXEND_confirm_test.c:6:2: note: please include the header <stdio.h> or explicitly provide a declaration for 'printf'
1 warning generated.
../../../PHY_TXEND_confirm_test.c:6:2: warning: implicitly declaring library function 'printf' with type 'int (const char *, ...)'
        printf("%d,\n",txe);
        ^
../../../PHY_TXEND_confirm_test.c:6:2: note: please include the header <stdio.h> or explicitly provide a declaration for 'printf'
1 warning generated.
INFO: [APCC 202-3] Tmp directory is apcc_db
INFO: [APCC 202-1] APCC is done.
   Compiling(apcc) ../../../PHY_TXEND_confirm.c in debug mode
INFO: [HLS 200-10] Running 'D:/Xilinx/Vivado/2019.2/bin/unwrapped/win64.o/apcc.exe'
INFO: [HLS 200-10] For user 'User' on host 'desktop-v5a9ups' (Windows NT_amd64 version 6.2) on Sat Nov 07 11:31:22 +0530 2020
INFO: [HLS 200-10] In directory 'E:/FYP/HLS/MAC_SAP/fyp/solution1/csim/build'
INFO: [APCC 202-3] Tmp directory is apcc_db
INFO: [APCC 202-1] APCC is done.
   Generating csim.exe
1,
INFO: [SIM 1] CSim done with 0 errors.
INFO: [SIM 3] *************** CSIM finish ***************
